{"/home/sean/Documents/github/ensoJS/src/component.js": {"path":"/home/sean/Documents/github/ensoJS/src/component.js","statementMap":{"0":{"start":{"line":17,"column":25},"end":{"line":21,"column":2}},"1":{"start":{"line":22,"column":26},"end":{"line":22,"column":50}},"2":{"start":{"line":30,"column":19},"end":{"line":30,"column":24}},"3":{"start":{"line":32,"column":12},"end":{"line":32,"column":16}},"4":{"start":{"line":34,"column":23},"end":{"line":34,"column":28}},"5":{"start":{"line":36,"column":12},"end":{"line":36,"column":31}},"6":{"start":{"line":37,"column":10},"end":{"line":37,"column":39}},"7":{"start":{"line":41,"column":8},"end":{"line":41,"column":null}},"8":{"start":{"line":45,"column":8},"end":{"line":45,"column":null}},"9":{"start":{"line":47,"column":8},"end":{"line":52,"column":null}},"10":{"start":{"line":48,"column":12},"end":{"line":51,"column":null}},"11":{"start":{"line":54,"column":8},"end":{"line":54,"column":null}},"12":{"start":{"line":55,"column":8},"end":{"line":55,"column":null}},"13":{"start":{"line":57,"column":8},"end":{"line":57,"column":null}},"14":{"start":{"line":61,"column":17},"end":{"line":61,"column":35}},"15":{"start":{"line":62,"column":22},"end":{"line":62,"column":34}},"16":{"start":{"line":63,"column":23},"end":{"line":63,"column":48}},"17":{"start":{"line":64,"column":20},"end":{"line":64,"column":41}},"18":{"start":{"line":66,"column":24},"end":{"line":66,"column":36}},"19":{"start":{"line":69,"column":19},"end":{"line":69,"column":37}},"20":{"start":{"line":70,"column":18},"end":{"line":70,"column":35}},"21":{"start":{"line":75,"column":8},"end":{"line":75,"column":null}},"22":{"start":{"line":75,"column":31},"end":{"line":75,"column":null}},"23":{"start":{"line":76,"column":8},"end":{"line":76,"column":null}},"24":{"start":{"line":80,"column":27},"end":{"line":80,"column":50}},"25":{"start":{"line":81,"column":8},"end":{"line":85,"column":null}},"26":{"start":{"line":82,"column":12},"end":{"line":84,"column":null}},"27":{"start":{"line":83,"column":16},"end":{"line":83,"column":null}},"28":{"start":{"line":88,"column":8},"end":{"line":90,"column":null}},"29":{"start":{"line":92,"column":8},"end":{"line":94,"column":null}},"30":{"start":{"line":93,"column":11},"end":{"line":93,"column":null}},"31":{"start":{"line":97,"column":8},"end":{"line":97,"column":null}},"32":{"start":{"line":101,"column":8},"end":{"line":101,"column":null}},"33":{"start":{"line":107,"column":8},"end":{"line":107,"column":null}},"34":{"start":{"line":107,"column":35},"end":{"line":107,"column":null}},"35":{"start":{"line":108,"column":20},"end":{"line":108,"column":75}},"36":{"start":{"line":109,"column":8},"end":{"line":109,"column":null}},"37":{"start":{"line":109,"column":44},"end":{"line":109,"column":null}},"38":{"start":{"line":114,"column":22},"end":{"line":114,"column":66}},"39":{"start":{"line":115,"column":8},"end":{"line":115,"column":null}},"40":{"start":{"line":116,"column":8},"end":{"line":116,"column":null}},"41":{"start":{"line":120,"column":21},"end":{"line":120,"column":51}},"42":{"start":{"line":121,"column":22},"end":{"line":121,"column":68}},"43":{"start":{"line":123,"column":8},"end":{"line":126,"column":null}},"44":{"start":{"line":124,"column":12},"end":{"line":125,"column":null}},"45":{"start":{"line":124,"column":32},"end":{"line":124,"column":null}},"46":{"start":{"line":125,"column":17},"end":{"line":125,"column":null}},"47":{"start":{"line":130,"column":8},"end":{"line":133,"column":null}},"48":{"start":{"line":131,"column":12},"end":{"line":131,"column":null}},"49":{"start":{"line":132,"column":12},"end":{"line":132,"column":null}},"50":{"start":{"line":137,"column":8},"end":{"line":137,"column":null}},"51":{"start":{"line":139,"column":8},"end":{"line":139,"column":null}},"52":{"start":{"line":141,"column":8},"end":{"line":141,"column":null}}},"fnMap":{"0":{"name":"(anonymous_0)","decl":{"start":{"line":40,"column":4},"end":{"line":40,"column":17}},"loc":{"start":{"line":40,"column":20},"end":{"line":42,"column":null}},"line":40},"1":{"name":"(anonymous_1)","decl":{"start":{"line":44,"column":4},"end":{"line":44,"column":15}},"loc":{"start":{"line":44,"column":21},"end":{"line":58,"column":null}},"line":44},"2":{"name":"(anonymous_2)","decl":{"start":{"line":61,"column":8},"end":{"line":61,"column":12}},"loc":{"start":{"line":61,"column":15},"end":{"line":61,"column":null}},"line":61},"3":{"name":"(anonymous_3)","decl":{"start":{"line":62,"column":8},"end":{"line":62,"column":17}},"loc":{"start":{"line":62,"column":20},"end":{"line":62,"column":null}},"line":62},"4":{"name":"(anonymous_4)","decl":{"start":{"line":63,"column":8},"end":{"line":63,"column":18}},"loc":{"start":{"line":63,"column":21},"end":{"line":63,"column":null}},"line":63},"5":{"name":"(anonymous_5)","decl":{"start":{"line":64,"column":8},"end":{"line":64,"column":15}},"loc":{"start":{"line":64,"column":18},"end":{"line":64,"column":null}},"line":64},"6":{"name":"(anonymous_6)","decl":{"start":{"line":66,"column":8},"end":{"line":66,"column":19}},"loc":{"start":{"line":66,"column":22},"end":{"line":66,"column":null}},"line":66},"7":{"name":"(anonymous_7)","decl":{"start":{"line":69,"column":9},"end":{"line":69,"column":13}},"loc":{"start":{"line":69,"column":17},"end":{"line":69,"column":null}},"line":69},"8":{"name":"(anonymous_8)","decl":{"start":{"line":70,"column":9},"end":{"line":70,"column":12}},"loc":{"start":{"line":70,"column":16},"end":{"line":70,"column":null}},"line":70},"9":{"name":"(anonymous_9)","decl":{"start":{"line":74,"column":4},"end":{"line":74,"column":21}},"loc":{"start":{"line":74,"column":24},"end":{"line":98,"column":null}},"line":74},"10":{"name":"(anonymous_10)","decl":{"start":{"line":100,"column":4},"end":{"line":100,"column":24}},"loc":{"start":{"line":100,"column":27},"end":{"line":102,"column":null}},"line":100},"11":{"name":"(anonymous_11)","decl":{"start":{"line":106,"column":4},"end":{"line":106,"column":28}},"loc":{"start":{"line":106,"column":59},"end":{"line":110,"column":null}},"line":106},"12":{"name":"(anonymous_12)","decl":{"start":{"line":113,"column":5},"end":{"line":113,"column":20}},"loc":{"start":{"line":113,"column":27},"end":{"line":117,"column":null}},"line":113},"13":{"name":"(anonymous_13)","decl":{"start":{"line":119,"column":4},"end":{"line":119,"column":20}},"loc":{"start":{"line":119,"column":32},"end":{"line":127,"column":null}},"line":119},"14":{"name":"(anonymous_14)","decl":{"start":{"line":129,"column":5},"end":{"line":129,"column":20}},"loc":{"start":{"line":129,"column":24},"end":{"line":134,"column":null}},"line":129},"15":{"name":"(anonymous_15)","decl":{"start":{"line":136,"column":5},"end":{"line":136,"column":11}},"loc":{"start":{"line":136,"column":15},"end":{"line":142,"column":null}},"line":136}},"branchMap":{"0":{"loc":{"start":{"line":41,"column":16},"end":{"line":41,"column":88}},"type":"binary-expr","locations":[{"start":{"line":41,"column":16},"end":{"line":41,"column":31}},{"start":{"line":41,"column":35},"end":{"line":41,"column":88}}],"line":41},"1":{"loc":{"start":{"line":47,"column":8},"end":{"line":52,"column":null}},"type":"if","locations":[{"start":{"line":47,"column":8},"end":{"line":52,"column":null}},{"start":{},"end":{}}],"line":47},"2":{"loc":{"start":{"line":57,"column":21},"end":{"line":57,"column":74}},"type":"cond-expr","locations":[{"start":{"line":57,"column":47},"end":{"line":57,"column":67}},{"start":{"line":57,"column":70},"end":{"line":57,"column":74}}],"line":57},"3":{"loc":{"start":{"line":75,"column":8},"end":{"line":75,"column":null}},"type":"if","locations":[{"start":{"line":75,"column":8},"end":{"line":75,"column":null}},{"start":{},"end":{}}],"line":75},"4":{"loc":{"start":{"line":82,"column":12},"end":{"line":84,"column":null}},"type":"if","locations":[{"start":{"line":82,"column":12},"end":{"line":84,"column":null}},{"start":{},"end":{}}],"line":82},"5":{"loc":{"start":{"line":92,"column":8},"end":{"line":94,"column":null}},"type":"if","locations":[{"start":{"line":92,"column":8},"end":{"line":94,"column":null}},{"start":{},"end":{}}],"line":92},"6":{"loc":{"start":{"line":107,"column":8},"end":{"line":107,"column":null}},"type":"if","locations":[{"start":{"line":107,"column":8},"end":{"line":107,"column":null}},{"start":{},"end":{}}],"line":107},"7":{"loc":{"start":{"line":109,"column":8},"end":{"line":109,"column":null}},"type":"if","locations":[{"start":{"line":109,"column":8},"end":{"line":109,"column":null}},{"start":{},"end":{}}],"line":109},"8":{"loc":{"start":{"line":123,"column":8},"end":{"line":126,"column":null}},"type":"if","locations":[{"start":{"line":123,"column":8},"end":{"line":126,"column":null}},{"start":{},"end":{}}],"line":123},"9":{"loc":{"start":{"line":124,"column":12},"end":{"line":125,"column":null}},"type":"if","locations":[{"start":{"line":124,"column":12},"end":{"line":125,"column":null}},{"start":{"line":125,"column":17},"end":{"line":125,"column":null}}],"line":124},"10":{"loc":{"start":{"line":130,"column":8},"end":{"line":133,"column":null}},"type":"if","locations":[{"start":{"line":130,"column":8},"end":{"line":133,"column":null}},{"start":{},"end":{}}],"line":130}},"s":{"0":23,"1":23,"2":51,"3":51,"4":51,"5":51,"6":51,"7":49,"8":51,"9":51,"10":1,"11":50,"12":50,"13":50,"14":36,"15":144,"16":13,"17":292,"18":19,"19":92,"20":117,"21":51,"22":1,"23":50,"24":50,"25":50,"26":12,"27":10,"28":50,"29":50,"30":3,"31":50,"32":40,"33":24,"34":1,"35":23,"36":23,"37":5,"38":50,"39":50,"40":50,"41":22,"42":22,"43":22,"44":19,"45":4,"46":15,"47":206,"48":37,"49":37,"50":85,"51":85,"52":85},"f":{"0":49,"1":51,"2":36,"3":144,"4":13,"5":292,"6":19,"7":92,"8":117,"9":51,"10":40,"11":24,"12":50,"13":22,"14":206,"15":85},"b":{"0":[49,49],"1":[1,50],"2":[49,1],"3":[1,50],"4":[10,2],"5":[3,47],"6":[1,23],"7":[5,18],"8":[19,3],"9":[4,15],"10":[37,169]},"meta":{"lastBranch":11,"lastFunction":16,"lastStatement":53,"seen":{"s:17:25:21:2":0,"s:22:26:22:50":1,"s:30:19:30:24":2,"s:32:12:32:16":3,"s:34:23:34:28":4,"s:36:12:36:31":5,"s:37:10:37:39":6,"f:40:4:40:17":0,"s:41:8:41:Infinity":7,"b:41:16:41:31:41:35:41:88":0,"f:44:4:44:15":1,"s:45:8:45:Infinity":8,"b:47:8:52:Infinity:undefined:undefined:undefined:undefined":1,"s:47:8:52:Infinity":9,"s:48:12:51:Infinity":10,"s:54:8:54:Infinity":11,"s:55:8:55:Infinity":12,"s:57:8:57:Infinity":13,"b:57:47:57:67:57:70:57:74":2,"f:61:8:61:12":2,"s:61:17:61:35":14,"f:62:8:62:17":3,"s:62:22:62:34":15,"f:63:8:63:18":4,"s:63:23:63:48":16,"f:64:8:64:15":5,"s:64:20:64:41":17,"f:66:8:66:19":6,"s:66:24:66:36":18,"f:69:9:69:13":7,"s:69:19:69:37":19,"f:70:9:70:12":8,"s:70:18:70:35":20,"f:74:4:74:21":9,"b:75:8:75:Infinity:undefined:undefined:undefined:undefined":3,"s:75:8:75:Infinity":21,"s:75:31:75:Infinity":22,"s:76:8:76:Infinity":23,"s:80:27:80:50":24,"s:81:8:85:Infinity":25,"b:82:12:84:Infinity:undefined:undefined:undefined:undefined":4,"s:82:12:84:Infinity":26,"s:83:16:83:Infinity":27,"s:88:8:90:Infinity":28,"b:92:8:94:Infinity:undefined:undefined:undefined:undefined":5,"s:92:8:94:Infinity":29,"s:93:11:93:Infinity":30,"s:97:8:97:Infinity":31,"f:100:4:100:24":10,"s:101:8:101:Infinity":32,"f:106:4:106:28":11,"b:107:8:107:Infinity:undefined:undefined:undefined:undefined":6,"s:107:8:107:Infinity":33,"s:107:35:107:Infinity":34,"s:108:20:108:75":35,"b:109:8:109:Infinity:undefined:undefined:undefined:undefined":7,"s:109:8:109:Infinity":36,"s:109:44:109:Infinity":37,"f:113:5:113:20":12,"s:114:22:114:66":38,"s:115:8:115:Infinity":39,"s:116:8:116:Infinity":40,"f:119:4:119:20":13,"s:120:21:120:51":41,"s:121:22:121:68":42,"b:123:8:126:Infinity:undefined:undefined:undefined:undefined":8,"s:123:8:126:Infinity":43,"b:124:12:125:Infinity:125:17:125:Infinity":9,"s:124:12:125:Infinity":44,"s:124:32:124:Infinity":45,"s:125:17:125:Infinity":46,"f:129:5:129:20":14,"b:130:8:133:Infinity:undefined:undefined:undefined:undefined":10,"s:130:8:133:Infinity":47,"s:131:12:131:Infinity":48,"s:132:12:132:Infinity":49,"f:136:5:136:11":15,"s:137:8:137:Infinity":50,"s:139:8:139:Infinity":51,"s:141:8:141:Infinity":52}}}
,"/home/sean/Documents/github/ensoJS/src/enso.js": {"path":"/home/sean/Documents/github/ensoJS/src/enso.js","statementMap":{"0":{"start":{"line":12,"column":20},"end":{"line":14,"column":4}},"1":{"start":{"line":13,"column":4},"end":{"line":13,"column":null}}},"fnMap":{"0":{"name":"(anonymous_0)","decl":{"start":{"line":12,"column":21},"end":{"line":12,"column":22}},"loc":{"start":{"line":12,"column":25},"end":{"line":14,"column":1}},"line":12}},"branchMap":{},"s":{"0":13,"1":13},"f":{"0":13},"b":{},"meta":{"lastBranch":0,"lastFunction":1,"lastStatement":2,"seen":{"s:12:20:14:4":0,"f:12:21:12:22":0,"s:13:4:13:Infinity":1}}}
,"/home/sean/Documents/github/ensoJS/src/core/api.js": {"path":"/home/sean/Documents/github/ensoJS/src/core/api.js","statementMap":{"0":{"start":{"line":13,"column":24},"end":{"line":18,"column":2}},"1":{"start":{"line":13,"column":45},"end":{"line":18,"column":1}},"2":{"start":{"line":20,"column":19},"end":{"line":94,"column":1}},"3":{"start":{"line":52,"column":13},"end":{"line":52,"column":null}},"4":{"start":{"line":54,"column":8},"end":{"line":59,"column":null}},"5":{"start":{"line":55,"column":12},"end":{"line":58,"column":null}},"6":{"start":{"line":61,"column":24},"end":{"line":61,"column":44}},"7":{"start":{"line":62,"column":25},"end":{"line":62,"column":64}},"8":{"start":{"line":65,"column":29},"end":{"line":65,"column":62}},"9":{"start":{"line":67,"column":8},"end":{"line":67,"column":null}},"10":{"start":{"line":67,"column":46},"end":{"line":67,"column":null}},"11":{"start":{"line":69,"column":8},"end":{"line":72,"column":null}},"12":{"start":{"line":70,"column":44},"end":{"line":70,"column":69}},"13":{"start":{"line":71,"column":38},"end":{"line":71,"column":58}},"14":{"start":{"line":74,"column":8},"end":{"line":80,"column":null}},"15":{"start":{"line":75,"column":44},"end":{"line":75,"column":69}},"16":{"start":{"line":76,"column":34},"end":{"line":76,"column":50}},"17":{"start":{"line":77,"column":34},"end":{"line":77,"column":50}},"18":{"start":{"line":78,"column":32},"end":{"line":78,"column":46}},"19":{"start":{"line":79,"column":32},"end":{"line":79,"column":46}},"20":{"start":{"line":83,"column":8},"end":{"line":83,"column":null}},"21":{"start":{"line":84,"column":8},"end":{"line":84,"column":null}}},"fnMap":{"0":{"name":"(anonymous_0)","decl":{"start":{"line":13,"column":24},"end":{"line":13,"column":25}},"loc":{"start":{"line":13,"column":45},"end":{"line":18,"column":1}},"line":13},"1":{"name":"(anonymous_1)","decl":{"start":{"line":45,"column":4},"end":{"line":45,"column":13}},"loc":{"start":{"line":52,"column":11},"end":{"line":85,"column":5}},"line":52},"2":{"name":"(anonymous_2)","decl":{"start":{"line":70,"column":36},"end":{"line":70,"column":39}},"loc":{"start":{"line":70,"column":42},"end":{"line":70,"column":71}},"line":70},"3":{"name":"(anonymous_3)","decl":{"start":{"line":71,"column":30},"end":{"line":71,"column":33}},"loc":{"start":{"line":71,"column":36},"end":{"line":71,"column":60}},"line":71},"4":{"name":"(anonymous_4)","decl":{"start":{"line":75,"column":36},"end":{"line":75,"column":39}},"loc":{"start":{"line":75,"column":42},"end":{"line":75,"column":71}},"line":75},"5":{"name":"(anonymous_5)","decl":{"start":{"line":76,"column":26},"end":{"line":76,"column":29}},"loc":{"start":{"line":76,"column":32},"end":{"line":76,"column":52}},"line":76},"6":{"name":"(anonymous_6)","decl":{"start":{"line":77,"column":26},"end":{"line":77,"column":29}},"loc":{"start":{"line":77,"column":32},"end":{"line":77,"column":52}},"line":77},"7":{"name":"(anonymous_7)","decl":{"start":{"line":78,"column":24},"end":{"line":78,"column":27}},"loc":{"start":{"line":78,"column":30},"end":{"line":78,"column":48}},"line":78},"8":{"name":"(anonymous_8)","decl":{"start":{"line":79,"column":24},"end":{"line":79,"column":27}},"loc":{"start":{"line":79,"column":30},"end":{"line":79,"column":48}},"line":79},"9":{"name":"(anonymous_9)","decl":{"start":{"line":87,"column":4},"end":{"line":87,"column":20}},"loc":{"start":{"line":87,"column":29},"end":{"line":89,"column":5}},"line":87},"10":{"name":"(anonymous_10)","decl":{"start":{"line":91,"column":4},"end":{"line":91,"column":19}},"loc":{"start":{"line":91,"column":28},"end":{"line":93,"column":null}},"line":91}},"branchMap":{"0":{"loc":{"start":{"line":13,"column":25},"end":{"line":13,"column":39}},"type":"default-arg","locations":[{"start":{"line":13,"column":37},"end":{"line":13,"column":39}}],"line":13},"1":{"loc":{"start":{"line":47,"column":12},"end":{"line":47,"column":23}},"type":"default-arg","locations":[{"start":{"line":47,"column":19},"end":{"line":47,"column":23}}],"line":47},"2":{"loc":{"start":{"line":48,"column":12},"end":{"line":48,"column":21}},"type":"default-arg","locations":[{"start":{"line":48,"column":19},"end":{"line":48,"column":21}}],"line":48},"3":{"loc":{"start":{"line":49,"column":12},"end":{"line":49,"column":22}},"type":"default-arg","locations":[{"start":{"line":49,"column":20},"end":{"line":49,"column":22}}],"line":49},"4":{"loc":{"start":{"line":50,"column":12},"end":{"line":50,"column":23}},"type":"default-arg","locations":[{"start":{"line":50,"column":19},"end":{"line":50,"column":23}}],"line":50},"5":{"loc":{"start":{"line":51,"column":12},"end":{"line":51,"column":null}},"type":"default-arg","locations":[{"start":{"line":51,"column":21},"end":{"line":51,"column":null}}],"line":51},"6":{"loc":{"start":{"line":54,"column":8},"end":{"line":59,"column":null}},"type":"if","locations":[{"start":{"line":54,"column":8},"end":{"line":59,"column":null}},{"start":{},"end":{}}],"line":54},"7":{"loc":{"start":{"line":67,"column":8},"end":{"line":67,"column":null}},"type":"if","locations":[{"start":{"line":67,"column":8},"end":{"line":67,"column":null}},{"start":{},"end":{}}],"line":67},"8":{"loc":{"start":{"line":67,"column":12},"end":{"line":67,"column":44}},"type":"binary-expr","locations":[{"start":{"line":67,"column":12},"end":{"line":67,"column":18}},{"start":{"line":67,"column":22},"end":{"line":67,"column":44}}],"line":67}},"s":{"0":13,"1":26,"2":13,"3":26,"4":26,"5":1,"6":25,"7":25,"8":25,"9":25,"10":2,"11":25,"12":23,"13":50,"14":25,"15":50,"16":99,"17":100,"18":53,"19":50,"20":25,"21":25},"f":{"0":26,"1":26,"2":23,"3":50,"4":50,"5":99,"6":100,"7":53,"8":50,"9":0,"10":0},"b":{"0":[26],"1":[26],"2":[26],"3":[26],"4":[26],"5":[26],"6":[1,25],"7":[2,23],"8":[25,3]},"meta":{"lastBranch":9,"lastFunction":11,"lastStatement":22,"seen":{"s:13:24:18:2":0,"f:13:24:13:25":0,"s:13:45:18:1":1,"b:13:37:13:39":0,"s:20:19:94:1":2,"f:45:4:45:13":1,"b:47:19:47:23":1,"b:48:19:48:21":2,"b:49:20:49:22":3,"b:50:19:50:23":4,"b:51:21:51:Infinity":5,"s:52:13:52:Infinity":3,"b:54:8:59:Infinity:undefined:undefined:undefined:undefined":6,"s:54:8:59:Infinity":4,"s:55:12:58:Infinity":5,"s:61:24:61:44":6,"s:62:25:62:64":7,"s:65:29:65:62":8,"b:67:8:67:Infinity:undefined:undefined:undefined:undefined":7,"s:67:8:67:Infinity":9,"b:67:12:67:18:67:22:67:44":8,"s:67:46:67:Infinity":10,"s:69:8:72:Infinity":11,"f:70:36:70:39":2,"s:70:44:70:69":12,"f:71:30:71:33":3,"s:71:38:71:58":13,"s:74:8:80:Infinity":14,"f:75:36:75:39":4,"s:75:44:75:69":15,"f:76:26:76:29":5,"s:76:34:76:50":16,"f:77:26:77:29":6,"s:77:34:77:50":17,"f:78:24:78:27":7,"s:78:32:78:46":18,"f:79:24:79:27":8,"s:79:32:79:46":19,"s:83:8:83:Infinity":20,"s:84:8:84:Infinity":21,"f:87:4:87:20":9,"f:91:4:91:19":10}}}
,"/home/sean/Documents/github/ensoJS/src/core/components.js": {"path":"/home/sean/Documents/github/ensoJS/src/core/components.js","statementMap":{"0":{"start":{"line":15,"column":31},"end":{"line":34,"column":1}},"1":{"start":{"line":16,"column":22},"end":{"line":16,"column":84}},"2":{"start":{"line":16,"column":59},"end":{"line":16,"column":80}},"3":{"start":{"line":19,"column":4},"end":{"line":19,"column":null}},"4":{"start":{"line":19,"column":16},"end":{"line":19,"column":null}},"5":{"start":{"line":22,"column":18},"end":{"line":22,"column":30}},"6":{"start":{"line":23,"column":4},"end":{"line":25,"column":null}},"7":{"start":{"line":24,"column":8},"end":{"line":24,"column":null}},"8":{"start":{"line":28,"column":24},"end":{"line":28,"column":63}},"9":{"start":{"line":29,"column":4},"end":{"line":31,"column":null}},"10":{"start":{"line":30,"column":8},"end":{"line":30,"column":null}},"11":{"start":{"line":33,"column":4},"end":{"line":33,"column":null}},"12":{"start":{"line":37,"column":24},"end":{"line":109,"column":1}},"13":{"start":{"line":38,"column":4},"end":{"line":108,"column":null}},"14":{"start":{"line":40,"column":20},"end":{"line":40,"column":29}},"15":{"start":{"line":41,"column":20},"end":{"line":41,"column":22}},"16":{"start":{"line":44,"column":12},"end":{"line":44,"column":null}},"17":{"start":{"line":45,"column":12},"end":{"line":45,"column":null}},"18":{"start":{"line":46,"column":12},"end":{"line":46,"column":null}},"19":{"start":{"line":49,"column":28},"end":{"line":49,"column":41}},"20":{"start":{"line":52,"column":27},"end":{"line":52,"column":49}},"21":{"start":{"line":53,"column":35},"end":{"line":53,"column":61}},"22":{"start":{"line":54,"column":28},"end":{"line":54,"column":50}},"23":{"start":{"line":55,"column":27},"end":{"line":55,"column":49}},"24":{"start":{"line":58,"column":12},"end":{"line":58,"column":null}},"25":{"start":{"line":61,"column":30},"end":{"line":61,"column":62}},"26":{"start":{"line":63,"column":28},"end":{"line":63,"column":51}},"27":{"start":{"line":64,"column":12},"end":{"line":67,"column":null}},"28":{"start":{"line":65,"column":16},"end":{"line":65,"column":null}},"29":{"start":{"line":66,"column":16},"end":{"line":66,"column":null}},"30":{"start":{"line":71,"column":12},"end":{"line":71,"column":null}},"31":{"start":{"line":75,"column":25},"end":{"line":75,"column":49}},"32":{"start":{"line":76,"column":12},"end":{"line":83,"column":null}},"33":{"start":{"line":77,"column":16},"end":{"line":77,"column":null}},"34":{"start":{"line":79,"column":16},"end":{"line":81,"column":null}},"35":{"start":{"line":80,"column":20},"end":{"line":80,"column":null}},"36":{"start":{"line":82,"column":16},"end":{"line":82,"column":null}},"37":{"start":{"line":85,"column":12},"end":{"line":87,"column":null}},"38":{"start":{"line":86,"column":16},"end":{"line":86,"column":null}},"39":{"start":{"line":92,"column":12},"end":{"line":94,"column":null}},"40":{"start":{"line":93,"column":16},"end":{"line":93,"column":null}},"41":{"start":{"line":95,"column":12},"end":{"line":95,"column":null}},"42":{"start":{"line":98,"column":12},"end":{"line":100,"column":null}},"43":{"start":{"line":99,"column":16},"end":{"line":99,"column":null}},"44":{"start":{"line":103,"column":29},"end":{"line":103,"column":48}},"45":{"start":{"line":104,"column":12},"end":{"line":106,"column":null}},"46":{"start":{"line":105,"column":16},"end":{"line":105,"column":null}}},"fnMap":{"0":{"name":"(anonymous_0)","decl":{"start":{"line":15,"column":31},"end":{"line":15,"column":32}},"loc":{"start":{"line":15,"column":48},"end":{"line":34,"column":1}},"line":15},"1":{"name":"(anonymous_1)","decl":{"start":{"line":16,"column":43},"end":{"line":16,"column":54}},"loc":{"start":{"line":16,"column":57},"end":{"line":16,"column":82}},"line":16},"2":{"name":"(anonymous_2)","decl":{"start":{"line":37,"column":24},"end":{"line":37,"column":25}},"loc":{"start":{"line":37,"column":43},"end":{"line":109,"column":1}},"line":37},"3":{"name":"(anonymous_3)","decl":{"start":{"line":43,"column":8},"end":{"line":43,"column":19}},"loc":{"start":{"line":43,"column":22},"end":{"line":47,"column":null}},"line":43},"4":{"name":"(anonymous_4)","decl":{"start":{"line":49,"column":12},"end":{"line":49,"column":23}},"loc":{"start":{"line":49,"column":26},"end":{"line":49,"column":null}},"line":49},"5":{"name":"(anonymous_5)","decl":{"start":{"line":52,"column":13},"end":{"line":52,"column":21}},"loc":{"start":{"line":52,"column":25},"end":{"line":52,"column":null}},"line":52},"6":{"name":"(anonymous_6)","decl":{"start":{"line":53,"column":13},"end":{"line":53,"column":21}},"loc":{"start":{"line":53,"column":33},"end":{"line":53,"column":null}},"line":53},"7":{"name":"(anonymous_7)","decl":{"start":{"line":54,"column":13},"end":{"line":54,"column":22}},"loc":{"start":{"line":54,"column":26},"end":{"line":54,"column":null}},"line":54},"8":{"name":"(anonymous_8)","decl":{"start":{"line":55,"column":13},"end":{"line":55,"column":21}},"loc":{"start":{"line":55,"column":25},"end":{"line":55,"column":null}},"line":55},"9":{"name":"(anonymous_9)","decl":{"start":{"line":57,"column":9},"end":{"line":57,"column":18}},"loc":{"start":{"line":57,"column":30},"end":{"line":59,"column":null}},"line":57},"10":{"name":"(anonymous_10)","decl":{"start":{"line":61,"column":9},"end":{"line":61,"column":20}},"loc":{"start":{"line":61,"column":28},"end":{"line":61,"column":null}},"line":61},"11":{"name":"(anonymous_11)","decl":{"start":{"line":62,"column":9},"end":{"line":62,"column":20}},"loc":{"start":{"line":62,"column":36},"end":{"line":68,"column":null}},"line":62},"12":{"name":"(anonymous_12)","decl":{"start":{"line":70,"column":9},"end":{"line":70,"column":24}},"loc":{"start":{"line":70,"column":34},"end":{"line":72,"column":null}},"line":70},"13":{"name":"(anonymous_13)","decl":{"start":{"line":74,"column":9},"end":{"line":74,"column":21}},"loc":{"start":{"line":74,"column":29},"end":{"line":88,"column":null}},"line":74},"14":{"name":"(anonymous_14)","decl":{"start":{"line":90,"column":9},"end":{"line":90,"column":15}},"loc":{"start":{"line":90,"column":19},"end":{"line":107,"column":null}},"line":90}},"branchMap":{"0":{"loc":{"start":{"line":19,"column":4},"end":{"line":19,"column":null}},"type":"if","locations":[{"start":{"line":19,"column":4},"end":{"line":19,"column":null}},{"start":{},"end":{}}],"line":19},"1":{"loc":{"start":{"line":23,"column":4},"end":{"line":25,"column":null}},"type":"if","locations":[{"start":{"line":23,"column":4},"end":{"line":25,"column":null}},{"start":{},"end":{}}],"line":23},"2":{"loc":{"start":{"line":37,"column":25},"end":{"line":37,"column":38}},"type":"default-arg","locations":[{"start":{"line":37,"column":32},"end":{"line":37,"column":38}}],"line":37},"3":{"loc":{"start":{"line":64,"column":12},"end":{"line":67,"column":null}},"type":"if","locations":[{"start":{"line":64,"column":12},"end":{"line":67,"column":null}},{"start":{},"end":{}}],"line":64},"4":{"loc":{"start":{"line":76,"column":12},"end":{"line":83,"column":null}},"type":"if","locations":[{"start":{"line":76,"column":12},"end":{"line":83,"column":null}},{"start":{},"end":{}}],"line":76},"5":{"loc":{"start":{"line":76,"column":16},"end":{"line":76,"column":37}},"type":"binary-expr","locations":[{"start":{"line":76,"column":16},"end":{"line":76,"column":20}},{"start":{"line":76,"column":24},"end":{"line":76,"column":37}}],"line":76}},"s":{"0":27,"1":30,"2":53,"3":30,"4":23,"5":7,"6":7,"7":2,"8":5,"9":5,"10":9,"11":5,"12":27,"13":51,"14":303,"15":303,"16":303,"17":303,"18":303,"19":1,"20":250,"21":301,"22":7,"23":126,"24":240,"25":362,"26":362,"27":362,"28":361,"29":361,"30":417,"31":220,"32":220,"33":208,"34":208,"35":57,"36":208,"37":220,"38":169,"39":900,"40":340,"41":900,"42":900,"43":3765,"44":900,"45":900,"46":580},"f":{"0":30,"1":53,"2":51,"3":303,"4":1,"5":250,"6":301,"7":7,"8":126,"9":240,"10":362,"11":362,"12":417,"13":220,"14":900},"b":{"0":[23,7],"1":[2,5],"2":[51],"3":[361,1],"4":[208,12],"5":[220,219]},"meta":{"lastBranch":6,"lastFunction":15,"lastStatement":47,"seen":{"s:15:31:34:1":0,"f:15:31:15:32":0,"s:16:22:16:84":1,"f:16:43:16:54":1,"s:16:59:16:80":2,"b:19:4:19:Infinity:undefined:undefined:undefined:undefined":0,"s:19:4:19:Infinity":3,"s:19:16:19:Infinity":4,"s:22:18:22:30":5,"b:23:4:25:Infinity:undefined:undefined:undefined:undefined":1,"s:23:4:25:Infinity":6,"s:24:8:24:Infinity":7,"s:28:24:28:63":8,"s:29:4:31:Infinity":9,"s:30:8:30:Infinity":10,"s:33:4:33:Infinity":11,"s:37:24:109:1":12,"f:37:24:37:25":2,"b:37:32:37:38":2,"s:38:4:108:Infinity":13,"s:40:20:40:29":14,"s:41:20:41:22":15,"f:43:8:43:19":3,"s:44:12:44:Infinity":16,"s:45:12:45:Infinity":17,"s:46:12:46:Infinity":18,"f:49:12:49:23":4,"s:49:28:49:41":19,"f:52:13:52:21":5,"s:52:27:52:49":20,"f:53:13:53:21":6,"s:53:35:53:61":21,"f:54:13:54:22":7,"s:54:28:54:50":22,"f:55:13:55:21":8,"s:55:27:55:49":23,"f:57:9:57:18":9,"s:58:12:58:Infinity":24,"f:61:9:61:20":10,"s:61:30:61:62":25,"f:62:9:62:20":11,"s:63:28:63:51":26,"b:64:12:67:Infinity:undefined:undefined:undefined:undefined":3,"s:64:12:67:Infinity":27,"s:65:16:65:Infinity":28,"s:66:16:66:Infinity":29,"f:70:9:70:24":12,"s:71:12:71:Infinity":30,"f:74:9:74:21":13,"s:75:25:75:49":31,"b:76:12:83:Infinity:undefined:undefined:undefined:undefined":4,"s:76:12:83:Infinity":32,"b:76:16:76:20:76:24:76:37":5,"s:77:16:77:Infinity":33,"s:79:16:81:Infinity":34,"s:80:20:80:Infinity":35,"s:82:16:82:Infinity":36,"s:85:12:87:Infinity":37,"s:86:16:86:Infinity":38,"f:90:9:90:15":14,"s:92:12:94:Infinity":39,"s:93:16:93:Infinity":40,"s:95:12:95:Infinity":41,"s:98:12:100:Infinity":42,"s:99:16:99:Infinity":43,"s:103:29:103:48":44,"s:104:12:106:Infinity":45,"s:105:16:105:Infinity":46}}}
,"/home/sean/Documents/github/ensoJS/src/core/effects.js": {"path":"/home/sean/Documents/github/ensoJS/src/core/effects.js","statementMap":{"0":{"start":{"line":6,"column":16},"end":{"line":6,"column":82}},"1":{"start":{"line":6,"column":21},"end":{"line":6,"column":82}},"2":{"start":{"line":7,"column":14},"end":{"line":15,"column":1}},"3":{"start":{"line":8,"column":17},"end":{"line":8,"column":22}},"4":{"start":{"line":9,"column":16},"end":{"line":13,"column":10}},"5":{"start":{"line":10,"column":22},"end":{"line":10,"column":31}},"6":{"start":{"line":11,"column":8},"end":{"line":11,"column":null}},"7":{"start":{"line":11,"column":28},"end":{"line":11,"column":null}},"8":{"start":{"line":12,"column":8},"end":{"line":12,"column":null}},"9":{"start":{"line":14,"column":4},"end":{"line":14,"column":null}},"10":{"start":{"line":18,"column":20},"end":{"line":20,"column":2}},"11":{"start":{"line":21,"column":16},"end":{"line":21,"column":54}},"12":{"start":{"line":29,"column":31},"end":{"line":35,"column":1}},"13":{"start":{"line":30,"column":4},"end":{"line":34,"column":null}},"14":{"start":{"line":42,"column":28},"end":{"line":48,"column":1}},"15":{"start":{"line":44,"column":4},"end":{"line":47,"column":null}},"16":{"start":{"line":51,"column":27},"end":{"line":62,"column":1}},"17":{"start":{"line":53,"column":4},"end":{"line":61,"column":null}},"18":{"start":{"line":64,"column":21},"end":{"line":72,"column":1}},"19":{"start":{"line":65,"column":17},"end":{"line":65,"column":41}},"20":{"start":{"line":66,"column":4},"end":{"line":71,"column":null}},"21":{"start":{"line":67,"column":8},"end":{"line":67,"column":null}},"22":{"start":{"line":69,"column":8},"end":{"line":69,"column":null}},"23":{"start":{"line":70,"column":8},"end":{"line":70,"column":null}},"24":{"start":{"line":70,"column":21},"end":{"line":70,"column":49}},"25":{"start":{"line":78,"column":8},"end":{"line":78,"column":null}},"26":{"start":{"line":79,"column":8},"end":{"line":84,"column":null}},"27":{"start":{"line":80,"column":12},"end":{"line":80,"column":null}},"28":{"start":{"line":82,"column":12},"end":{"line":82,"column":null}},"29":{"start":{"line":83,"column":12},"end":{"line":83,"column":null}},"30":{"start":{"line":87,"column":20},"end":{"line":87,"column":41}},"31":{"start":{"line":88,"column":19},"end":{"line":88,"column":39}},"32":{"start":{"line":91,"column":8},"end":{"line":96,"column":null}},"33":{"start":{"line":92,"column":12},"end":{"line":92,"column":null}},"34":{"start":{"line":94,"column":12},"end":{"line":94,"column":null}},"35":{"start":{"line":95,"column":12},"end":{"line":95,"column":null}},"36":{"start":{"line":104,"column":8},"end":{"line":104,"column":null}},"37":{"start":{"line":105,"column":8},"end":{"line":105,"column":null}},"38":{"start":{"line":106,"column":8},"end":{"line":106,"column":null}},"39":{"start":{"line":107,"column":8},"end":{"line":107,"column":null}},"40":{"start":{"line":110,"column":17},"end":{"line":110,"column":35}},"41":{"start":{"line":111,"column":17},"end":{"line":111,"column":35}},"42":{"start":{"line":114,"column":8},"end":{"line":116,"column":null}},"43":{"start":{"line":120,"column":42},"end":{"line":120,"column":48}},"44":{"start":{"line":121,"column":19},"end":{"line":121,"column":50}},"45":{"start":{"line":122,"column":8},"end":{"line":126,"column":null}},"46":{"start":{"line":123,"column":12},"end":{"line":125,"column":null}},"47":{"start":{"line":127,"column":8},"end":{"line":127,"column":null}}},"fnMap":{"0":{"name":"(anonymous_0)","decl":{"start":{"line":6,"column":16},"end":{"line":6,"column":17}},"loc":{"start":{"line":6,"column":21},"end":{"line":6,"column":82}},"line":6},"1":{"name":"(anonymous_1)","decl":{"start":{"line":7,"column":14},"end":{"line":7,"column":15}},"loc":{"start":{"line":7,"column":38},"end":{"line":15,"column":1}},"line":7},"2":{"name":"(anonymous_2)","decl":{"start":{"line":9,"column":31},"end":{"line":9,"column":32}},"loc":{"start":{"line":9,"column":42},"end":{"line":13,"column":5}},"line":9},"3":{"name":"(anonymous_3)","decl":{"start":{"line":29,"column":31},"end":{"line":29,"column":32}},"loc":{"start":{"line":30,"column":4},"end":{"line":34,"column":null}},"line":30},"4":{"name":"(anonymous_4)","decl":{"start":{"line":42,"column":28},"end":{"line":42,"column":33}},"loc":{"start":{"line":44,"column":4},"end":{"line":47,"column":null}},"line":44},"5":{"name":"(anonymous_5)","decl":{"start":{"line":51,"column":27},"end":{"line":51,"column":31}},"loc":{"start":{"line":53,"column":4},"end":{"line":61,"column":null}},"line":53},"6":{"name":"(anonymous_6)","decl":{"start":{"line":64,"column":21},"end":{"line":64,"column":25}},"loc":{"start":{"line":64,"column":29},"end":{"line":72,"column":1}},"line":64},"7":{"name":"(anonymous_7)","decl":{"start":{"line":70,"column":15},"end":{"line":70,"column":16}},"loc":{"start":{"line":70,"column":21},"end":{"line":70,"column":49}},"line":70},"8":{"name":"(anonymous_8)","decl":{"start":{"line":70,"column":21},"end":{"line":70,"column":22}},"loc":{"start":{"line":70,"column":27},"end":{"line":70,"column":49}},"line":70},"9":{"name":"(anonymous_9)","decl":{"start":{"line":77,"column":4},"end":{"line":77,"column":15}},"loc":{"start":{"line":77,"column":41},"end":{"line":85,"column":null}},"line":77},"10":{"name":"(anonymous_10)","decl":{"start":{"line":83,"column":27},"end":{"line":83,"column":28}},"loc":{"start":{"line":83,"column":33},"end":{"line":83,"column":35}},"line":83},"11":{"name":"(anonymous_11)","decl":{"start":{"line":87,"column":8},"end":{"line":87,"column":15}},"loc":{"start":{"line":87,"column":18},"end":{"line":87,"column":null}},"line":87},"12":{"name":"(anonymous_12)","decl":{"start":{"line":88,"column":8},"end":{"line":88,"column":14}},"loc":{"start":{"line":88,"column":17},"end":{"line":88,"column":null}},"line":88},"13":{"name":"(anonymous_13)","decl":{"start":{"line":90,"column":4},"end":{"line":90,"column":7}},"loc":{"start":{"line":90,"column":10},"end":{"line":97,"column":null}},"line":90},"14":{"name":"(anonymous_14)","decl":{"start":{"line":103,"column":4},"end":{"line":103,"column":15}},"loc":{"start":{"line":103,"column":50},"end":{"line":108,"column":null}},"line":103},"15":{"name":"(anonymous_15)","decl":{"start":{"line":110,"column":8},"end":{"line":110,"column":12}},"loc":{"start":{"line":110,"column":15},"end":{"line":110,"column":null}},"line":110},"16":{"name":"(anonymous_16)","decl":{"start":{"line":111,"column":8},"end":{"line":111,"column":12}},"loc":{"start":{"line":111,"column":15},"end":{"line":111,"column":null}},"line":111},"17":{"name":"(anonymous_17)","decl":{"start":{"line":113,"column":4},"end":{"line":113,"column":16}},"loc":{"start":{"line":113,"column":34},"end":{"line":117,"column":null}},"line":113},"18":{"name":"(anonymous_18)","decl":{"start":{"line":119,"column":4},"end":{"line":119,"column":14}},"loc":{"start":{"line":119,"column":23},"end":{"line":128,"column":null}},"line":119}},"branchMap":{"0":{"loc":{"start":{"line":6,"column":23},"end":{"line":6,"column":81}},"type":"binary-expr","locations":[{"start":{"line":6,"column":23},"end":{"line":6,"column":33}},{"start":{"line":6,"column":37},"end":{"line":6,"column":48}},{"start":{"line":6,"column":52},"end":{"line":6,"column":62}},{"start":{"line":6,"column":66},"end":{"line":6,"column":81}}],"line":6},"1":{"loc":{"start":{"line":11,"column":8},"end":{"line":11,"column":null}},"type":"if","locations":[{"start":{"line":11,"column":8},"end":{"line":11,"column":null}},{"start":{},"end":{}}],"line":11},"2":{"loc":{"start":{"line":12,"column":24},"end":{"line":12,"column":51}},"type":"cond-expr","locations":[{"start":{"line":12,"column":41},"end":{"line":12,"column":46}},{"start":{"line":12,"column":49},"end":{"line":12,"column":51}}],"line":12},"3":{"loc":{"start":{"line":14,"column":11},"end":{"line":14,"column":40}},"type":"cond-expr","locations":[{"start":{"line":14,"column":30},"end":{"line":14,"column":34}},{"start":{"line":14,"column":37},"end":{"line":14,"column":40}}],"line":14},"4":{"loc":{"start":{"line":14,"column":12},"end":{"line":14,"column":26}},"type":"binary-expr","locations":[{"start":{"line":14,"column":12},"end":{"line":14,"column":18}},{"start":{"line":14,"column":22},"end":{"line":14,"column":26}}],"line":14},"5":{"loc":{"start":{"line":29,"column":32},"end":{"line":29,"column":41}},"type":"default-arg","locations":[{"start":{"line":29,"column":39},"end":{"line":29,"column":41}}],"line":29},"6":{"loc":{"start":{"line":29,"column":43},"end":{"line":29,"column":60}},"type":"default-arg","locations":[{"start":{"line":29,"column":53},"end":{"line":29,"column":60}}],"line":29},"7":{"loc":{"start":{"line":103,"column":22},"end":{"line":103,"column":31}},"type":"default-arg","locations":[{"start":{"line":103,"column":29},"end":{"line":103,"column":31}}],"line":103},"8":{"loc":{"start":{"line":103,"column":33},"end":{"line":103,"column":48}},"type":"default-arg","locations":[{"start":{"line":103,"column":42},"end":{"line":103,"column":48}}],"line":103},"9":{"loc":{"start":{"line":122,"column":8},"end":{"line":126,"column":null}},"type":"if","locations":[{"start":{"line":122,"column":8},"end":{"line":126,"column":null}},{"start":{},"end":{}}],"line":122}},"s":{"0":27,"1":587,"2":27,"3":273,"4":273,"5":587,"6":587,"7":25,"8":587,"9":273,"10":27,"11":27,"12":27,"13":226,"14":27,"15":55,"16":27,"17":78,"18":27,"19":78,"20":78,"21":78,"22":4,"23":4,"24":4,"25":292,"26":292,"27":292,"28":1,"29":1,"30":462,"31":1,"32":340,"33":340,"34":1,"35":1,"36":78,"37":78,"38":78,"39":78,"40":11,"41":1,"42":291,"43":304,"44":304,"45":304,"46":1,"47":303},"f":{"0":587,"1":273,"2":587,"3":226,"4":55,"5":78,"6":78,"7":4,"8":2,"9":292,"10":1,"11":462,"12":1,"13":340,"14":78,"15":11,"16":1,"17":291,"18":304},"b":{"0":[587,562,549,548],"1":[25,562],"2":[273,314],"3":[25,248],"4":[273,25],"5":[226],"6":[226],"7":[78],"8":[78],"9":[1,303]},"meta":{"lastBranch":10,"lastFunction":19,"lastStatement":48,"seen":{"s:6:16:6:82":0,"f:6:16:6:17":0,"s:6:21:6:82":1,"b:6:23:6:33:6:37:6:48:6:52:6:62:6:66:6:81":0,"s:7:14:15:1":2,"f:7:14:7:15":1,"s:8:17:8:22":3,"s:9:16:13:10":4,"f:9:31:9:32":2,"s:10:22:10:31":5,"b:11:8:11:Infinity:undefined:undefined:undefined:undefined":1,"s:11:8:11:Infinity":6,"s:11:28:11:Infinity":7,"s:12:8:12:Infinity":8,"b:12:41:12:46:12:49:12:51":2,"s:14:4:14:Infinity":9,"b:14:30:14:34:14:37:14:40":3,"b:14:12:14:18:14:22:14:26":4,"s:18:20:20:2":10,"s:21:16:21:54":11,"s:29:31:35:1":12,"f:29:31:29:32":3,"s:30:4:34:Infinity":13,"b:29:39:29:41":5,"b:29:53:29:60":6,"s:42:28:48:1":14,"f:42:28:42:33":4,"s:44:4:47:Infinity":15,"s:51:27:62:1":16,"f:51:27:51:31":5,"s:53:4:61:Infinity":17,"s:64:21:72:1":18,"f:64:21:64:25":6,"s:65:17:65:41":19,"s:66:4:71:Infinity":20,"s:67:8:67:Infinity":21,"s:69:8:69:Infinity":22,"s:70:8:70:Infinity":23,"f:70:15:70:16":7,"s:70:21:70:49":24,"f:70:21:70:22":8,"f:77:4:77:15":9,"s:78:8:78:Infinity":25,"s:79:8:84:Infinity":26,"s:80:12:80:Infinity":27,"s:82:12:82:Infinity":28,"s:83:12:83:Infinity":29,"f:83:27:83:28":10,"f:87:8:87:15":11,"s:87:20:87:41":30,"f:88:8:88:14":12,"s:88:19:88:39":31,"f:90:4:90:7":13,"s:91:8:96:Infinity":32,"s:92:12:92:Infinity":33,"s:94:12:94:Infinity":34,"s:95:12:95:Infinity":35,"f:103:4:103:15":14,"b:103:29:103:31":7,"b:103:42:103:48":8,"s:104:8:104:Infinity":36,"s:105:8:105:Infinity":37,"s:106:8:106:Infinity":38,"s:107:8:107:Infinity":39,"f:110:8:110:12":15,"s:110:17:110:35":40,"f:111:8:111:12":16,"s:111:17:111:35":41,"f:113:4:113:16":17,"s:114:8:116:Infinity":42,"f:119:4:119:14":18,"s:120:42:120:48":43,"s:121:19:121:50":44,"b:122:8:126:Infinity:undefined:undefined:undefined:undefined":9,"s:122:8:126:Infinity":45,"s:123:12:125:Infinity":46,"s:127:8:127:Infinity":47}}}
,"/home/sean/Documents/github/ensoJS/src/core/fragment.js": {"path":"/home/sean/Documents/github/ensoJS/src/core/fragment.js","statementMap":{"0":{"start":{"line":13,"column":0},"end":{"line":16,"column":null}},"1":{"start":{"line":15,"column":4},"end":{"line":15,"column":null}},"2":{"start":{"line":31,"column":13},"end":{"line":31,"column":17}},"3":{"start":{"line":32,"column":12},"end":{"line":32,"column":16}},"4":{"start":{"line":35,"column":16},"end":{"line":35,"column":21}},"5":{"start":{"line":38,"column":8},"end":{"line":38,"column":null}},"6":{"start":{"line":39,"column":8},"end":{"line":39,"column":null}},"7":{"start":{"line":40,"column":8},"end":{"line":40,"column":null}},"8":{"start":{"line":41,"column":8},"end":{"line":41,"column":null}},"9":{"start":{"line":44,"column":8},"end":{"line":47,"column":null}},"10":{"start":{"line":45,"column":12},"end":{"line":45,"column":null}},"11":{"start":{"line":46,"column":12},"end":{"line":46,"column":null}},"12":{"start":{"line":50,"column":8},"end":{"line":50,"column":null}},"13":{"start":{"line":53,"column":25},"end":{"line":53,"column":34}},"14":{"start":{"line":54,"column":8},"end":{"line":58,"column":null}},"15":{"start":{"line":55,"column":12},"end":{"line":57,"column":null}},"16":{"start":{"line":59,"column":8},"end":{"line":59,"column":null}},"17":{"start":{"line":61,"column":8},"end":{"line":61,"column":null}},"18":{"start":{"line":64,"column":8},"end":{"line":64,"column":null}},"19":{"start":{"line":64,"column":23},"end":{"line":64,"column":null}},"20":{"start":{"line":66,"column":8},"end":{"line":66,"column":null}},"21":{"start":{"line":69,"column":8},"end":{"line":69,"column":null}},"22":{"start":{"line":73,"column":16},"end":{"line":73,"column":39}},"23":{"start":{"line":74,"column":22},"end":{"line":74,"column":45}},"24":{"start":{"line":75,"column":23},"end":{"line":75,"column":45}},"25":{"start":{"line":76,"column":26},"end":{"line":76,"column":47}},"26":{"start":{"line":79,"column":21},"end":{"line":79,"column":41}},"27":{"start":{"line":80,"column":20},"end":{"line":80,"column":39}},"28":{"start":{"line":81,"column":18},"end":{"line":81,"column":35}},"29":{"start":{"line":83,"column":8},"end":{"line":83,"column":null}},"30":{"start":{"line":86,"column":28},"end":{"line":86,"column":59}},"31":{"start":{"line":90,"column":8},"end":{"line":90,"column":null}},"32":{"start":{"line":94,"column":8},"end":{"line":94,"column":null}},"33":{"start":{"line":94,"column":53},"end":{"line":94,"column":null}},"34":{"start":{"line":96,"column":8},"end":{"line":96,"column":null}},"35":{"start":{"line":97,"column":8},"end":{"line":97,"column":null}},"36":{"start":{"line":98,"column":8},"end":{"line":98,"column":null}},"37":{"start":{"line":99,"column":8},"end":{"line":99,"column":null}},"38":{"start":{"line":103,"column":8},"end":{"line":103,"column":null}},"39":{"start":{"line":103,"column":29},"end":{"line":103,"column":null}},"40":{"start":{"line":104,"column":8},"end":{"line":104,"column":null}},"41":{"start":{"line":108,"column":8},"end":{"line":108,"column":null}},"42":{"start":{"line":108,"column":29},"end":{"line":108,"column":null}},"43":{"start":{"line":110,"column":8},"end":{"line":110,"column":null}},"44":{"start":{"line":111,"column":8},"end":{"line":111,"column":null}},"45":{"start":{"line":112,"column":8},"end":{"line":112,"column":null}}},"fnMap":{"0":{"name":"(anonymous_0)","decl":{"start":{"line":37,"column":4},"end":{"line":37,"column":15}},"loc":{"start":{"line":37,"column":47},"end":{"line":62,"column":null}},"line":37},"1":{"name":"(anonymous_1)","decl":{"start":{"line":63,"column":4},"end":{"line":63,"column":20}},"loc":{"start":{"line":63,"column":31},"end":{"line":67,"column":null}},"line":63},"2":{"name":"(anonymous_2)","decl":{"start":{"line":68,"column":4},"end":{"line":68,"column":16}},"loc":{"start":{"line":68,"column":19},"end":{"line":70,"column":null}},"line":68},"3":{"name":"(anonymous_3)","decl":{"start":{"line":73,"column":8},"end":{"line":73,"column":11}},"loc":{"start":{"line":73,"column":14},"end":{"line":73,"column":null}},"line":73},"4":{"name":"(anonymous_4)","decl":{"start":{"line":74,"column":8},"end":{"line":74,"column":17}},"loc":{"start":{"line":74,"column":20},"end":{"line":74,"column":null}},"line":74},"5":{"name":"(anonymous_5)","decl":{"start":{"line":75,"column":8},"end":{"line":75,"column":18}},"loc":{"start":{"line":75,"column":21},"end":{"line":75,"column":null}},"line":75},"6":{"name":"(anonymous_6)","decl":{"start":{"line":76,"column":8},"end":{"line":76,"column":18}},"loc":{"start":{"line":76,"column":24},"end":{"line":76,"column":null}},"line":76},"7":{"name":"(anonymous_7)","decl":{"start":{"line":79,"column":9},"end":{"line":79,"column":15}},"loc":{"start":{"line":79,"column":19},"end":{"line":79,"column":null}},"line":79},"8":{"name":"(anonymous_8)","decl":{"start":{"line":80,"column":9},"end":{"line":80,"column":14}},"loc":{"start":{"line":80,"column":18},"end":{"line":80,"column":null}},"line":80},"9":{"name":"(anonymous_9)","decl":{"start":{"line":81,"column":9},"end":{"line":81,"column":12}},"loc":{"start":{"line":81,"column":16},"end":{"line":81,"column":null}},"line":81},"10":{"name":"(anonymous_10)","decl":{"start":{"line":82,"column":9},"end":{"line":82,"column":12}},"loc":{"start":{"line":82,"column":19},"end":{"line":84,"column":null}},"line":82},"11":{"name":"(anonymous_11)","decl":{"start":{"line":86,"column":8},"end":{"line":86,"column":23}},"loc":{"start":{"line":86,"column":26},"end":{"line":86,"column":null}},"line":86},"12":{"name":"(anonymous_12)","decl":{"start":{"line":89,"column":5},"end":{"line":89,"column":20}},"loc":{"start":{"line":89,"column":24},"end":{"line":91,"column":null}},"line":89},"13":{"name":"(anonymous_13)","decl":{"start":{"line":93,"column":4},"end":{"line":93,"column":9}},"loc":{"start":{"line":93,"column":12},"end":{"line":100,"column":null}},"line":93},"14":{"name":"(anonymous_14)","decl":{"start":{"line":102,"column":5},"end":{"line":102,"column":11}},"loc":{"start":{"line":102,"column":15},"end":{"line":105,"column":null}},"line":102},"15":{"name":"(anonymous_15)","decl":{"start":{"line":107,"column":4},"end":{"line":107,"column":11}},"loc":{"start":{"line":107,"column":14},"end":{"line":113,"column":null}},"line":107}},"branchMap":{"0":{"loc":{"start":{"line":13,"column":0},"end":{"line":16,"column":null}},"type":"if","locations":[{"start":{"line":13,"column":0},"end":{"line":16,"column":null}},{"start":{},"end":{}}],"line":13},"1":{"loc":{"start":{"line":44,"column":8},"end":{"line":47,"column":null}},"type":"if","locations":[{"start":{"line":44,"column":8},"end":{"line":47,"column":null}},{"start":{},"end":{}}],"line":44},"2":{"loc":{"start":{"line":64,"column":8},"end":{"line":64,"column":null}},"type":"if","locations":[{"start":{"line":64,"column":8},"end":{"line":64,"column":null}},{"start":{},"end":{}}],"line":64},"3":{"loc":{"start":{"line":94,"column":8},"end":{"line":94,"column":null}},"type":"if","locations":[{"start":{"line":94,"column":8},"end":{"line":94,"column":null}},{"start":{},"end":{}}],"line":94},"4":{"loc":{"start":{"line":94,"column":12},"end":{"line":94,"column":51}},"type":"binary-expr","locations":[{"start":{"line":94,"column":12},"end":{"line":94,"column":26}},{"start":{"line":94,"column":30},"end":{"line":94,"column":51}}],"line":94},"5":{"loc":{"start":{"line":103,"column":8},"end":{"line":103,"column":null}},"type":"if","locations":[{"start":{"line":103,"column":8},"end":{"line":103,"column":null}},{"start":{},"end":{}}],"line":103},"6":{"loc":{"start":{"line":108,"column":8},"end":{"line":108,"column":null}},"type":"if","locations":[{"start":{"line":108,"column":8},"end":{"line":108,"column":null}},{"start":{},"end":{}}],"line":108}},"s":{"0":19,"1":18,"2":240,"3":240,"4":240,"5":240,"6":240,"7":240,"8":240,"9":240,"10":68,"11":68,"12":240,"13":240,"14":240,"15":1002,"16":240,"17":240,"18":412,"19":210,"20":202,"21":193,"22":3,"23":417,"24":8,"25":296,"26":63,"27":173,"28":589,"29":172,"30":21,"31":161,"32":24,"33":3,"34":21,"35":21,"36":21,"37":21,"38":834,"39":23,"40":811,"41":88,"42":9,"43":79,"44":79,"45":79},"f":{"0":240,"1":412,"2":193,"3":3,"4":417,"5":8,"6":296,"7":63,"8":173,"9":589,"10":172,"11":21,"12":161,"13":24,"14":834,"15":88},"b":{"0":[18,1],"1":[68,172],"2":[210,202],"3":[3,21],"4":[24,21],"5":[23,811],"6":[9,79]},"meta":{"lastBranch":7,"lastFunction":16,"lastStatement":46,"seen":{"b:13:0:16:Infinity:undefined:undefined:undefined:undefined":0,"s:13:0:16:Infinity":0,"s:15:4:15:Infinity":1,"s:31:13:31:17":2,"s:32:12:32:16":3,"s:35:16:35:21":4,"f:37:4:37:15":0,"s:38:8:38:Infinity":5,"s:39:8:39:Infinity":6,"s:40:8:40:Infinity":7,"s:41:8:41:Infinity":8,"b:44:8:47:Infinity:undefined:undefined:undefined:undefined":1,"s:44:8:47:Infinity":9,"s:45:12:45:Infinity":10,"s:46:12:46:Infinity":11,"s:50:8:50:Infinity":12,"s:53:25:53:34":13,"s:54:8:58:Infinity":14,"s:55:12:57:Infinity":15,"s:59:8:59:Infinity":16,"s:61:8:61:Infinity":17,"f:63:4:63:20":1,"b:64:8:64:Infinity:undefined:undefined:undefined:undefined":2,"s:64:8:64:Infinity":18,"s:64:23:64:Infinity":19,"s:66:8:66:Infinity":20,"f:68:4:68:16":2,"s:69:8:69:Infinity":21,"f:73:8:73:11":3,"s:73:16:73:39":22,"f:74:8:74:17":4,"s:74:22:74:45":23,"f:75:8:75:18":5,"s:75:23:75:45":24,"f:76:8:76:18":6,"s:76:26:76:47":25,"f:79:9:79:15":7,"s:79:21:79:41":26,"f:80:9:80:14":8,"s:80:20:80:39":27,"f:81:9:81:12":9,"s:81:18:81:35":28,"f:82:9:82:12":10,"s:83:8:83:Infinity":29,"f:86:8:86:23":11,"s:86:28:86:59":30,"f:89:5:89:20":12,"s:90:8:90:Infinity":31,"f:93:4:93:9":13,"b:94:8:94:Infinity:undefined:undefined:undefined:undefined":3,"s:94:8:94:Infinity":32,"b:94:12:94:26:94:30:94:51":4,"s:94:53:94:Infinity":33,"s:96:8:96:Infinity":34,"s:97:8:97:Infinity":35,"s:98:8:98:Infinity":36,"s:99:8:99:Infinity":37,"f:102:5:102:11":14,"b:103:8:103:Infinity:undefined:undefined:undefined:undefined":5,"s:103:8:103:Infinity":38,"s:103:29:103:Infinity":39,"s:104:8:104:Infinity":40,"f:107:4:107:11":15,"b:108:8:108:Infinity:undefined:undefined:undefined:undefined":6,"s:108:8:108:Infinity":41,"s:108:29:108:Infinity":42,"s:110:8:110:Infinity":43,"s:111:8:111:Infinity":44,"s:112:8:112:Infinity":45}}}
,"/home/sean/Documents/github/ensoJS/src/core/tags.js": {"path":"/home/sean/Documents/github/ensoJS/src/core/tags.js","statementMap":{"0":{"start":{"line":9,"column":16},"end":{"line":14,"column":1}},"1":{"start":{"line":11,"column":4},"end":{"line":11,"column":null}},"2":{"start":{"line":11,"column":37},"end":{"line":11,"column":null}},"3":{"start":{"line":13,"column":4},"end":{"line":13,"column":null}},"4":{"start":{"line":13,"column":37},"end":{"line":13,"column":62}},"5":{"start":{"line":20,"column":19},"end":{"line":22,"column":1}},"6":{"start":{"line":21,"column":3},"end":{"line":21,"column":null}},"7":{"start":{"line":28,"column":20},"end":{"line":30,"column":1}},"8":{"start":{"line":29,"column":4},"end":{"line":29,"column":null}},"9":{"start":{"line":46,"column":34},"end":{"line":115,"column":1}},"10":{"start":{"line":49,"column":27},"end":{"line":62,"column":null}},"11":{"start":{"line":50,"column":8},"end":{"line":50,"column":null}},"12":{"start":{"line":50,"column":20},"end":{"line":50,"column":null}},"13":{"start":{"line":51,"column":18},"end":{"line":51,"column":20}},"14":{"start":{"line":52,"column":8},"end":{"line":60,"column":null}},"15":{"start":{"line":53,"column":12},"end":{"line":59,"column":null}},"16":{"start":{"line":54,"column":16},"end":{"line":54,"column":33}},"17":{"start":{"line":55,"column":19},"end":{"line":59,"column":null}},"18":{"start":{"line":56,"column":16},"end":{"line":56,"column":25}},"19":{"start":{"line":58,"column":16},"end":{"line":58,"column":52}},"20":{"start":{"line":61,"column":8},"end":{"line":61,"column":null}},"21":{"start":{"line":64,"column":26},"end":{"line":69,"column":null}},"22":{"start":{"line":65,"column":24},"end":{"line":65,"column":45}},"23":{"start":{"line":66,"column":8},"end":{"line":68,"column":null}},"24":{"start":{"line":82,"column":8},"end":{"line":85,"column":null}},"25":{"start":{"line":83,"column":29},"end":{"line":83,"column":61}},"26":{"start":{"line":84,"column":12},"end":{"line":84,"column":null}},"27":{"start":{"line":88,"column":25},"end":{"line":88,"column":55}},"28":{"start":{"line":89,"column":8},"end":{"line":89,"column":null}},"29":{"start":{"line":92,"column":4},"end":{"line":112,"column":null}},"30":{"start":{"line":95,"column":22},"end":{"line":95,"column":45}},"31":{"start":{"line":100,"column":22},"end":{"line":100,"column":45}},"32":{"start":{"line":105,"column":20},"end":{"line":105,"column":42}},"33":{"start":{"line":114,"column":4},"end":{"line":114,"column":null}}},"fnMap":{"0":{"name":"(anonymous_0)","decl":{"start":{"line":9,"column":16},"end":{"line":9,"column":17}},"loc":{"start":{"line":9,"column":40},"end":{"line":14,"column":1}},"line":9},"1":{"name":"(anonymous_1)","decl":{"start":{"line":13,"column":26},"end":{"line":13,"column":27}},"loc":{"start":{"line":13,"column":37},"end":{"line":13,"column":62}},"line":13},"2":{"name":"(anonymous_2)","decl":{"start":{"line":20,"column":19},"end":{"line":20,"column":20}},"loc":{"start":{"line":21,"column":3},"end":{"line":21,"column":null}},"line":21},"3":{"name":"(anonymous_3)","decl":{"start":{"line":28,"column":20},"end":{"line":28,"column":21}},"loc":{"start":{"line":29,"column":4},"end":{"line":29,"column":null}},"line":29},"4":{"name":"(anonymous_4)","decl":{"start":{"line":46,"column":34},"end":{"line":46,"column":35}},"loc":{"start":{"line":46,"column":71},"end":{"line":115,"column":1}},"line":46},"5":{"name":"(anonymous_5)","decl":{"start":{"line":49,"column":27},"end":{"line":49,"column":28}},"loc":{"start":{"line":49,"column":38},"end":{"line":62,"column":null}},"line":49},"6":{"name":"(anonymous_6)","decl":{"start":{"line":64,"column":26},"end":{"line":64,"column":27}},"loc":{"start":{"line":64,"column":45},"end":{"line":69,"column":null}},"line":64},"7":{"name":"tagFn","decl":{"start":{"line":80,"column":13},"end":{"line":80,"column":18}},"loc":{"start":{"line":80,"column":39},"end":{"line":90,"column":null}},"line":80},"8":{"name":"(anonymous_8)","decl":{"start":{"line":95,"column":12},"end":{"line":95,"column":17}},"loc":{"start":{"line":95,"column":20},"end":{"line":95,"column":47}},"line":95},"9":{"name":"(anonymous_9)","decl":{"start":{"line":100,"column":12},"end":{"line":100,"column":17}},"loc":{"start":{"line":100,"column":20},"end":{"line":100,"column":47}},"line":100},"10":{"name":"(anonymous_10)","decl":{"start":{"line":105,"column":12},"end":{"line":105,"column":15}},"loc":{"start":{"line":105,"column":18},"end":{"line":105,"column":44}},"line":105}},"branchMap":{"0":{"loc":{"start":{"line":11,"column":4},"end":{"line":11,"column":null}},"type":"if","locations":[{"start":{"line":11,"column":4},"end":{"line":11,"column":null}},{"start":{},"end":{}}],"line":11},"1":{"loc":{"start":{"line":13,"column":46},"end":{"line":13,"column":61}},"type":"binary-expr","locations":[{"start":{"line":13,"column":46},"end":{"line":13,"column":55}},{"start":{"line":13,"column":59},"end":{"line":13,"column":61}}],"line":13},"2":{"loc":{"start":{"line":46,"column":56},"end":{"line":46,"column":66}},"type":"default-arg","locations":[{"start":{"line":46,"column":62},"end":{"line":46,"column":66}}],"line":46},"3":{"loc":{"start":{"line":50,"column":8},"end":{"line":50,"column":null}},"type":"if","locations":[{"start":{"line":50,"column":8},"end":{"line":50,"column":null}},{"start":{},"end":{}}],"line":50},"4":{"loc":{"start":{"line":53,"column":12},"end":{"line":59,"column":null}},"type":"if","locations":[{"start":{"line":53,"column":12},"end":{"line":59,"column":null}},{"start":{"line":55,"column":19},"end":{"line":59,"column":null}}],"line":53},"5":{"loc":{"start":{"line":55,"column":19},"end":{"line":59,"column":null}},"type":"if","locations":[{"start":{"line":55,"column":19},"end":{"line":59,"column":null}},{"start":{"line":57,"column":19},"end":{"line":59,"column":null}}],"line":55},"6":{"loc":{"start":{"line":55,"column":23},"end":{"line":55,"column":55}},"type":"binary-expr","locations":[{"start":{"line":55,"column":23},"end":{"line":55,"column":38}},{"start":{"line":55,"column":42},"end":{"line":55,"column":55}}],"line":55},"7":{"loc":{"start":{"line":64,"column":27},"end":{"line":64,"column":40}},"type":"default-arg","locations":[{"start":{"line":64,"column":38},"end":{"line":64,"column":40}}],"line":64},"8":{"loc":{"start":{"line":66,"column":15},"end":{"line":68,"column":43}},"type":"cond-expr","locations":[{"start":{"line":67,"column":14},"end":{"line":67,"column":null}},{"start":{"line":68,"column":14},"end":{"line":68,"column":43}}],"line":66},"9":{"loc":{"start":{"line":82,"column":8},"end":{"line":85,"column":null}},"type":"if","locations":[{"start":{"line":82,"column":8},"end":{"line":85,"column":null}},{"start":{},"end":{}}],"line":82},"10":{"loc":{"start":{"line":82,"column":12},"end":{"line":82,"column":51}},"type":"binary-expr","locations":[{"start":{"line":82,"column":12},"end":{"line":82,"column":35}},{"start":{"line":82,"column":39},"end":{"line":82,"column":51}}],"line":82},"11":{"loc":{"start":{"line":83,"column":35},"end":{"line":83,"column":46}},"type":"binary-expr","locations":[{"start":{"line":83,"column":35},"end":{"line":83,"column":40}},{"start":{"line":83,"column":44},"end":{"line":83,"column":46}}],"line":83}},"s":{"0":13,"1":30,"2":1,"3":29,"4":29,"5":13,"6":6,"7":13,"8":24,"9":13,"10":28,"11":6,"12":3,"13":3,"14":3,"15":7,"16":2,"17":5,"18":2,"19":3,"20":3,"21":28,"22":6,"23":6,"24":5,"25":3,"26":3,"27":2,"28":2,"29":28,"30":1,"31":3,"32":3,"33":28},"f":{"0":30,"1":29,"2":6,"3":24,"4":28,"5":6,"6":6,"7":5,"8":1,"9":3,"10":3},"b":{"0":[1,29],"1":[29,29],"2":[28],"3":[3,3],"4":[2,5],"5":[2,3],"6":[5,4],"7":[6],"8":[2,4],"9":[3,2],"10":[5,2],"11":[3,3]},"meta":{"lastBranch":12,"lastFunction":11,"lastStatement":34,"seen":{"s:9:16:14:1":0,"f:9:16:9:17":0,"b:11:4:11:Infinity:undefined:undefined:undefined:undefined":0,"s:11:4:11:Infinity":1,"s:11:37:11:Infinity":2,"s:13:4:13:Infinity":3,"f:13:26:13:27":1,"s:13:37:13:62":4,"b:13:46:13:55:13:59:13:61":1,"s:20:19:22:1":5,"f:20:19:20:20":2,"s:21:3:21:Infinity":6,"s:28:20:30:1":7,"f:28:20:28:21":3,"s:29:4:29:Infinity":8,"s:46:34:115:1":9,"f:46:34:46:35":4,"b:46:62:46:66":2,"s:49:27:62:Infinity":10,"f:49:27:49:28":5,"b:50:8:50:Infinity:undefined:undefined:undefined:undefined":3,"s:50:8:50:Infinity":11,"s:50:20:50:Infinity":12,"s:51:18:51:20":13,"s:52:8:60:Infinity":14,"b:53:12:59:Infinity:55:19:59:Infinity":4,"s:53:12:59:Infinity":15,"s:54:16:54:33":16,"b:55:19:59:Infinity:57:19:59:Infinity":5,"s:55:19:59:Infinity":17,"b:55:23:55:38:55:42:55:55":6,"s:56:16:56:25":18,"s:58:16:58:52":19,"s:61:8:61:Infinity":20,"s:64:26:69:Infinity":21,"f:64:26:64:27":6,"b:64:38:64:40":7,"s:65:24:65:45":22,"s:66:8:68:Infinity":23,"b:67:14:67:Infinity:68:14:68:43":8,"f:80:13:80:18":7,"b:82:8:85:Infinity:undefined:undefined:undefined:undefined":9,"s:82:8:85:Infinity":24,"b:82:12:82:35:82:39:82:51":10,"s:83:29:83:61":25,"b:83:35:83:40:83:44:83:46":11,"s:84:12:84:Infinity":26,"s:88:25:88:55":27,"s:89:8:89:Infinity":28,"s:92:4:112:Infinity":29,"f:95:12:95:17":8,"s:95:22:95:45":30,"f:100:12:100:17":9,"s:100:22:100:45":31,"f:105:12:105:15":10,"s:105:20:105:42":32,"s:114:4:114:Infinity":33}}}
,"/home/sean/Documents/github/ensoJS/src/core/watched.js": {"path":"/home/sean/Documents/github/ensoJS/src/core/watched.js","statementMap":{"0":{"start":{"line":10,"column":30},"end":{"line":12,"column":2}},"1":{"start":{"line":14,"column":19},"end":{"line":27,"column":2}},"2":{"start":{"line":16,"column":22},"end":{"line":16,"column":63}},"3":{"start":{"line":17,"column":22},"end":{"line":17,"column":45}},"4":{"start":{"line":20,"column":22},"end":{"line":20,"column":41}},"5":{"start":{"line":21,"column":22},"end":{"line":21,"column":63}},"6":{"start":{"line":24,"column":22},"end":{"line":24,"column":33}},"7":{"start":{"line":25,"column":22},"end":{"line":25,"column":33}},"8":{"start":{"line":30,"column":4},"end":{"line":30,"column":null}},"9":{"start":{"line":30,"column":37},"end":{"line":30,"column":null}},"10":{"start":{"line":32,"column":4},"end":{"line":34,"column":null}},"11":{"start":{"line":33,"column":8},"end":{"line":33,"column":null}},"12":{"start":{"line":33,"column":21},"end":{"line":33,"column":26}},"13":{"start":{"line":36,"column":4},"end":{"line":36,"column":null}},"14":{"start":{"line":36,"column":17},"end":{"line":36,"column":39}},"15":{"start":{"line":41,"column":19},"end":{"line":43,"column":2}},"16":{"start":{"line":41,"column":29},"end":{"line":43,"column":2}},"17":{"start":{"line":55,"column":20},"end":{"line":60,"column":1}},"18":{"start":{"line":56,"column":4},"end":{"line":56,"column":null}},"19":{"start":{"line":57,"column":4},"end":{"line":59,"column":null}},"20":{"start":{"line":73,"column":20},"end":{"line":94,"column":1}},"21":{"start":{"line":74,"column":19},"end":{"line":74,"column":56}},"22":{"start":{"line":76,"column":4},"end":{"line":78,"column":null}},"23":{"start":{"line":77,"column":8},"end":{"line":77,"column":null}},"24":{"start":{"line":80,"column":4},"end":{"line":86,"column":null}},"25":{"start":{"line":81,"column":8},"end":{"line":85,"column":null}},"26":{"start":{"line":83,"column":40},"end":{"line":83,"column":46}},"27":{"start":{"line":88,"column":31},"end":{"line":88,"column":51}},"28":{"start":{"line":89,"column":4},"end":{"line":93,"column":null}},"29":{"start":{"line":103,"column":4},"end":{"line":103,"column":null}},"30":{"start":{"line":113,"column":4},"end":{"line":113,"column":null}},"31":{"start":{"line":116,"column":19},"end":{"line":116,"column":79}},"32":{"start":{"line":116,"column":25},"end":{"line":116,"column":79}},"33":{"start":{"line":124,"column":4},"end":{"line":128,"column":null}},"34":{"start":{"line":125,"column":8},"end":{"line":125,"column":null}},"35":{"start":{"line":127,"column":8},"end":{"line":127,"column":null}},"36":{"start":{"line":129,"column":4},"end":{"line":129,"column":null}},"37":{"start":{"line":132,"column":15},"end":{"line":132,"column":44}},"38":{"start":{"line":134,"column":19},"end":{"line":134,"column":79}},"39":{"start":{"line":134,"column":26},"end":{"line":134,"column":79}},"40":{"start":{"line":142,"column":21},"end":{"line":142,"column":40}},"41":{"start":{"line":143,"column":4},"end":{"line":143,"column":null}},"42":{"start":{"line":143,"column":17},"end":{"line":143,"column":null}},"43":{"start":{"line":145,"column":4},"end":{"line":153,"column":null}},"44":{"start":{"line":146,"column":19},"end":{"line":146,"column":35}},"45":{"start":{"line":147,"column":8},"end":{"line":152,"column":null}},"46":{"start":{"line":148,"column":12},"end":{"line":150,"column":null}},"47":{"start":{"line":149,"column":16},"end":{"line":149,"column":null}},"48":{"start":{"line":151,"column":12},"end":{"line":151,"column":null}},"49":{"start":{"line":151,"column":36},"end":{"line":151,"column":null}},"50":{"start":{"line":154,"column":4},"end":{"line":154,"column":null}},"51":{"start":{"line":157,"column":21},"end":{"line":160,"column":1}},"52":{"start":{"line":158,"column":4},"end":{"line":159,"column":null}},"53":{"start":{"line":159,"column":8},"end":{"line":159,"column":null}},"54":{"start":{"line":162,"column":23},"end":{"line":165,"column":1}},"55":{"start":{"line":163,"column":21},"end":{"line":163,"column":52}},"56":{"start":{"line":164,"column":4},"end":{"line":164,"column":null}},"57":{"start":{"line":210,"column":14},"end":{"line":210,"column":23}},"58":{"start":{"line":211,"column":16},"end":{"line":211,"column":25}},"59":{"start":{"line":171,"column":20},"end":{"line":171,"column":44}},"60":{"start":{"line":172,"column":8},"end":{"line":172,"column":null}},"61":{"start":{"line":173,"column":8},"end":{"line":173,"column":null}},"62":{"start":{"line":176,"column":8},"end":{"line":194,"column":null}},"63":{"start":{"line":177,"column":12},"end":{"line":177,"column":null}},"64":{"start":{"line":179,"column":25},"end":{"line":179,"column":71}},"65":{"start":{"line":181,"column":12},"end":{"line":190,"column":null}},"66":{"start":{"line":185,"column":20},"end":{"line":185,"column":null}},"67":{"start":{"line":188,"column":20},"end":{"line":188,"column":null}},"68":{"start":{"line":192,"column":12},"end":{"line":192,"column":null}},"69":{"start":{"line":193,"column":12},"end":{"line":193,"column":null}},"70":{"start":{"line":193,"column":32},"end":{"line":193,"column":null}},"71":{"start":{"line":195,"column":8},"end":{"line":203,"column":null}},"72":{"start":{"line":196,"column":12},"end":{"line":202,"column":null}},"73":{"start":{"line":198,"column":29},"end":{"line":198,"column":34}},"74":{"start":{"line":204,"column":8},"end":{"line":204,"column":null}},"75":{"start":{"line":205,"column":8},"end":{"line":205,"column":null}},"76":{"start":{"line":206,"column":8},"end":{"line":206,"column":null}},"77":{"start":{"line":214,"column":8},"end":{"line":214,"column":null}},"78":{"start":{"line":216,"column":8},"end":{"line":244,"column":null}},"79":{"start":{"line":217,"column":25},"end":{"line":217,"column":44}},"80":{"start":{"line":218,"column":24},"end":{"line":218,"column":36}},"81":{"start":{"line":220,"column":12},"end":{"line":230,"column":null}},"82":{"start":{"line":221,"column":16},"end":{"line":223,"column":null}},"83":{"start":{"line":222,"column":20},"end":{"line":222,"column":null}},"84":{"start":{"line":224,"column":16},"end":{"line":229,"column":null}},"85":{"start":{"line":227,"column":31},"end":{"line":227,"column":50}},"86":{"start":{"line":228,"column":30},"end":{"line":228,"column":52}},"87":{"start":{"line":233,"column":12},"end":{"line":235,"column":null}},"88":{"start":{"line":234,"column":16},"end":{"line":234,"column":null}},"89":{"start":{"line":237,"column":12},"end":{"line":237,"column":null}},"90":{"start":{"line":239,"column":12},"end":{"line":243,"column":null}},"91":{"start":{"line":247,"column":23},"end":{"line":247,"column":45}},"92":{"start":{"line":248,"column":21},"end":{"line":248,"column":61}},"93":{"start":{"line":249,"column":18},"end":{"line":249,"column":47}},"94":{"start":{"line":252,"column":8},"end":{"line":261,"column":null}},"95":{"start":{"line":253,"column":33},"end":{"line":253,"column":57}},"96":{"start":{"line":254,"column":26},"end":{"line":254,"column":48}},"97":{"start":{"line":256,"column":12},"end":{"line":260,"column":null}},"98":{"start":{"line":257,"column":16},"end":{"line":259,"column":null}},"99":{"start":{"line":265,"column":8},"end":{"line":265,"column":null}},"100":{"start":{"line":268,"column":8},"end":{"line":270,"column":null}},"101":{"start":{"line":269,"column":12},"end":{"line":269,"column":null}},"102":{"start":{"line":272,"column":8},"end":{"line":272,"column":null}},"103":{"start":{"line":273,"column":8},"end":{"line":273,"column":null}},"104":{"start":{"line":275,"column":8},"end":{"line":275,"column":null}},"105":{"start":{"line":275,"column":28},"end":{"line":275,"column":null}},"106":{"start":{"line":276,"column":8},"end":{"line":276,"column":null}},"107":{"start":{"line":280,"column":8},"end":{"line":284,"column":null}},"108":{"start":{"line":281,"column":12},"end":{"line":283,"column":null}},"109":{"start":{"line":282,"column":16},"end":{"line":282,"column":null}}},"fnMap":{"0":{"name":"(anonymous_0)","decl":{"start":{"line":16,"column":8},"end":{"line":16,"column":14}},"loc":{"start":{"line":16,"column":20},"end":{"line":16,"column":65}},"line":16},"1":{"name":"(anonymous_1)","decl":{"start":{"line":17,"column":8},"end":{"line":17,"column":14}},"loc":{"start":{"line":17,"column":20},"end":{"line":17,"column":null}},"line":17},"2":{"name":"(anonymous_2)","decl":{"start":{"line":20,"column":8},"end":{"line":20,"column":14}},"loc":{"start":{"line":20,"column":20},"end":{"line":20,"column":43}},"line":20},"3":{"name":"(anonymous_3)","decl":{"start":{"line":21,"column":8},"end":{"line":21,"column":14}},"loc":{"start":{"line":21,"column":20},"end":{"line":21,"column":null}},"line":21},"4":{"name":"(anonymous_4)","decl":{"start":{"line":24,"column":8},"end":{"line":24,"column":14}},"loc":{"start":{"line":24,"column":20},"end":{"line":24,"column":35}},"line":24},"5":{"name":"(anonymous_5)","decl":{"start":{"line":25,"column":8},"end":{"line":25,"column":14}},"loc":{"start":{"line":25,"column":20},"end":{"line":25,"column":null}},"line":25},"6":{"name":"createFactory","decl":{"start":{"line":29,"column":9},"end":{"line":29,"column":22}},"loc":{"start":{"line":29,"column":30},"end":{"line":37,"column":null}},"line":29},"7":{"name":"(anonymous_7)","decl":{"start":{"line":33,"column":15},"end":{"line":33,"column":16}},"loc":{"start":{"line":33,"column":21},"end":{"line":33,"column":26}},"line":33},"8":{"name":"(anonymous_8)","decl":{"start":{"line":36,"column":11},"end":{"line":36,"column":12}},"loc":{"start":{"line":36,"column":17},"end":{"line":36,"column":39}},"line":36},"9":{"name":"(anonymous_9)","decl":{"start":{"line":41,"column":19},"end":{"line":41,"column":20}},"loc":{"start":{"line":41,"column":29},"end":{"line":43,"column":2}},"line":41},"10":{"name":"(anonymous_10)","decl":{"start":{"line":55,"column":20},"end":{"line":55,"column":21}},"loc":{"start":{"line":55,"column":50},"end":{"line":60,"column":1}},"line":55},"11":{"name":"(anonymous_11)","decl":{"start":{"line":73,"column":20},"end":{"line":73,"column":21}},"loc":{"start":{"line":73,"column":53},"end":{"line":94,"column":1}},"line":73},"12":{"name":"(anonymous_12)","decl":{"start":{"line":83,"column":35},"end":{"line":83,"column":36}},"loc":{"start":{"line":83,"column":40},"end":{"line":83,"column":46}},"line":83},"13":{"name":"getWatched","decl":{"start":{"line":102,"column":16},"end":{"line":102,"column":26}},"loc":{"start":{"line":102,"column":38},"end":{"line":104,"column":null}},"line":102},"14":{"name":"setWatched","decl":{"start":{"line":112,"column":16},"end":{"line":112,"column":26}},"loc":{"start":{"line":112,"column":46},"end":{"line":114,"column":null}},"line":112},"15":{"name":"(anonymous_15)","decl":{"start":{"line":116,"column":19},"end":{"line":116,"column":21}},"loc":{"start":{"line":116,"column":25},"end":{"line":116,"column":79}},"line":116},"16":{"name":"watches","decl":{"start":{"line":123,"column":16},"end":{"line":123,"column":23}},"loc":{"start":{"line":123,"column":52},"end":{"line":130,"column":null}},"line":123},"17":{"name":"(anonymous_17)","decl":{"start":{"line":134,"column":19},"end":{"line":134,"column":22}},"loc":{"start":{"line":134,"column":26},"end":{"line":134,"column":79}},"line":134},"18":{"name":"parseScript","decl":{"start":{"line":141,"column":16},"end":{"line":141,"column":27}},"loc":{"start":{"line":141,"column":36},"end":{"line":155,"column":null}},"line":141},"19":{"name":"(anonymous_19)","decl":{"start":{"line":157,"column":21},"end":{"line":157,"column":22}},"loc":{"start":{"line":157,"column":31},"end":{"line":160,"column":1}},"line":157},"20":{"name":"(anonymous_20)","decl":{"start":{"line":162,"column":23},"end":{"line":162,"column":24}},"loc":{"start":{"line":162,"column":54},"end":{"line":165,"column":1}},"line":162},"21":{"name":"(anonymous_21)","decl":{"start":{"line":170,"column":11},"end":{"line":170,"column":17}},"loc":{"start":{"line":170,"column":43},"end":{"line":207,"column":null}},"line":170},"22":{"name":"(anonymous_22)","decl":{"start":{"line":184,"column":16},"end":{"line":184,"column":19}},"loc":{"start":{"line":184,"column":22},"end":{"line":186,"column":17}},"line":184},"23":{"name":"(anonymous_23)","decl":{"start":{"line":187,"column":16},"end":{"line":187,"column":19}},"loc":{"start":{"line":187,"column":25},"end":{"line":189,"column":null}},"line":187},"24":{"name":"(anonymous_24)","decl":{"start":{"line":198,"column":23},"end":{"line":198,"column":24}},"loc":{"start":{"line":198,"column":29},"end":{"line":198,"column":34}},"line":198},"25":{"name":"(anonymous_25)","decl":{"start":{"line":213,"column":4},"end":{"line":213,"column":15}},"loc":{"start":{"line":213,"column":27},"end":{"line":245,"column":null}},"line":213},"26":{"name":"(anonymous_26)","decl":{"start":{"line":227,"column":25},"end":{"line":227,"column":26}},"loc":{"start":{"line":227,"column":31},"end":{"line":227,"column":50}},"line":227},"27":{"name":"(anonymous_27)","decl":{"start":{"line":228,"column":25},"end":{"line":228,"column":26}},"loc":{"start":{"line":228,"column":30},"end":{"line":228,"column":52}},"line":228},"28":{"name":"(anonymous_28)","decl":{"start":{"line":247,"column":9},"end":{"line":247,"column":17}},"loc":{"start":{"line":247,"column":21},"end":{"line":247,"column":null}},"line":247},"29":{"name":"(anonymous_29)","decl":{"start":{"line":248,"column":9},"end":{"line":248,"column":15}},"loc":{"start":{"line":248,"column":19},"end":{"line":248,"column":null}},"line":248},"30":{"name":"(anonymous_30)","decl":{"start":{"line":249,"column":8},"end":{"line":249,"column":13}},"loc":{"start":{"line":249,"column":16},"end":{"line":249,"column":null}},"line":249},"31":{"name":"(anonymous_31)","decl":{"start":{"line":251,"column":4},"end":{"line":251,"column":11}},"loc":{"start":{"line":251,"column":18},"end":{"line":262,"column":null}},"line":251},"32":{"name":"(anonymous_32)","decl":{"start":{"line":264,"column":4},"end":{"line":264,"column":12}},"loc":{"start":{"line":264,"column":19},"end":{"line":266,"column":null}},"line":264},"33":{"name":"(anonymous_33)","decl":{"start":{"line":267,"column":4},"end":{"line":267,"column":12}},"loc":{"start":{"line":267,"column":26},"end":{"line":277,"column":null}},"line":267},"34":{"name":"(anonymous_34)","decl":{"start":{"line":279,"column":4},"end":{"line":279,"column":11}},"loc":{"start":{"line":279,"column":20},"end":{"line":285,"column":null}},"line":279}},"branchMap":{"0":{"loc":{"start":{"line":16,"column":30},"end":{"line":16,"column":61}},"type":"binary-expr","locations":[{"start":{"line":16,"column":30},"end":{"line":16,"column":45}},{"start":{"line":16,"column":49},"end":{"line":16,"column":61}}],"line":16},"1":{"loc":{"start":{"line":17,"column":29},"end":{"line":17,"column":44}},"type":"cond-expr","locations":[{"start":{"line":17,"column":35},"end":{"line":17,"column":37}},{"start":{"line":17,"column":40},"end":{"line":17,"column":44}}],"line":17},"2":{"loc":{"start":{"line":21,"column":29},"end":{"line":21,"column":62}},"type":"cond-expr","locations":[{"start":{"line":21,"column":44},"end":{"line":21,"column":55}},{"start":{"line":21,"column":58},"end":{"line":21,"column":62}}],"line":21},"3":{"loc":{"start":{"line":30,"column":4},"end":{"line":30,"column":null}},"type":"if","locations":[{"start":{"line":30,"column":4},"end":{"line":30,"column":null}},{"start":{},"end":{}}],"line":30},"4":{"loc":{"start":{"line":32,"column":4},"end":{"line":34,"column":null}},"type":"if","locations":[{"start":{"line":32,"column":4},"end":{"line":34,"column":null}},{"start":{},"end":{}}],"line":32},"5":{"loc":{"start":{"line":32,"column":8},"end":{"line":32,"column":51}},"type":"binary-expr","locations":[{"start":{"line":32,"column":8},"end":{"line":32,"column":22}},{"start":{"line":32,"column":26},"end":{"line":32,"column":51}}],"line":32},"6":{"loc":{"start":{"line":55,"column":21},"end":{"line":55,"column":33}},"type":"default-arg","locations":[{"start":{"line":55,"column":29},"end":{"line":55,"column":33}}],"line":55},"7":{"loc":{"start":{"line":55,"column":35},"end":{"line":55,"column":45}},"type":"default-arg","locations":[{"start":{"line":55,"column":40},"end":{"line":55,"column":45}}],"line":55},"8":{"loc":{"start":{"line":56,"column":11},"end":{"line":56,"column":64}},"type":"binary-expr","locations":[{"start":{"line":56,"column":11},"end":{"line":56,"column":15}},{"start":{"line":56,"column":20},"end":{"line":56,"column":34}},{"start":{"line":56,"column":38},"end":{"line":56,"column":63}}],"line":56},"9":{"loc":{"start":{"line":73,"column":21},"end":{"line":73,"column":33}},"type":"default-arg","locations":[{"start":{"line":73,"column":29},"end":{"line":73,"column":33}}],"line":73},"10":{"loc":{"start":{"line":73,"column":35},"end":{"line":73,"column":48}},"type":"default-arg","locations":[{"start":{"line":73,"column":42},"end":{"line":73,"column":48}}],"line":73},"11":{"loc":{"start":{"line":74,"column":19},"end":{"line":74,"column":56}},"type":"binary-expr","locations":[{"start":{"line":74,"column":19},"end":{"line":74,"column":33}},{"start":{"line":74,"column":37},"end":{"line":74,"column":56}}],"line":74},"12":{"loc":{"start":{"line":76,"column":4},"end":{"line":78,"column":null}},"type":"if","locations":[{"start":{"line":76,"column":4},"end":{"line":78,"column":null}},{"start":{},"end":{}}],"line":76},"13":{"loc":{"start":{"line":80,"column":4},"end":{"line":86,"column":null}},"type":"if","locations":[{"start":{"line":80,"column":4},"end":{"line":86,"column":null}},{"start":{},"end":{}}],"line":80},"14":{"loc":{"start":{"line":80,"column":8},"end":{"line":80,"column":87}},"type":"binary-expr","locations":[{"start":{"line":80,"column":8},"end":{"line":80,"column":38}},{"start":{"line":80,"column":43},"end":{"line":80,"column":57}},{"start":{"line":80,"column":61},"end":{"line":80,"column":86}}],"line":80},"15":{"loc":{"start":{"line":116,"column":25},"end":{"line":116,"column":79}},"type":"binary-expr","locations":[{"start":{"line":116,"column":25},"end":{"line":116,"column":49}},{"start":{"line":116,"column":53},"end":{"line":116,"column":79}}],"line":116},"16":{"loc":{"start":{"line":123,"column":28},"end":{"line":123,"column":38}},"type":"default-arg","locations":[{"start":{"line":123,"column":36},"end":{"line":123,"column":38}}],"line":123},"17":{"loc":{"start":{"line":123,"column":40},"end":{"line":123,"column":50}},"type":"default-arg","locations":[{"start":{"line":123,"column":45},"end":{"line":123,"column":50}}],"line":123},"18":{"loc":{"start":{"line":124,"column":4},"end":{"line":128,"column":null}},"type":"if","locations":[{"start":{"line":124,"column":4},"end":{"line":128,"column":null}},{"start":{"line":126,"column":11},"end":{"line":128,"column":null}}],"line":124},"19":{"loc":{"start":{"line":143,"column":4},"end":{"line":143,"column":null}},"type":"if","locations":[{"start":{"line":143,"column":4},"end":{"line":143,"column":null}},{"start":{},"end":{}}],"line":143},"20":{"loc":{"start":{"line":147,"column":8},"end":{"line":152,"column":null}},"type":"if","locations":[{"start":{"line":147,"column":8},"end":{"line":152,"column":null}},{"start":{},"end":{}}],"line":147},"21":{"loc":{"start":{"line":151,"column":12},"end":{"line":151,"column":null}},"type":"if","locations":[{"start":{"line":151,"column":12},"end":{"line":151,"column":null}},{"start":{},"end":{}}],"line":151},"22":{"loc":{"start":{"line":158,"column":4},"end":{"line":159,"column":null}},"type":"if","locations":[{"start":{"line":158,"column":4},"end":{"line":159,"column":null}},{"start":{},"end":{}}],"line":158},"23":{"loc":{"start":{"line":162,"column":36},"end":{"line":162,"column":49}},"type":"default-arg","locations":[{"start":{"line":162,"column":47},"e
[...]
,"/home/sean/Documents/github/ensoJS/src/templates/parsers/utils.js": {"path":"/home/sean/Documents/github/ensoJS/src/templates/parsers/utils.js","statementMap":{"0":{"start":{"line":10,"column":23},"end":{"line":21,"column":1}},"1":{"start":{"line":11,"column":17},"end":{"line":11,"column":26}},"2":{"start":{"line":13,"column":4},"end":{"line":17,"column":null}},"3":{"start":{"line":15,"column":20},"end":{"line":15,"column":37}},"4":{"start":{"line":16,"column":8},"end":{"line":16,"column":null}},"5":{"start":{"line":16,"column":22},"end":{"line":16,"column":null}},"6":{"start":{"line":20,"column":4},"end":{"line":20,"column":null}},"7":{"start":{"line":23,"column":22},"end":{"line":36,"column":1}},"8":{"start":{"line":24,"column":4},"end":{"line":24,"column":null}},"9":{"start":{"line":24,"column":26},"end":{"line":24,"column":null}},"10":{"start":{"line":25,"column":17},"end":{"line":25,"column":31}},"11":{"start":{"line":28,"column":4},"end":{"line":28,"column":null}},"12":{"start":{"line":28,"column":33},"end":{"line":28,"column":null}},"13":{"start":{"line":31,"column":4},"end":{"line":33,"column":null}},"14":{"start":{"line":32,"column":8},"end":{"line":32,"column":null}},"15":{"start":{"line":35,"column":4},"end":{"line":35,"column":null}},"16":{"start":{"line":43,"column":15},"end":{"line":43,"column":67}},"17":{"start":{"line":47,"column":15},"end":{"line":47,"column":60}},"18":{"start":{"line":53,"column":27},"end":{"line":59,"column":1}},"19":{"start":{"line":55,"column":4},"end":{"line":57,"column":null}},"20":{"start":{"line":56,"column":8},"end":{"line":56,"column":null}},"21":{"start":{"line":58,"column":4},"end":{"line":58,"column":null}},"22":{"start":{"line":68,"column":26},"end":{"line":78,"column":1}},"23":{"start":{"line":70,"column":16},"end":{"line":75,"column":55}},"24":{"start":{"line":71,"column":8},"end":{"line":71,"column":null}},"25":{"start":{"line":71,"column":17},"end":{"line":71,"column":null}},"26":{"start":{"line":72,"column":8},"end":{"line":72,"column":null}},"27":{"start":{"line":75,"column":34},"end":{"line":75,"column":53}},"28":{"start":{"line":76,"column":4},"end":{"line":76,"column":38}},"29":{"start":{"line":76,"column":13},"end":{"line":76,"column":38}},"30":{"start":{"line":77,"column":4},"end":{"line":77,"column":null}},"31":{"start":{"line":80,"column":26},"end":{"line":84,"column":1}},"32":{"start":{"line":81,"column":4},"end":{"line":81,"column":null}},"33":{"start":{"line":83,"column":4},"end":{"line":83,"column":null}},"34":{"start":{"line":88,"column":33},"end":{"line":91,"column":1}},"35":{"start":{"line":89,"column":15},"end":{"line":89,"column":49}},"36":{"start":{"line":90,"column":4},"end":{"line":90,"column":null}},"37":{"start":{"line":93,"column":27},"end":{"line":101,"column":1}},"38":{"start":{"line":94,"column":4},"end":{"line":94,"column":null}},"39":{"start":{"line":94,"column":15},"end":{"line":94,"column":null}},"40":{"start":{"line":96,"column":21},"end":{"line":96,"column":80}},"41":{"start":{"line":97,"column":4},"end":{"line":99,"column":null}},"42":{"start":{"line":98,"column":8},"end":{"line":98,"column":null}},"43":{"start":{"line":100,"column":4},"end":{"line":100,"column":null}}},"fnMap":{"0":{"name":"(anonymous_0)","decl":{"start":{"line":10,"column":23},"end":{"line":10,"column":24}},"loc":{"start":{"line":10,"column":48},"end":{"line":21,"column":1}},"line":10},"1":{"name":"(anonymous_1)","decl":{"start":{"line":23,"column":22},"end":{"line":23,"column":23}},"loc":{"start":{"line":23,"column":58},"end":{"line":36,"column":1}},"line":23},"2":{"name":"(anonymous_2)","decl":{"start":{"line":53,"column":27},"end":{"line":53,"column":28}},"loc":{"start":{"line":53,"column":44},"end":{"line":59,"column":1}},"line":53},"3":{"name":"(anonymous_3)","decl":{"start":{"line":68,"column":26},"end":{"line":68,"column":27}},"loc":{"start":{"line":68,"column":50},"end":{"line":78,"column":1}},"line":68},"4":{"name":"(anonymous_4)","decl":{"start":{"line":70,"column":39},"end":{"line":70,"column":40}},"loc":{"start":{"line":70,"column":52},"end":{"line":73,"column":5}},"line":70},"5":{"name":"(anonymous_5)","decl":{"start":{"line":75,"column":20},"end":{"line":75,"column":21}},"loc":{"start":{"line":75,"column":34},"end":{"line":75,"column":53}},"line":75},"6":{"name":"(anonymous_6)","decl":{"start":{"line":80,"column":26},"end":{"line":80,"column":27}},"loc":{"start":{"line":80,"column":52},"end":{"line":84,"column":1}},"line":80},"7":{"name":"(anonymous_7)","decl":{"start":{"line":88,"column":33},"end":{"line":88,"column":34}},"loc":{"start":{"line":88,"column":39},"end":{"line":91,"column":1}},"line":88},"8":{"name":"(anonymous_8)","decl":{"start":{"line":93,"column":27},"end":{"line":93,"column":28}},"loc":{"start":{"line":93,"column":50},"end":{"line":101,"column":1}},"line":93}},"branchMap":{"0":{"loc":{"start":{"line":10,"column":30},"end":{"line":10,"column":43}},"type":"default-arg","locations":[{"start":{"line":10,"column":42},"end":{"line":10,"column":43}}],"line":10},"1":{"loc":{"start":{"line":13,"column":4},"end":{"line":17,"column":null}},"type":"if","locations":[{"start":{"line":13,"column":4},"end":{"line":17,"column":null}},{"start":{},"end":{}}],"line":13},"2":{"loc":{"start":{"line":16,"column":8},"end":{"line":16,"column":null}},"type":"if","locations":[{"start":{"line":16,"column":8},"end":{"line":16,"column":null}},{"start":{},"end":{}}],"line":16},"3":{"loc":{"start":{"line":23,"column":42},"end":{"line":23,"column":53}},"type":"default-arg","locations":[{"start":{"line":23,"column":49},"end":{"line":23,"column":53}}],"line":23},"4":{"loc":{"start":{"line":24,"column":4},"end":{"line":24,"column":null}},"type":"if","locations":[{"start":{"line":24,"column":4},"end":{"line":24,"column":null}},{"start":{},"end":{}}],"line":24},"5":{"loc":{"start":{"line":28,"column":4},"end":{"line":28,"column":null}},"type":"if","locations":[{"start":{"line":28,"column":4},"end":{"line":28,"column":null}},{"start":{},"end":{}}],"line":28},"6":{"loc":{"start":{"line":31,"column":4},"end":{"line":33,"column":null}},"type":"if","locations":[{"start":{"line":31,"column":4},"end":{"line":33,"column":null}},{"start":{},"end":{}}],"line":31},"7":{"loc":{"start":{"line":68,"column":35},"end":{"line":68,"column":45}},"type":"default-arg","locations":[{"start":{"line":68,"column":41},"end":{"line":68,"column":45}}],"line":68},"8":{"loc":{"start":{"line":71,"column":8},"end":{"line":71,"column":null}},"type":"if","locations":[{"start":{"line":71,"column":8},"end":{"line":71,"column":null}},{"start":{},"end":{}}],"line":71},"9":{"loc":{"start":{"line":76,"column":4},"end":{"line":76,"column":38}},"type":"if","locations":[{"start":{"line":76,"column":4},"end":{"line":76,"column":38}},{"start":{},"end":{}}],"line":76},"10":{"loc":{"start":{"line":94,"column":4},"end":{"line":94,"column":null}},"type":"if","locations":[{"start":{"line":94,"column":4},"end":{"line":94,"column":null}},{"start":{},"end":{}}],"line":94},"11":{"loc":{"start":{"line":96,"column":21},"end":{"line":96,"column":80}},"type":"binary-expr","locations":[{"start":{"line":96,"column":21},"end":{"line":96,"column":49}},{"start":{"line":96,"column":53},"end":{"line":96,"column":80}}],"line":96},"12":{"loc":{"start":{"line":97,"column":4},"end":{"line":99,"column":null}},"type":"if","locations":[{"start":{"line":97,"column":4},"end":{"line":99,"column":null}},{"start":{},"end":{}}],"line":97},"13":{"loc":{"start":{"line":100,"column":11},"end":{"line":100,"column":34}},"type":"binary-expr","locations":[{"start":{"line":100,"column":11},"end":{"line":100,"column":26}},{"start":{"line":100,"column":30},"end":{"line":100,"column":34}}],"line":100}},"s":{"0":21,"1":16,"2":16,"3":2,"4":2,"5":1,"6":15,"7":21,"8":243,"9":1,"10":242,"11":242,"12":16,"13":226,"14":224,"15":2,"16":21,"17":21,"18":21,"19":2,"20":3,"21":2,"22":21,"23":74,"24":49,"25":42,"26":49,"27":4,"28":74,"29":67,"30":74,"31":21,"32":361,"33":361,"34":21,"35":21,"36":21,"37":21,"38":40,"39":1,"40":39,"41":40,"42":38,"43":39},"f":{"0":16,"1":243,"2":2,"3":74,"4":49,"5":4,"6":361,"7":21,"8":40},"b":{"0":[16],"1":[2,14],"2":[1,1],"3":[243],"4":[1,242],"5":[16,226],"6":[224,2],"7":[74],"8":[42,7],"9":[67,7],"10":[1,39],"11":[39,3],"12":[38,2],"13":[39,1]},"meta":{"lastBranch":14,"lastFunction":9,"lastStatement":44,"seen":{"s:10:23:21:1":0,"f:10:23:10:24":0,"b:10:42:10:43":0,"s:11:17:11:26":1,"b:13:4:17:Infinity:undefined:undefined:undefined:undefined":1,"s:13:4:17:Infinity":2,"s:15:20:15:37":3,"b:16:8:16:Infinity:undefined:undefined:undefined:undefined":2,"s:16:8:16:Infinity":4,"s:16:22:16:Infinity":5,"s:20:4:20:Infinity":6,"s:23:22:36:1":7,"f:23:22:23:23":1,"b:23:49:23:53":3,"b:24:4:24:Infinity:undefined:undefined:undefined:undefined":4,"s:24:4:24:Infinity":8,"s:24:26:24:Infinity":9,"s:25:17:25:31":10,"b:28:4:28:Infinity:undefined:undefined:undefined:undefined":5,"s:28:4:28:Infinity":11,"s:28:33:28:Infinity":12,"b:31:4:33:Infinity:undefined:undefined:undefined:undefined":6,"s:31:4:33:Infinity":13,"s:32:8:32:Infinity":14,"s:35:4:35:Infinity":15,"s:43:15:43:67":16,"s:47:15:47:60":17,"s:53:27:59:1":18,"f:53:27:53:28":2,"s:55:4:57:Infinity":19,"s:56:8:56:Infinity":20,"s:58:4:58:Infinity":21,"s:68:26:78:1":22,"f:68:26:68:27":3,"b:68:41:68:45":7,"s:70:16:75:55":23,"f:70:39:70:40":4,"b:71:8:71:Infinity:undefined:undefined:undefined:undefined":8,"s:71:8:71:Infinity":24,"s:71:17:71:Infinity":25,"s:72:8:72:Infinity":26,"f:75:20:75:21":5,"s:75:34:75:53":27,"b:76:4:76:38:undefined:undefined:undefined:undefined":9,"s:76:4:76:38":28,"s:76:13:76:38":29,"s:77:4:77:Infinity":30,"s:80:26:84:1":31,"f:80:26:80:27":6,"s:81:4:81:Infinity":32,"s:83:4:83:Infinity":33,"s:88:33:91:1":34,"f:88:33:88:34":7,"s:89:15:89:49":35,"s:90:4:90:Infinity":36,"s:93:27:101:1":37,"f:93:27:93:28":8,"b:94:4:94:Infinity:undefined:undefined:undefined:undefined":10,"s:94:4:94:Infinity":38,"s:94:15:94:Infinity":39,"s:96:21:96:80":40,"b:96:21:96:49:96:53:96:80":11,"b:97:4:99:Infinity:undefined:undefined:undefined:undefined":12,"s:97:4:99:Infinity":41,"s:98:8:98:Infinity":42,"s:100:4:100:Infinity":43,"b:100:11:100:26:100:30:100:34":13}}}
,"/home/sean/Documents/github/ensoJS/src/utils/css.js": {"path":"/home/sean/Documents/github/ensoJS/src/utils/css.js","statementMap":{"0":{"start":{"line":5,"column":32},"end":{"line":9,"column":1}},"1":{"start":{"line":6,"column":18},"end":{"line":6,"column":37}},"2":{"start":{"line":7,"column":4},"end":{"line":7,"column":null}},"3":{"start":{"line":8,"column":4},"end":{"line":8,"column":null}},"4":{"start":{"line":11,"column":33},"end":{"line":23,"column":1}},"5":{"start":{"line":12,"column":17},"end":{"line":13,"column":33}},"6":{"start":{"line":15,"column":4},"end":{"line":17,"column":null}},"7":{"start":{"line":16,"column":8},"end":{"line":16,"column":null}},"8":{"start":{"line":19,"column":4},"end":{"line":22,"column":null}}},"fnMap":{"0":{"name":"(anonymous_0)","decl":{"start":{"line":5,"column":32},"end":{"line":5,"column":35}},"loc":{"start":{"line":5,"column":39},"end":{"line":9,"column":1}},"line":5},"1":{"name":"(anonymous_1)","decl":{"start":{"line":11,"column":33},"end":{"line":11,"column":34}},"loc":{"start":{"line":11,"column":50},"end":{"line":23,"column":1}},"line":11}},"branchMap":{"0":{"loc":{"start":{"line":12,"column":17},"end":{"line":13,"column":33}},"type":"cond-expr","locations":[{"start":{"line":13,"column":8},"end":{"line":13,"column":12}},{"start":{"line":13,"column":15},"end":{"line":13,"column":33}}],"line":12},"1":{"loc":{"start":{"line":15,"column":4},"end":{"line":17,"column":null}},"type":"if","locations":[{"start":{"line":15,"column":4},"end":{"line":17,"column":null}},{"start":{},"end":{}}],"line":15},"2":{"loc":{"start":{"line":15,"column":11},"end":{"line":15,"column":65}},"type":"binary-expr","locations":[{"start":{"line":15,"column":11},"end":{"line":15,"column":35}},{"start":{"line":15,"column":39},"end":{"line":15,"column":65}}],"line":15}},"s":{"0":24,"1":10,"2":10,"3":10,"4":24,"5":6,"6":6,"7":1,"8":5},"f":{"0":10,"1":6},"b":{"0":[3,3],"1":[1,5],"2":[6,4]},"meta":{"lastBranch":3,"lastFunction":2,"lastStatement":9,"seen":{"s:5:32:9:1":0,"f:5:32:5:35":0,"s:6:18:6:37":1,"s:7:4:7:Infinity":2,"s:8:4:8:Infinity":3,"s:11:33:23:1":4,"f:11:33:11:34":1,"s:12:17:13:33":5,"b:13:8:13:12:13:15:13:33":0,"b:15:4:17:Infinity:undefined:undefined:undefined:undefined":1,"s:15:4:17:Infinity":6,"b:15:11:15:35:15:39:15:65":2,"s:16:8:16:Infinity":7,"s:19:4:22:Infinity":8}}}
,"/home/sean/Documents/github/ensoJS/src/utils/dom.js": {"path":"/home/sean/Documents/github/ensoJS/src/utils/dom.js","statementMap":{"0":{"start":{"line":9,"column":30},"end":{"line":10,"column":57}},"1":{"start":{"line":10,"column":4},"end":{"line":10,"column":57}},"2":{"start":{"line":12,"column":21},"end":{"line":19,"column":null}},"3":{"start":{"line":13,"column":21},"end":{"line":13,"column":55}},"4":{"start":{"line":14,"column":4},"end":{"line":17,"column":null}},"5":{"start":{"line":18,"column":4},"end":{"line":18,"column":null}},"6":{"start":{"line":21,"column":30},"end":{"line":31,"column":1}},"7":{"start":{"line":23,"column":21},"end":{"line":24,"column":33}},"8":{"start":{"line":27,"column":4},"end":{"line":28,"column":null}},"9":{"start":{"line":28,"column":27},"end":{"line":28,"column":42}},"10":{"start":{"line":30,"column":4},"end":{"line":30,"column":null}},"11":{"start":{"line":33,"column":29},"end":{"line":34,"column":52}},"12":{"start":{"line":34,"column":4},"end":{"line":34,"column":52}},"13":{"start":{"line":37,"column":29},"end":{"line":38,"column":57}},"14":{"start":{"line":38,"column":4},"end":{"line":38,"column":57}},"15":{"start":{"line":40,"column":28},"end":{"line":43,"column":1}},"16":{"start":{"line":41,"column":17},"end":{"line":41,"column":75}},"17":{"start":{"line":42,"column":2},"end":{"line":42,"column":null}}},"fnMap":{"0":{"name":"(anonymous_0)","decl":{"start":{"line":9,"column":30},"end":{"line":9,"column":34}},"loc":{"start":{"line":10,"column":4},"end":{"line":10,"column":57}},"line":10},"1":{"name":"(anonymous_1)","decl":{"start":{"line":12,"column":21},"end":{"line":12,"column":25}},"loc":{"start":{"line":12,"column":29},"end":{"line":19,"column":null}},"line":12},"2":{"name":"(anonymous_2)","decl":{"start":{"line":21,"column":30},"end":{"line":21,"column":34}},"loc":{"start":{"line":21,"column":38},"end":{"line":31,"column":1}},"line":21},"3":{"name":"(anonymous_3)","decl":{"start":{"line":28,"column":17},"end":{"line":28,"column":23}},"loc":{"start":{"line":28,"column":27},"end":{"line":28,"column":42}},"line":28},"4":{"name":"(anonymous_4)","decl":{"start":{"line":33,"column":29},"end":{"line":33,"column":37}},"loc":{"start":{"line":34,"column":4},"end":{"line":34,"column":52}},"line":34},"5":{"name":"(anonymous_5)","decl":{"start":{"line":37,"column":29},"end":{"line":37,"column":30}},"loc":{"start":{"line":38,"column":4},"end":{"line":38,"column":57}},"line":38},"6":{"name":"(anonymous_6)","decl":{"start":{"line":40,"column":28},"end":{"line":40,"column":29}},"loc":{"start":{"line":40,"column":65},"end":{"line":43,"column":1}},"line":40}},"branchMap":{"0":{"loc":{"start":{"line":15,"column":8},"end":{"line":16,"column":null}},"type":"cond-expr","locations":[{"start":{"line":16,"column":12},"end":{"line":16,"column":32}},{"start":{"line":16,"column":35},"end":{"line":16,"column":null}}],"line":15},"1":{"loc":{"start":{"line":23,"column":21},"end":{"line":24,"column":33}},"type":"cond-expr","locations":[{"start":{"line":24,"column":8},"end":{"line":24,"column":12}},{"start":{"line":24,"column":15},"end":{"line":24,"column":33}}],"line":23},"2":{"loc":{"start":{"line":41,"column":17},"end":{"line":41,"column":75}},"type":"cond-expr","locations":[{"start":{"line":41,"column":54},"end":{"line":41,"column":68}},{"start":{"line":41,"column":71},"end":{"line":41,"column":75}}],"line":41}},"s":{"0":16,"1":31,"2":16,"3":55,"4":55,"5":55,"6":16,"7":77,"8":77,"9":1,"10":77,"11":16,"12":4,"13":16,"14":36,"15":16,"16":5,"17":5},"f":{"0":31,"1":55,"2":77,"3":1,"4":4,"5":36,"6":5},"b":{"0":[30,25],"1":[22,55],"2":[1,4]},"meta":{"lastBranch":3,"lastFunction":7,"lastStatement":18,"seen":{"s:9:30:10:57":0,"f:9:30:9:34":0,"s:10:4:10:57":1,"s:12:21:19:Infinity":2,"f:12:21:12:25":1,"s:13:21:13:55":3,"s:14:4:17:Infinity":4,"b:16:12:16:32:16:35:16:Infinity":0,"s:18:4:18:Infinity":5,"s:21:30:31:1":6,"f:21:30:21:34":2,"s:23:21:24:33":7,"b:24:8:24:12:24:15:24:33":1,"s:27:4:28:Infinity":8,"f:28:17:28:23":3,"s:28:27:28:42":9,"s:30:4:30:Infinity":10,"s:33:29:34:52":11,"f:33:29:33:37":4,"s:34:4:34:52":12,"s:37:29:38:57":13,"f:37:29:37:30":5,"s:38:4:38:57":14,"s:40:28:43:1":15,"f:40:28:40:29":6,"s:41:17:41:75":16,"b:41:54:41:68:41:71:41:75":2,"s:42:2:42:Infinity":17}}}
,"/home/sean/Documents/github/ensoJS/src/utils/uuid.js": {"path":"/home/sean/Documents/github/ensoJS/src/utils/uuid.js","statementMap":{"0":{"start":{"line":9,"column":17},"end":{"line":9,"column":83}},"1":{"start":{"line":16,"column":20},"end":{"line":21,"column":1}},"2":{"start":{"line":17,"column":13},"end":{"line":17,"column":15}},"3":{"start":{"line":17,"column":21},"end":{"line":17,"column":52}},"4":{"start":{"line":18,"column":15},"end":{"line":18,"column":30}},"5":{"start":{"line":19,"column":4},"end":{"line":19,"column":null}},"6":{"start":{"line":19,"column":16},"end":{"line":19,"column":null}},"7":{"start":{"line":20,"column":4},"end":{"line":20,"column":null}},"8":{"start":{"line":31,"column":24},"end":{"line":35,"column":1}},"9":{"start":{"line":32,"column":17},"end":{"line":32,"column":29}},"10":{"start":{"line":33,"column":18},"end":{"line":33,"column":19}},"11":{"start":{"line":34,"column":4},"end":{"line":34,"column":null}},"12":{"start":{"line":34,"column":17},"end":{"line":34,"column":49}}},"fnMap":{"0":{"name":"(anonymous_0)","decl":{"start":{"line":16,"column":20},"end":{"line":16,"column":21}},"loc":{"start":{"line":16,"column":36},"end":{"line":21,"column":1}},"line":16},"1":{"name":"(anonymous_1)","decl":{"start":{"line":31,"column":24},"end":{"line":31,"column":25}},"loc":{"start":{"line":31,"column":57},"end":{"line":35,"column":1}},"line":31},"2":{"name":"(anonymous_2)","decl":{"start":{"line":34,"column":11},"end":{"line":34,"column":12}},"loc":{"start":{"line":34,"column":17},"end":{"line":34,"column":49}},"line":34}},"branchMap":{"0":{"loc":{"start":{"line":16,"column":21},"end":{"line":16,"column":31}},"type":"default-arg","locations":[{"start":{"line":16,"column":30},"end":{"line":16,"column":31}}],"line":16},"1":{"loc":{"start":{"line":31,"column":25},"end":{"line":31,"column":40}},"type":"default-arg","locations":[{"start":{"line":31,"column":34},"end":{"line":31,"column":40}}],"line":31},"2":{"loc":{"start":{"line":31,"column":42},"end":{"line":31,"column":52}},"type":"default-arg","locations":[{"start":{"line":31,"column":51},"end":{"line":31,"column":52}}],"line":31}},"s":{"0":24,"1":24,"2":143,"3":143,"4":143,"5":143,"6":843,"7":143,"8":24,"9":5,"10":5,"11":5,"12":5},"f":{"0":143,"1":5,"2":5},"b":{"0":[143],"1":[5],"2":[5]},"meta":{"lastBranch":3,"lastFunction":3,"lastStatement":13,"seen":{"s:9:17:9:83":0,"s:16:20:21:1":1,"f:16:20:16:21":0,"b:16:30:16:31":0,"s:17:13:17:15":2,"s:17:21:17:52":3,"s:18:15:18:30":4,"s:19:4:19:Infinity":5,"s:19:16:19:Infinity":6,"s:20:4:20:Infinity":7,"s:31:24:35:1":8,"f:31:24:31:25":1,"b:31:34:31:40":1,"b:31:51:31:52":2,"s:32:17:32:29":9,"s:33:18:33:19":10,"s:34:4:34:Infinity":11,"f:34:11:34:12":2,"s:34:17:34:49":12}}}
}
