{"/home/sean/Documents/github/ensoJS/src/component.js": {"path":"/home/sean/Documents/github/ensoJS/src/component.js","all":true,"statementMap":{"1":{"start":{"line":2,"column":0},"end":{"line":2,"column":3}},"2":{"start":{"line":3,"column":0},"end":{"line":3,"column":14}},"3":{"start":{"line":4,"column":0},"end":{"line":4,"column":32}},"4":{"start":{"line":5,"column":0},"end":{"line":5,"column":33}},"5":{"start":{"line":6,"column":0},"end":{"line":6,"column":3}},"7":{"start":{"line":8,"column":0},"end":{"line":8,"column":52}},"8":{"start":{"line":9,"column":0},"end":{"line":9,"column":51}},"10":{"start":{"line":11,"column":0},"end":{"line":11,"column":9}},"14":{"start":{"line":15,"column":0},"end":{"line":15,"column":9}},"22":{"start":{"line":23,"column":0},"end":{"line":23,"column":3}},"23":{"start":{"line":24,"column":0},"end":{"line":24,"column":32}},"24":{"start":{"line":25,"column":0},"end":{"line":25,"column":12}},"25":{"start":{"line":26,"column":0},"end":{"line":26,"column":3}},"26":{"start":{"line":27,"column":0},"end":{"line":27,"column":47}},"28":{"start":{"line":29,"column":0},"end":{"line":29,"column":7}},"29":{"start":{"line":30,"column":0},"end":{"line":30,"column":88}},"30":{"start":{"line":31,"column":0},"end":{"line":31,"column":81}},"31":{"start":{"line":32,"column":0},"end":{"line":32,"column":70}},"32":{"start":{"line":33,"column":0},"end":{"line":33,"column":82}},"33":{"start":{"line":34,"column":0},"end":{"line":34,"column":87}},"34":{"start":{"line":35,"column":0},"end":{"line":35,"column":102}},"35":{"start":{"line":36,"column":0},"end":{"line":36,"column":96}},"36":{"start":{"line":37,"column":0},"end":{"line":37,"column":97}},"37":{"start":{"line":38,"column":0},"end":{"line":38,"column":97}},"38":{"start":{"line":39,"column":0},"end":{"line":39,"column":69}},"39":{"start":{"line":40,"column":0},"end":{"line":40,"column":14}},"40":{"start":{"line":41,"column":0},"end":{"line":41,"column":7}},"41":{"start":{"line":42,"column":0},"end":{"line":42,"column":27}},"42":{"start":{"line":43,"column":0},"end":{"line":43,"column":21}},"43":{"start":{"line":44,"column":0},"end":{"line":44,"column":25}},"44":{"start":{"line":45,"column":0},"end":{"line":45,"column":22}},"45":{"start":{"line":46,"column":0},"end":{"line":46,"column":26}},"46":{"start":{"line":47,"column":0},"end":{"line":47,"column":27}},"47":{"start":{"line":48,"column":0},"end":{"line":48,"column":23}},"48":{"start":{"line":49,"column":0},"end":{"line":49,"column":12}},"50":{"start":{"line":51,"column":0},"end":{"line":51,"column":56}},"52":{"start":{"line":53,"column":0},"end":{"line":53,"column":37}},"53":{"start":{"line":54,"column":0},"end":{"line":54,"column":38}},"54":{"start":{"line":55,"column":0},"end":{"line":55,"column":40}},"55":{"start":{"line":56,"column":0},"end":{"line":56,"column":88}},"56":{"start":{"line":57,"column":0},"end":{"line":57,"column":74}},"57":{"start":{"line":58,"column":0},"end":{"line":58,"column":9}},"59":{"start":{"line":60,"column":0},"end":{"line":60,"column":64}},"61":{"start":{"line":62,"column":0},"end":{"line":62,"column":26}},"62":{"start":{"line":63,"column":0},"end":{"line":63,"column":64}},"63":{"start":{"line":64,"column":0},"end":{"line":64,"column":48}},"64":{"start":{"line":65,"column":0},"end":{"line":65,"column":11}},"65":{"start":{"line":66,"column":0},"end":{"line":66,"column":54}},"66":{"start":{"line":67,"column":0},"end":{"line":67,"column":79}},"67":{"start":{"line":68,"column":0},"end":{"line":68,"column":59}},"68":{"start":{"line":69,"column":0},"end":{"line":69,"column":57}},"69":{"start":{"line":70,"column":0},"end":{"line":70,"column":55}},"70":{"start":{"line":71,"column":0},"end":{"line":71,"column":51}},"71":{"start":{"line":72,"column":0},"end":{"line":72,"column":50}},"72":{"start":{"line":73,"column":0},"end":{"line":73,"column":11}},"74":{"start":{"line":75,"column":0},"end":{"line":75,"column":36}},"75":{"start":{"line":76,"column":0},"end":{"line":76,"column":46}},"76":{"start":{"line":77,"column":0},"end":{"line":77,"column":25}},"77":{"start":{"line":78,"column":0},"end":{"line":78,"column":5}},"79":{"start":{"line":80,"column":0},"end":{"line":80,"column":24}},"81":{"start":{"line":82,"column":0},"end":{"line":82,"column":25}},"82":{"start":{"line":83,"column":0},"end":{"line":83,"column":49}},"83":{"start":{"line":84,"column":0},"end":{"line":84,"column":17}},"84":{"start":{"line":85,"column":0},"end":{"line":85,"column":28}},"85":{"start":{"line":86,"column":0},"end":{"line":86,"column":29}},"86":{"start":{"line":87,"column":0},"end":{"line":87,"column":26}},"87":{"start":{"line":88,"column":0},"end":{"line":88,"column":26}},"88":{"start":{"line":89,"column":0},"end":{"line":89,"column":19}},"89":{"start":{"line":90,"column":0},"end":{"line":90,"column":15}},"90":{"start":{"line":91,"column":0},"end":{"line":91,"column":40}},"92":{"start":{"line":93,"column":0},"end":{"line":93,"column":14}},"94":{"start":{"line":95,"column":0},"end":{"line":95,"column":22}},"95":{"start":{"line":96,"column":0},"end":{"line":96,"column":16}},"97":{"start":{"line":98,"column":0},"end":{"line":98,"column":36}},"98":{"start":{"line":99,"column":0},"end":{"line":99,"column":28}},"99":{"start":{"line":100,"column":0},"end":{"line":100,"column":66}},"100":{"start":{"line":101,"column":0},"end":{"line":101,"column":47}},"101":{"start":{"line":102,"column":0},"end":{"line":102,"column":14}},"102":{"start":{"line":103,"column":0},"end":{"line":103,"column":9}},"104":{"start":{"line":105,"column":0},"end":{"line":105,"column":45}},"105":{"start":{"line":106,"column":0},"end":{"line":106,"column":70}},"106":{"start":{"line":107,"column":0},"end":{"line":107,"column":9}},"108":{"start":{"line":109,"column":0},"end":{"line":109,"column":47}},"109":{"start":{"line":110,"column":0},"end":{"line":110,"column":59}},"111":{"start":{"line":112,"column":0},"end":{"line":112,"column":38}},"112":{"start":{"line":113,"column":0},"end":{"line":113,"column":72}},"113":{"start":{"line":114,"column":0},"end":{"line":114,"column":5}},"115":{"start":{"line":116,"column":0},"end":{"line":116,"column":29}},"116":{"start":{"line":117,"column":0},"end":{"line":117,"column":37}},"117":{"start":{"line":118,"column":0},"end":{"line":118,"column":36}},"118":{"start":{"line":119,"column":0},"end":{"line":119,"column":50}},"120":{"start":{"line":121,"column":0},"end":{"line":121,"column":39}},"121":{"start":{"line":122,"column":0},"end":{"line":122,"column":48}},"122":{"start":{"line":123,"column":0},"end":{"line":123,"column":47}},"123":{"start":{"line":124,"column":0},"end":{"line":124,"column":47}},"124":{"start":{"line":125,"column":0},"end":{"line":125,"column":39}},"125":{"start":{"line":126,"column":0},"end":{"line":126,"column":37}},"127":{"start":{"line":128,"column":0},"end":{"line":128,"column":31}},"128":{"start":{"line":129,"column":0},"end":{"line":129,"column":35}},"129":{"start":{"line":130,"column":0},"end":{"line":130,"column":5}},"131":{"start":{"line":132,"column":0},"end":{"line":132,"column":60}},"133":{"start":{"line":134,"column":0},"end":{"line":134,"column":27}},"134":{"start":{"line":135,"column":0},"end":{"line":135,"column":38}},"135":{"start":{"line":136,"column":0},"end":{"line":136,"column":5}},"137":{"start":{"line":138,"column":0},"end":{"line":138,"column":24}},"139":{"start":{"line":140,"column":0},"end":{"line":140,"column":7}},"140":{"start":{"line":141,"column":0},"end":{"line":141,"column":75}},"141":{"start":{"line":142,"column":0},"end":{"line":142,"column":16}},"142":{"start":{"line":143,"column":0},"end":{"line":143,"column":7}},"143":{"start":{"line":144,"column":0},"end":{"line":144,"column":16}},"145":{"start":{"line":146,"column":0},"end":{"line":146,"column":7}},"146":{"start":{"line":147,"column":0},"end":{"line":147,"column":45}},"147":{"start":{"line":148,"column":0},"end":{"line":148,"column":57}},"148":{"start":{"line":149,"column":0},"end":{"line":149,"column":48}},"149":{"start":{"line":150,"column":0},"end":{"line":150,"column":16}},"150":{"start":{"line":151,"column":0},"end":{"line":151,"column":7}},"151":{"start":{"line":152,"column":0},"end":{"line":152,"column":25}},"153":{"start":{"line":154,"column":0},"end":{"line":154,"column":7}},"154":{"start":{"line":155,"column":0},"end":{"line":155,"column":83}},"155":{"start":{"line":156,"column":0},"end":{"line":156,"column":16}},"156":{"start":{"line":157,"column":0},"end":{"line":157,"column":7}},"157":{"start":{"line":158,"column":0},"end":{"line":158,"column":18}},"158":{"start":{"line":159,"column":0},"end":{"line":159,"column":7}},"159":{"start":{"line":160,"column":0},"end":{"line":160,"column":82}},"160":{"start":{"line":161,"column":0},"end":{"line":161,"column":16}},"161":{"start":{"line":162,"column":0},"end":{"line":162,"column":7}},"162":{"start":{"line":163,"column":0},"end":{"line":163,"column":19}},"164":{"start":{"line":165,"column":0},"end":{"line":165,"column":7}},"165":{"start":{"line":166,"column":0},"end":{"line":166,"column":78}},"166":{"start":{"line":167,"column":0},"end":{"line":167,"column":27}},"167":{"start":{"line":168,"column":0},"end":{"line":168,"column":16}},"168":{"start":{"line":169,"column":0},"end":{"line":169,"column":7}},"169":{"start":{"line":170,"column":0},"end":{"line":170,"column":18}},"172":{"start":{"line":173,"column":0},"end":{"line":173,"column":26}},"174":{"start":{"line":175,"column":0},"end":{"line":175,"column":25}},"175":{"start":{"line":176,"column":0},"end":{"line":176,"column":38}},"177":{"start":{"line":178,"column":0},"end":{"line":178,"column":62}},"178":{"start":{"line":179,"column":0},"end":{"line":179,"column":58}},"179":{"start":{"line":180,"column":0},"end":{"line":180,"column":55}},"180":{"start":{"line":181,"column":0},"end":{"line":181,"column":40}},"181":{"start":{"line":182,"column":0},"end":{"line":182,"column":56}},"182":{"start":{"line":183,"column":0},"end":{"line":183,"column":44}},"183":{"start":{"line":184,"column":0},"end":{"line":184,"column":13}},"184":{"start":{"line":185,"column":0},"end":{"line":185,"column":9}},"186":{"start":{"line":187,"column":0},"end":{"line":187,"column":36}},"187":{"start":{"line":188,"column":0},"end":{"line":188,"column":30}},"188":{"start":{"line":189,"column":0},"end":{"line":189,"column":54}},"189":{"start":{"line":190,"column":0},"end":{"line":190,"column":10}},"191":{"start":{"line":192,"column":0},"end":{"line":192,"column":26}},"192":{"start":{"line":193,"column":0},"end":{"line":193,"column":55}},"193":{"start":{"line":194,"column":0},"end":{"line":194,"column":9}},"195":{"start":{"line":196,"column":0},"end":{"line":196,"column":33}},"196":{"start":{"line":197,"column":0},"end":{"line":197,"column":25}},"197":{"start":{"line":198,"column":0},"end":{"line":198,"column":23}},"198":{"start":{"line":199,"column":0},"end":{"line":199,"column":5}},"200":{"start":{"line":201,"column":0},"end":{"line":201,"column":28}},"201":{"start":{"line":202,"column":0},"end":{"line":202,"column":25}},"202":{"start":{"line":203,"column":0},"end":{"line":203,"column":5}},"203":{"start":{"line":204,"column":0},"end":{"line":204,"column":6}},"204":{"start":{"line":205,"column":0},"end":{"line":205,"column":48}},"206":{"start":{"line":207,"column":0},"end":{"line":207,"column":60}},"207":{"start":{"line":208,"column":0},"end":{"line":208,"column":42}},"209":{"start":{"line":210,"column":0},"end":{"line":210,"column":73}},"210":{"start":{"line":211,"column":0},"end":{"line":211,"column":57}},"211":{"start":{"line":212,"column":0},"end":{"line":212,"column":5}},"213":{"start":{"line":214,"column":0},"end":{"line":214,"column":18}},"214":{"start":{"line":215,"column":0},"end":{"line":215,"column":29}},"215":{"start":{"line":216,"column":0},"end":{"line":216,"column":31}},"216":{"start":{"line":217,"column":0},"end":{"line":217,"column":23}},"217":{"start":{"line":218,"column":0},"end":{"line":218,"column":5}},"219":{"start":{"line":220,"column":0},"end":{"line":220,"column":33}},"220":{"start":{"line":221,"column":0},"end":{"line":221,"column":48}},"221":{"start":{"line":222,"column":0},"end":{"line":222,"column":61}},"222":{"start":{"line":223,"column":0},"end":{"line":223,"column":8}},"223":{"start":{"line":224,"column":0},"end":{"line":224,"column":53}},"224":{"start":{"line":225,"column":0},"end":{"line":225,"column":64}},"225":{"start":{"line":226,"column":0},"end":{"line":226,"column":53}},"226":{"start":{"line":227,"column":0},"end":{"line":227,"column":9}},"227":{"start":{"line":228,"column":0},"end":{"line":228,"column":5}},"229":{"start":{"line":230,"column":0},"end":{"line":230,"column":25}},"230":{"start":{"line":231,"column":0},"end":{"line":231,"column":37}},"231":{"start":{"line":232,"column":0},"end":{"line":232,"column":41}},"232":{"start":{"line":233,"column":0},"end":{"line":233,"column":48}},"233":{"start":{"line":234,"column":0},"end":{"line":234,"column":9}},"234":{"start":{"line":235,"column":0},"end":{"line":235,"column":5}},"236":{"start":{"line":237,"column":0},"end":{"line":237,"column":53}},"238":{"start":{"line":239,"column":0},"end":{"line":239,"column":16}},"239":{"start":{"line":240,"column":0},"end":{"line":240,"column":25}},"240":{"start":{"line":241,"column":0},"end":{"line":241,"column":38}},"242":{"start":{"line":243,"column":0},"end":{"line":243,"column":21}},"244":{"start":{"line":245,"column":0},"end":{"line":245,"column":26}},"245":{"start":{"line":246,"column":0},"end":{"line":246,"column":5}},"246":{"start":{"line":247,"column":0},"end":{"line":247,"column":1}}},"s":{"1":0,"2":0,"3":0,"4":0,"5":0,"7":0,"8":0,"10":0,"14":0,"22":0,"23":0,"24":0,"25":0,"26":0,"28":0,"29":0,"30":0,"31":0,"32":0,"33":0,"34":0,"35":0,"36":0,"37":0,"38":0,"39":0,"40":0,"41":0,"42":0,"43":0,"44":0,"45":0,"46":0,"47":0,"48":0,"50":0,"52":0,"53":0,"54":0,"55":0,"56":0,"57":0,"59":0,"61":0,"62":0,"63":0,"64":0,"65":0,"66":0,"67":0,"68":0,"69":0,"70":0,"71":0,"72":0,"74":0,"75":0,"76":0,"77":0,"79":0,"81":0,"82":0,"83":0,"84":0,"85":0,"86":0,"87":0,"88":0,"89":0,"90":0,"92":0,"94":0,"95":0,"97":0,"98":0,"99":0,"100":0,"101":0,"102":0,"104":0,"105":0,"106":0,"108":0,"109":0,"111":0,"112":0,"113":0,"115":0,"116":0,"117":0,"118":0,"120":0,"121":0,"122":0,"123":0,"124":0,"125":0,"127":0,"128":0,"129":0,"131":0,"133":0,"134":0,"135":0,"137":0,"139":0,"140":0,"141":0,"142":0,"143":0,"145":0,"146":0,"147":0,"148":0,"149":0,"150":0,"151":0,"153":0,"154":0,"155":0,"156":0,"157":0,"158":0,"159":0,"160":0,"161":0,"162":0,"164":0,"165":0,"166":0,"167":0,"168":0,"169":0,"172":0,"174":0,"175":0,"177":0,"178":0,"179":0,"180":0,"181":0,"182":0,"183":0,"184":0,"186":0,"187":0,"188":0,"189":0,"191":0,"192":0,"193":0,"195":0,"196":0,"197":0,"198":0,"200":0,"201":0,"202":0,"203":0,"204":0,"206":0,"207":0,"209":0,"210":0,"211":0,"213":0,"214":0,"215":0,"216":0,"217":0,"219":0,"220":0,"221":0,"222":0,"223":0,"224":0,"225":0,"226":0,"227":0,"229":0,"230":0,"231":0,"232":0,"233":0,"234":0,"236":0,"238":0,"239":0,"240":0,"242":0,"244":0,"245":0,"246":0},"branchMap":{"0":{"type":"branch","line":1,"loc":{"start":{"line":1,"column":7145},"end":{"line":247,"column":1}},"locations":[{"start":{"line":1,"column":7145},"end":{"line":247,"column":1}}]}},"b":{"0":[1]},"fnMap":{"0":{"name":"(empty-report)","decl":{"start":{"line":1,"column":7145},"end":{"line":247,"column":1}},"loc":{"start":{"line":1,"column":7145},"end":{"line":247,"column":1}},"line":1}},"f":{"0":1}}
,"/home/sean/Documents/github/ensoJS/src/core/components.js": {"path":"/home/sean/Documents/github/ensoJS/src/core/components.js","all":false,"statementMap":{"1":{"start":{"line":2,"column":0},"end":{"line":2,"column":3}},"2":{"start":{"line":3,"column":0},"end":{"line":3,"column":63}},"3":{"start":{"line":4,"column":0},"end":{"line":4,"column":3}},"5":{"start":{"line":6,"column":0},"end":{"line":6,"column":15}},"6":{"start":{"line":7,"column":0},"end":{"line":7,"column":60}},"8":{"start":{"line":9,"column":0},"end":{"line":9,"column":45}},"9":{"start":{"line":10,"column":0},"end":{"line":10,"column":49}},"10":{"start":{"line":11,"column":0},"end":{"line":11,"column":9}},"16":{"start":{"line":17,"column":0},"end":{"line":17,"column":11}},"18":{"start":{"line":19,"column":0},"end":{"line":19,"column":73}},"19":{"start":{"line":20,"column":0},"end":{"line":20,"column":49}},"20":{"start":{"line":21,"column":0},"end":{"line":21,"column":85}},"22":{"start":{"line":23,"column":0},"end":{"line":23,"column":40}},"23":{"start":{"line":24,"column":0},"end":{"line":24,"column":33}},"25":{"start":{"line":26,"column":0},"end":{"line":26,"column":53}},"26":{"start":{"line":27,"column":0},"end":{"line":27,"column":31}},"27":{"start":{"line":28,"column":0},"end":{"line":28,"column":29}},"28":{"start":{"line":29,"column":0},"end":{"line":29,"column":81}},"29":{"start":{"line":30,"column":0},"end":{"line":30,"column":5}},"31":{"start":{"line":32,"column":0},"end":{"line":32,"column":93}},"32":{"start":{"line":33,"column":0},"end":{"line":33,"column":64}},"33":{"start":{"line":34,"column":0},"end":{"line":34,"column":37}},"34":{"start":{"line":35,"column":0},"end":{"line":35,"column":76}},"35":{"start":{"line":36,"column":0},"end":{"line":36,"column":5}},"37":{"start":{"line":38,"column":0},"end":{"line":38,"column":21}},"38":{"start":{"line":39,"column":0},"end":{"line":39,"column":2}},"41":{"start":{"line":42,"column":0},"end":{"line":42,"column":23}},"42":{"start":{"line":43,"column":0},"end":{"line":43,"column":45}},"43":{"start":{"line":44,"column":0},"end":{"line":44,"column":27}},"44":{"start":{"line":45,"column":0},"end":{"line":45,"column":3}},"46":{"start":{"line":47,"column":0},"end":{"line":47,"column":28}},"47":{"start":{"line":48,"column":0},"end":{"line":48,"column":15}},"48":{"start":{"line":49,"column":0},"end":{"line":49,"column":66}},"49":{"start":{"line":50,"column":0},"end":{"line":50,"column":47}},"50":{"start":{"line":51,"column":0},"end":{"line":51,"column":7}},"51":{"start":{"line":52,"column":0},"end":{"line":52,"column":14}},"52":{"start":{"line":53,"column":0},"end":{"line":53,"column":44}},"53":{"start":{"line":54,"column":0},"end":{"line":54,"column":65}},"54":{"start":{"line":55,"column":0},"end":{"line":55,"column":7}},"55":{"start":{"line":56,"column":0},"end":{"line":56,"column":14}},"56":{"start":{"line":57,"column":0},"end":{"line":57,"column":36}},"57":{"start":{"line":58,"column":0},"end":{"line":58,"column":35}},"58":{"start":{"line":59,"column":0},"end":{"line":59,"column":6}},"59":{"start":{"line":60,"column":0},"end":{"line":60,"column":3}},"61":{"start":{"line":62,"column":0},"end":{"line":62,"column":38}},"62":{"start":{"line":63,"column":0},"end":{"line":63,"column":48}},"63":{"start":{"line":64,"column":0},"end":{"line":64,"column":70}},"64":{"start":{"line":65,"column":0},"end":{"line":65,"column":4}},"65":{"start":{"line":66,"column":0},"end":{"line":66,"column":50}},"67":{"start":{"line":68,"column":0},"end":{"line":68,"column":41}},"68":{"start":{"line":69,"column":0},"end":{"line":69,"column":78}},"69":{"start":{"line":70,"column":0},"end":{"line":70,"column":5}},"70":{"start":{"line":71,"column":0},"end":{"line":71,"column":66}},"71":{"start":{"line":72,"column":0},"end":{"line":72,"column":76}},"72":{"start":{"line":73,"column":0},"end":{"line":73,"column":60}},"74":{"start":{"line":75,"column":0},"end":{"line":75,"column":43}},"75":{"start":{"line":76,"column":0},"end":{"line":76,"column":1}},"77":{"start":{"line":78,"column":0},"end":{"line":78,"column":31}},"78":{"start":{"line":79,"column":0},"end":{"line":79,"column":56}},"79":{"start":{"line":80,"column":0},"end":{"line":80,"column":82}},"80":{"start":{"line":81,"column":0},"end":{"line":81,"column":53}},"81":{"start":{"line":82,"column":0},"end":{"line":82,"column":60}},"82":{"start":{"line":83,"column":0},"end":{"line":83,"column":4}},"83":{"start":{"line":84,"column":0},"end":{"line":84,"column":20}},"84":{"start":{"line":85,"column":0},"end":{"line":85,"column":59}},"85":{"start":{"line":86,"column":0},"end":{"line":86,"column":78}},"86":{"start":{"line":87,"column":0},"end":{"line":87,"column":44}},"87":{"start":{"line":88,"column":0},"end":{"line":88,"column":43}},"88":{"start":{"line":89,"column":0},"end":{"line":89,"column":77}},"89":{"start":{"line":90,"column":0},"end":{"line":90,"column":27}},"90":{"start":{"line":91,"column":0},"end":{"line":91,"column":21}},"91":{"start":{"line":92,"column":0},"end":{"line":92,"column":5}},"93":{"start":{"line":94,"column":0},"end":{"line":94,"column":44}},"94":{"start":{"line":95,"column":0},"end":{"line":95,"column":1}},"96":{"start":{"line":97,"column":0},"end":{"line":97,"column":3}},"97":{"start":{"line":98,"column":0},"end":{"line":98,"column":37}},"98":{"start":{"line":99,"column":0},"end":{"line":99,"column":3}},"99":{"start":{"line":100,"column":0},"end":{"line":100,"column":56}},"100":{"start":{"line":101,"column":0},"end":{"line":101,"column":48}},"102":{"start":{"line":103,"column":0},"end":{"line":103,"column":53}},"103":{"start":{"line":104,"column":0},"end":{"line":104,"column":74}},"104":{"start":{"line":105,"column":0},"end":{"line":105,"column":71}},"105":{"start":{"line":106,"column":0},"end":{"line":106,"column":71}},"106":{"start":{"line":107,"column":0},"end":{"line":107,"column":43}},"108":{"start":{"line":109,"column":0},"end":{"line":109,"column":24}},"109":{"start":{"line":110,"column":0},"end":{"line":110,"column":26}},"110":{"start":{"line":111,"column":0},"end":{"line":111,"column":52}},"111":{"start":{"line":112,"column":0},"end":{"line":112,"column":31}},"112":{"start":{"line":113,"column":0},"end":{"line":113,"column":29}},"113":{"start":{"line":114,"column":0},"end":{"line":114,"column":19}},"114":{"start":{"line":115,"column":0},"end":{"line":115,"column":34}},"115":{"start":{"line":116,"column":0},"end":{"line":116,"column":59}},"116":{"start":{"line":117,"column":0},"end":{"line":117,"column":44}},"117":{"start":{"line":118,"column":0},"end":{"line":118,"column":18}},"118":{"start":{"line":119,"column":0},"end":{"line":119,"column":42}},"119":{"start":{"line":120,"column":0},"end":{"line":120,"column":27}},"120":{"start":{"line":121,"column":0},"end":{"line":121,"column":14}},"121":{"start":{"line":122,"column":0},"end":{"line":122,"column":22}},"122":{"start":{"line":123,"column":0},"end":{"line":123,"column":59}},"123":{"start":{"line":124,"column":0},"end":{"line":124,"column":42}},"124":{"start":{"line":125,"column":0},"end":{"line":125,"column":41}},"125":{"start":{"line":126,"column":0},"end":{"line":126,"column":16}},"126":{"start":{"line":127,"column":0},"end":{"line":127,"column":68}},"127":{"start":{"line":128,"column":0},"end":{"line":128,"column":49}},"128":{"start":{"line":129,"column":0},"end":{"line":129,"column":13}},"129":{"start":{"line":130,"column":0},"end":{"line":130,"column":11}},"130":{"start":{"line":131,"column":0},"end":{"line":131,"column":12}},"131":{"start":{"line":132,"column":0},"end":{"line":132,"column":29}},"132":{"start":{"line":133,"column":0},"end":{"line":133,"column":52}},"133":{"start":{"line":134,"column":0},"end":{"line":134,"column":31}},"134":{"start":{"line":135,"column":0},"end":{"line":135,"column":29}},"135":{"start":{"line":136,"column":0},"end":{"line":136,"column":19}},"136":{"start":{"line":137,"column":0},"end":{"line":137,"column":62}},"137":{"start":{"line":138,"column":0},"end":{"line":138,"column":14}},"138":{"start":{"line":139,"column":0},"end":{"line":139,"column":22}},"139":{"start":{"line":140,"column":0},"end":{"line":140,"column":34}},"140":{"start":{"line":141,"column":0},"end":{"line":141,"column":41}},"142":{"start":{"line":143,"column":0},"end":{"line":143,"column":68}},"143":{"start":{"line":144,"column":0},"end":{"line":144,"column":49}},"144":{"start":{"line":145,"column":0},"end":{"line":145,"column":13}},"145":{"start":{"line":146,"column":0},"end":{"line":146,"column":11}},"146":{"start":{"line":147,"column":0},"end":{"line":147,"column":5}},"148":{"start":{"line":149,"column":0},"end":{"line":149,"column":20}},"149":{"start":{"line":150,"column":0},"end":{"line":150,"column":1}},"152":{"start":{"line":153,"column":0},"end":{"line":153,"column":41}},"153":{"start":{"line":154,"column":0},"end":{"line":154,"column":42}},"154":{"start":{"line":155,"column":0},"end":{"line":155,"column":42}},"155":{"start":{"line":156,"column":0},"end":{"line":156,"column":32}},"156":{"start":{"line":157,"column":0},"end":{"line":157,"column":28}},"158":{"start":{"line":159,"column":0},"end":{"line":159,"column":44}},"159":{"start":{"line":160,"column":0},"end":{"line":160,"column":43}},"160":{"start":{"line":161,"column":0},"end":{"line":161,"column":9}},"161":{"start":{"line":162,"column":0},"end":{"line":162,"column":33}},"162":{"start":{"line":163,"column":0},"end":{"line":163,"column":5}},"164":{"start":{"line":165,"column":0},"end":{"line":165,"column":42}},"165":{"start":{"line":166,"column":0},"end":{"line":166,"column":34}},"166":{"start":{"line":167,"column":0},"end":{"line":167,"column":5}},"167":{"start":{"line":168,"column":0},"end":{"line":168,"column":1}},"169":{"start":{"line":170,"column":0},"end":{"line":170,"column":31}},"170":{"start":{"line":171,"column":0},"end":{"line":171,"column":27}},"171":{"start":{"line":172,"column":0},"end":{"line":172,"column":44}},"172":{"start":{"line":173,"column":0},"end":{"line":173,"column":33}},"173":{"start":{"line":174,"column":0},"end":{"line":174,"column":5}},"174":{"start":{"line":175,"column":0},"end":{"line":175,"column":29}},"176":{"start":{"line":177,"column":0},"end":{"line":177,"column":25}},"177":{"start":{"line":178,"column":0},"end":{"line":178,"column":50}},"178":{"start":{"line":179,"column":0},"end":{"line":179,"column":29}},"179":{"start":{"line":180,"column":0},"end":{"line":180,"column":5}},"181":{"start":{"line":182,"column":0},"end":{"line":182,"column":35}},"182":{"start":{"line":183,"column":0},"end":{"line":183,"column":42}},"183":{"start":{"line":184,"column":0},"end":{"line":184,"column":35}},"184":{"start":{"line":185,"column":0},"end":{"line":185,"column":24}},"185":{"start":{"line":186,"column":0},"end":{"line":186,"column":5}},"186":{"start":{"line":187,"column":0},"end":{"line":187,"column":1}}},"s":{"1":1,"2":1,"3":1,"5":1,"6":1,"8":1,"9":1,"10":1,"16":1,"18":1,"19":1,"20":0,"22":0,"23":0,"25":0,"26":0,"27":0,"28":0,"29":0,"31":0,"32":0,"33":0,"34":0,"35":0,"37":0,"38":0,"41":1,"42":1,"43":1,"44":1,"46":1,"47":1,"48":1,"49":1,"50":1,"51":1,"52":1,"53":1,"54":1,"55":1,"56":1,"57":1,"58":1,"59":1,"61":0,"62":0,"63":0,"64":0,"65":0,"67":0,"68":0,"69":0,"70":0,"71":0,"72":0,"74":0,"75":0,"77":0,"78":0,"79":0,"80":0,"81":0,"82":0,"83":0,"84":0,"85":0,"86":0,"87":0,"88":0,"89":0,"90":0,"91":0,"93":0,"94":0,"96":1,"97":1,"98":1,"99":1,"100":0,"102":0,"103":0,"104":0,"105":0,"106":0,"108":0,"109":0,"110":0,"111":0,"112":0,"113":0,"114":0,"115":0,"116":0,"117":0,"118":0,"119":0,"120":0,"121":0,"122":0,"123":0,"124":0,"125":0,"126":0,"127":0,"128":0,"129":0,"130":0,"131":0,"132":0,"133":0,"134":0,"135":0,"136":0,"137":0,"138":0,"139":0,"140":0,"142":0,"143":0,"144":0,"145":0,"146":0,"148":0,"149":0,"152":1,"153":1,"154":0,"155":0,"156":0,"158":0,"159":0,"160":0,"161":0,"162":0,"164":0,"165":0,"166":0,"167":0,"169":1,"170":1,"171":1,"172":3,"173":3,"174":1,"176":1,"177":1,"178":4,"179":4,"181":1,"182":1,"183":1,"184":1,"185":1,"186":1},"branchMap":{"0":{"type":"branch","line":170,"loc":{"start":{"line":170,"column":7},"end":{"line":187,"column":1}},"locations":[{"start":{"line":170,"column":7},"end":{"line":187,"column":1}}]},"1":{"type":"branch","line":172,"loc":{"start":{"line":172,"column":43},"end":{"line":174,"column":5}},"locations":[{"start":{"line":172,"column":43},"end":{"line":174,"column":5}}]},"2":{"type":"branch","line":178,"loc":{"start":{"line":178,"column":49},"end":{"line":180,"column":5}},"locations":[{"start":{"line":178,"column":49},"end":{"line":180,"column":5}}]}},"b":{"0":[1],"1":[3],"2":[4]},"fnMap":{"0":{"name":"createComponent","decl":{"start":{"line":20,"column":31},"end":{"line":39,"column":2}},"loc":{"start":{"line":20,"column":31},"end":{"line":39,"column":2}},"line":20},"1":{"name":"toProp","decl":{"start":{"line":49,"column":8},"end":{"line":49,"column":65}},"loc":{"start":{"line":49,"column":8},"end":{"line":49,"column":65}},"line":49},"2":{"name":"toAttr","decl":{"start":{"line":50,"column":8},"end":{"line":50,"column":47}},"loc":{"start":{"line":50,"column":8},"end":{"line":50,"column":47}},"line":50},"3":{"name":"toProp","decl":{"start":{"line":53,"column":8},"end":{"line":53,"column":43}},"loc":{"start":{"line":53,"column":8},"end":{"line":53,"column":43}},"line":53},"4":{"name":"toAttr","decl":{"start":{"line":54,"column":8},"end":{"line":54,"column":65}},"loc":{"start":{"line":54,"column":8},"end":{"line":54,"column":65}},"line":54},"5":{"name":"toProp","decl":{"start":{"line":57,"column":8},"end":{"line":57,"column":35}},"loc":{"start":{"line":57,"column":8},"end":{"line":57,"column":35}},"line":57},"6":{"name":"toAttr","decl":{"start":{"line":58,"column":8},"end":{"line":58,"column":35}},"loc":{"start":{"line":58,"column":8},"end":{"line":58,"column":35}},"line":58},"7":{"name":"createAttrDesc","decl":{"start":{"line":62,"column":0},"end":{"line":76,"column":1}},"loc":{"start":{"line":62,"column":0},"end":{"line":76,"column":1}},"line":62},"8":{"name":"createPropDesc","decl":{"start":{"line":78,"column":0},"end":{"line":95,"column":1}},"loc":{"start":{"line":78,"column":0},"end":{"line":95,"column":1}},"line":78},"9":{"name":"defineWatchedProperty","decl":{"start":{"line":100,"column":7},"end":{"line":150,"column":1}},"loc":{"start":{"line":100,"column":7},"end":{"line":150,"column":1}},"line":100},"10":{"name":"markChanged","decl":{"start":{"line":154,"column":7},"end":{"line":168,"column":1}},"loc":{"start":{"line":154,"column":7},"end":{"line":168,"column":1}},"line":154},"11":{"name":"update","decl":{"start":{"line":170,"column":7},"end":{"line":187,"column":1}},"loc":{"start":{"line":170,"column":7},"end":{"line":187,"column":1}},"line":170}},"f":{"0":0,"1":0,"2":0,"3":0,"4":0,"5":0,"6":0,"7":0,"8":0,"9":0,"10":0,"11":1}}
,"/home/sean/Documents/github/ensoJS/src/core/effects.js": {"path":"/home/sean/Documents/github/ensoJS/src/core/effects.js","all":false,"statementMap":{"1":{"start":{"line":2,"column":0},"end":{"line":2,"column":15}},"2":{"start":{"line":3,"column":0},"end":{"line":3,"column":60}},"4":{"start":{"line":5,"column":0},"end":{"line":5,"column":42}},"5":{"start":{"line":6,"column":0},"end":{"line":6,"column":43}},"7":{"start":{"line":8,"column":0},"end":{"line":8,"column":35}},"8":{"start":{"line":9,"column":0},"end":{"line":9,"column":73}},"9":{"start":{"line":10,"column":0},"end":{"line":10,"column":3}},"10":{"start":{"line":11,"column":0},"end":{"line":11,"column":55}},"12":{"start":{"line":13,"column":0},"end":{"line":13,"column":3}},"13":{"start":{"line":14,"column":0},"end":{"line":14,"column":3}},"14":{"start":{"line":15,"column":0},"end":{"line":15,"column":71}},"15":{"start":{"line":16,"column":0},"end":{"line":16,"column":67}},"16":{"start":{"line":17,"column":0},"end":{"line":17,"column":45}},"17":{"start":{"line":18,"column":0},"end":{"line":18,"column":3}},"18":{"start":{"line":19,"column":0},"end":{"line":19,"column":66}},"19":{"start":{"line":20,"column":0},"end":{"line":20,"column":18}},"20":{"start":{"line":21,"column":0},"end":{"line":21,"column":22}},"21":{"start":{"line":22,"column":0},"end":{"line":22,"column":40}},"22":{"start":{"line":23,"column":0},"end":{"line":23,"column":9}},"23":{"start":{"line":24,"column":0},"end":{"line":24,"column":5}},"24":{"start":{"line":25,"column":0},"end":{"line":25,"column":2}},"26":{"start":{"line":27,"column":0},"end":{"line":27,"column":3}},"27":{"start":{"line":28,"column":0},"end":{"line":28,"column":47}},"28":{"start":{"line":29,"column":0},"end":{"line":29,"column":71}},"29":{"start":{"line":30,"column":0},"end":{"line":30,"column":43}},"30":{"start":{"line":31,"column":0},"end":{"line":31,"column":3}},"31":{"start":{"line":32,"column":0},"end":{"line":32,"column":46}},"32":{"start":{"line":33,"column":0},"end":{"line":33,"column":19}},"33":{"start":{"line":34,"column":0},"end":{"line":34,"column":31}},"34":{"start":{"line":35,"column":0},"end":{"line":35,"column":30}},"35":{"start":{"line":36,"column":0},"end":{"line":36,"column":19}},"36":{"start":{"line":37,"column":0},"end":{"line":37,"column":2}},"38":{"start":{"line":39,"column":0},"end":{"line":39,"column":48}},"39":{"start":{"line":40,"column":0},"end":{"line":40,"column":36}},"40":{"start":{"line":41,"column":0},"end":{"line":41,"column":17}},"41":{"start":{"line":42,"column":0},"end":{"line":42,"column":23}},"42":{"start":{"line":43,"column":0},"end":{"line":43,"column":25}},"43":{"start":{"line":44,"column":0},"end":{"line":44,"column":27}},"44":{"start":{"line":45,"column":0},"end":{"line":45,"column":13}},"45":{"start":{"line":46,"column":0},"end":{"line":46,"column":6}},"46":{"start":{"line":47,"column":0},"end":{"line":47,"column":2}},"48":{"start":{"line":49,"column":0},"end":{"line":49,"column":3}},"49":{"start":{"line":50,"column":0},"end":{"line":50,"column":32}},"50":{"start":{"line":51,"column":0},"end":{"line":51,"column":81}},"51":{"start":{"line":52,"column":0},"end":{"line":52,"column":42}},"52":{"start":{"line":53,"column":0},"end":{"line":53,"column":3}},"53":{"start":{"line":54,"column":0},"end":{"line":54,"column":36}},"54":{"start":{"line":55,"column":0},"end":{"line":55,"column":21}},"56":{"start":{"line":57,"column":0},"end":{"line":57,"column":25}},"57":{"start":{"line":58,"column":0},"end":{"line":58,"column":35}},"58":{"start":{"line":59,"column":0},"end":{"line":59,"column":52}},"59":{"start":{"line":60,"column":0},"end":{"line":60,"column":79}},"60":{"start":{"line":61,"column":0},"end":{"line":61,"column":6}},"61":{"start":{"line":62,"column":0},"end":{"line":62,"column":5}},"63":{"start":{"line":64,"column":0},"end":{"line":64,"column":3}},"64":{"start":{"line":65,"column":0},"end":{"line":65,"column":43}},"65":{"start":{"line":66,"column":0},"end":{"line":66,"column":48}},"66":{"start":{"line":67,"column":0},"end":{"line":67,"column":58}},"67":{"start":{"line":68,"column":0},"end":{"line":68,"column":3}},"68":{"start":{"line":69,"column":0},"end":{"line":69,"column":46}},"69":{"start":{"line":70,"column":0},"end":{"line":70,"column":37}},"70":{"start":{"line":71,"column":0},"end":{"line":71,"column":30}},"71":{"start":{"line":72,"column":0},"end":{"line":72,"column":49}},"72":{"start":{"line":73,"column":0},"end":{"line":73,"column":2}}},"s":{"1":1,"2":1,"4":1,"5":1,"7":1,"8":1,"9":1,"10":1,"12":1,"13":1,"14":1,"15":1,"16":1,"17":1,"18":1,"19":0,"20":0,"21":0,"22":0,"23":0,"24":0,"26":1,"27":1,"28":1,"29":1,"30":1,"31":1,"32":11,"33":11,"34":11,"35":11,"36":11,"38":1,"39":1,"40":14,"41":14,"42":14,"43":14,"44":14,"45":14,"46":14,"48":1,"49":1,"50":1,"51":1,"52":1,"53":1,"54":7,"56":7,"57":14,"58":14,"59":14,"60":7,"61":1,"63":1,"64":1,"65":1,"66":1,"67":1,"68":1,"69":7,"70":7,"71":7,"72":7},"branchMap":{"0":{"type":"branch","line":32,"loc":{"start":{"line":32,"column":36},"end":{"line":37,"column":2}},"locations":[{"start":{"line":32,"column":36},"end":{"line":37,"column":2}}]},"1":{"type":"branch","line":40,"loc":{"start":{"line":40,"column":27},"end":{"line":47,"column":2}},"locations":[{"start":{"line":40,"column":27},"end":{"line":47,"column":2}}]},"2":{"type":"branch","line":54,"loc":{"start":{"line":54,"column":29},"end":{"line":62,"column":2}},"locations":[{"start":{"line":54,"column":29},"end":{"line":62,"column":2}}]},"3":{"type":"branch","line":57,"loc":{"start":{"line":57,"column":11},"end":{"line":61,"column":5}},"locations":[{"start":{"line":57,"column":11},"end":{"line":61,"column":5}}]},"4":{"type":"branch","line":60,"loc":{"start":{"line":60,"column":26},"end":{"line":60,"column":78}},"locations":[{"start":{"line":60,"column":26},"end":{"line":60,"column":78}}]},"5":{"type":"branch","line":69,"loc":{"start":{"line":69,"column":25},"end":{"line":73,"column":2}},"locations":[{"start":{"line":69,"column":25},"end":{"line":73,"column":2}}]}},"b":{"0":[11],"1":[14],"2":[7],"3":[14],"4":[13],"5":[7]},"fnMap":{"0":{"name":"createEffectEnv","decl":{"start":{"line":19,"column":31},"end":{"line":25,"column":2}},"loc":{"start":{"line":19,"column":31},"end":{"line":25,"column":2}},"line":19},"1":{"name":"createStringTemplate","decl":{"start":{"line":32,"column":36},"end":{"line":37,"column":2}},"loc":{"start":{"line":32,"column":36},"end":{"line":37,"column":2}},"line":32},"2":{"name":"createFunctionBody","decl":{"start":{"line":40,"column":27},"end":{"line":47,"column":2}},"loc":{"start":{"line":40,"column":27},"end":{"line":47,"column":2}},"line":40},"3":{"name":"runEffect","decl":{"start":{"line":69,"column":25},"end":{"line":73,"column":2}},"loc":{"start":{"line":69,"column":25},"end":{"line":73,"column":2}},"line":69}},"f":{"0":0,"1":11,"2":14,"3":7}}
,"/home/sean/Documents/github/ensoJS/src/core/fragment.js": {"path":"/home/sean/Documents/github/ensoJS/src/core/fragment.js","all":false,"statementMap":{"1":{"start":{"line":2,"column":0},"end":{"line":2,"column":15}},"2":{"start":{"line":3,"column":0},"end":{"line":3,"column":60}},"4":{"start":{"line":5,"column":0},"end":{"line":5,"column":62}},"5":{"start":{"line":6,"column":0},"end":{"line":6,"column":55}},"6":{"start":{"line":7,"column":0},"end":{"line":7,"column":9}},"13":{"start":{"line":14,"column":0},"end":{"line":14,"column":3}},"14":{"start":{"line":15,"column":0},"end":{"line":15,"column":27}},"15":{"start":{"line":16,"column":0},"end":{"line":16,"column":3}},"16":{"start":{"line":17,"column":0},"end":{"line":17,"column":73}},"17":{"start":{"line":18,"column":0},"end":{"line":18,"column":47}},"18":{"start":{"line":19,"column":0},"end":{"line":19,"column":3}},"19":{"start":{"line":20,"column":0},"end":{"line":20,"column":79}},"20":{"start":{"line":21,"column":0},"end":{"line":21,"column":3}},"21":{"start":{"line":22,"column":0},"end":{"line":22,"column":3}},"22":{"start":{"line":23,"column":0},"end":{"line":23,"column":27}},"23":{"start":{"line":24,"column":0},"end":{"line":24,"column":56}},"24":{"start":{"line":25,"column":0},"end":{"line":25,"column":60}},"25":{"start":{"line":26,"column":0},"end":{"line":26,"column":45}},"26":{"start":{"line":27,"column":0},"end":{"line":27,"column":46}},"27":{"start":{"line":28,"column":0},"end":{"line":28,"column":79}},"28":{"start":{"line":29,"column":0},"end":{"line":29,"column":49}},"29":{"start":{"line":30,"column":0},"end":{"line":30,"column":49}},"31":{"start":{"line":32,"column":0},"end":{"line":32,"column":46}},"33":{"start":{"line":34,"column":0},"end":{"line":34,"column":78}},"34":{"start":{"line":35,"column":0},"end":{"line":35,"column":77}},"36":{"start":{"line":37,"column":0},"end":{"line":37,"column":48}},"37":{"start":{"line":38,"column":0},"end":{"line":38,"column":43}},"38":{"start":{"line":39,"column":0},"end":{"line":39,"column":37}},"39":{"start":{"line":40,"column":0},"end":{"line":40,"column":30}},"40":{"start":{"line":41,"column":0},"end":{"line":41,"column":32}},"42":{"start":{"line":43,"column":0},"end":{"line":43,"column":83}},"43":{"start":{"line":44,"column":0},"end":{"line":44,"column":56}},"44":{"start":{"line":45,"column":0},"end":{"line":45,"column":46}},"46":{"start":{"line":47,"column":0},"end":{"line":47,"column":31}},"47":{"start":{"line":48,"column":0},"end":{"line":48,"column":32}},"49":{"start":{"line":50,"column":0},"end":{"line":50,"column":37}},"50":{"start":{"line":51,"column":0},"end":{"line":51,"column":62}},"51":{"start":{"line":52,"column":0},"end":{"line":52,"column":68}},"52":{"start":{"line":53,"column":0},"end":{"line":53,"column":9}},"54":{"start":{"line":55,"column":0},"end":{"line":55,"column":47}},"55":{"start":{"line":56,"column":0},"end":{"line":56,"column":62}},"56":{"start":{"line":57,"column":0},"end":{"line":57,"column":5}},"58":{"start":{"line":59,"column":0},"end":{"line":59,"column":27}},"59":{"start":{"line":60,"column":0},"end":{"line":60,"column":41}},"60":{"start":{"line":61,"column":0},"end":{"line":61,"column":47}},"61":{"start":{"line":62,"column":0},"end":{"line":62,"column":47}},"63":{"start":{"line":64,"column":0},"end":{"line":64,"column":39}},"64":{"start":{"line":65,"column":0},"end":{"line":65,"column":48}},"65":{"start":{"line":66,"column":0},"end":{"line":66,"column":47}},"66":{"start":{"line":67,"column":0},"end":{"line":67,"column":47}},"67":{"start":{"line":68,"column":0},"end":{"line":68,"column":39}},"68":{"start":{"line":69,"column":0},"end":{"line":69,"column":37}},"69":{"start":{"line":70,"column":0},"end":{"line":70,"column":20}},"70":{"start":{"line":71,"column":0},"end":{"line":71,"column":60}},"71":{"start":{"line":72,"column":0},"end":{"line":72,"column":5}},"73":{"start":{"line":74,"column":0},"end":{"line":74,"column":61}},"75":{"start":{"line":76,"column":0},"end":{"line":76,"column":27}},"76":{"start":{"line":77,"column":0},"end":{"line":77,"column":38}},"77":{"start":{"line":78,"column":0},"end":{"line":78,"column":5}},"79":{"start":{"line":80,"column":0},"end":{"line":80,"column":25}},"80":{"start":{"line":81,"column":0},"end":{"line":81,"column":41}},"81":{"start":{"line":82,"column":0},"end":{"line":82,"column":5}},"83":{"start":{"line":84,"column":0},"end":{"line":84,"column":31}},"84":{"start":{"line":85,"column":0},"end":{"line":85,"column":35}},"85":{"start":{"line":86,"column":0},"end":{"line":86,"column":5}},"87":{"start":{"line":88,"column":0},"end":{"line":88,"column":27}},"88":{"start":{"line":89,"column":0},"end":{"line":89,"column":25}},"89":{"start":{"line":90,"column":0},"end":{"line":90,"column":43}},"90":{"start":{"line":91,"column":0},"end":{"line":91,"column":5}},"92":{"start":{"line":93,"column":0},"end":{"line":93,"column":13}},"93":{"start":{"line":94,"column":0},"end":{"line":94,"column":60}},"95":{"start":{"line":96,"column":0},"end":{"line":96,"column":39}},"96":{"start":{"line":97,"column":0},"end":{"line":97,"column":30}},"97":{"start":{"line":98,"column":0},"end":{"line":98,"column":23}},"98":{"start":{"line":99,"column":0},"end":{"line":99,"column":5}},"100":{"start":{"line":101,"column":0},"end":{"line":101,"column":53}},"102":{"start":{"line":103,"column":0},"end":{"line":103,"column":16}},"103":{"start":{"line":104,"column":0},"end":{"line":104,"column":55}},"104":{"start":{"line":105,"column":0},"end":{"line":105,"column":25}},"105":{"start":{"line":106,"column":0},"end":{"line":106,"column":5}},"108":{"start":{"line":109,"column":0},"end":{"line":109,"column":15}},"109":{"start":{"line":110,"column":0},"end":{"line":110,"column":29}},"110":{"start":{"line":111,"column":0},"end":{"line":111,"column":31}},"111":{"start":{"line":112,"column":0},"end":{"line":112,"column":5}},"112":{"start":{"line":113,"column":0},"end":{"line":113,"column":1}}},"s":{"1":1,"2":1,"4":1,"5":1,"6":1,"13":1,"14":1,"15":1,"16":1,"17":1,"18":1,"19":1,"20":1,"21":1,"22":1,"23":2,"24":2,"25":2,"26":2,"27":2,"28":2,"29":2,"31":2,"33":2,"34":2,"36":2,"37":2,"38":2,"39":2,"40":2,"42":2,"43":2,"44":2,"46":2,"47":2,"49":2,"50":2,"51":8,"52":8,"54":2,"55":2,"56":2,"58":2,"59":2,"60":2,"61":2,"63":2,"64":2,"65":2,"66":2,"67":2,"68":2,"69":2,"70":0,"71":0,"73":2,"75":2,"76":1,"77":1,"79":2,"80":3,"81":3,"83":2,"84":3,"85":3,"87":2,"88":2,"89":0,"90":0,"92":2,"93":1,"95":1,"96":1,"97":1,"98":1,"100":2,"102":2,"103":3,"104":3,"105":3,"108":2,"109":1,"110":1,"111":1,"112":2},"branchMap":{"0":{"type":"branch","line":23,"loc":{"start":{"line":23,"column":26},"end":{"line":113,"column":1}},"locations":[{"start":{"line":23,"column":26},"end":{"line":113,"column":1}}]},"1":{"type":"branch","line":37,"loc":{"start":{"line":37,"column":4},"end":{"line":57,"column":5}},"locations":[{"start":{"line":37,"column":4},"end":{"line":57,"column":5}}]},"2":{"type":"branch","line":51,"loc":{"start":{"line":51,"column":61},"end":{"line":53,"column":9}},"locations":[{"start":{"line":51,"column":61},"end":{"line":53,"column":9}}]},"3":{"type":"branch","line":61,"loc":{"start":{"line":61,"column":4},"end":{"line":61,"column":47}},"locations":[{"start":{"line":61,"column":4},"end":{"line":61,"column":47}}]},"4":{"type":"branch","line":65,"loc":{"start":{"line":65,"column":4},"end":{"line":65,"column":48}},"locations":[{"start":{"line":65,"column":4},"end":{"line":65,"column":48}}]},"5":{"type":"branch","line":66,"loc":{"start":{"line":66,"column":4},"end":{"line":66,"column":47}},"locations":[{"start":{"line":66,"column":4},"end":{"line":66,"column":47}}]},"6":{"type":"branch","line":67,"loc":{"start":{"line":67,"column":4},"end":{"line":67,"column":47}},"locations":[{"start":{"line":67,"column":4},"end":{"line":67,"column":47}}]},"7":{"type":"branch","line":68,"loc":{"start":{"line":68,"column":4},"end":{"line":68,"column":39}},"locations":[{"start":{"line":68,"column":4},"end":{"line":68,"column":39}}]},"8":{"type":"branch","line":69,"loc":{"start":{"line":69,"column":4},"end":{"line":69,"column":37}},"locations":[{"start":{"line":69,"column":4},"end":{"line":69,"column":37}}]},"9":{"type":"branch","line":74,"loc":{"start":{"line":74,"column":4},"end":{"line":74,"column":61}},"locations":[{"start":{"line":74,"column":4},"end":{"line":74,"column":61}}]},"10":{"type":"branch","line":76,"loc":{"start":{"line":76,"column":4},"end":{"line":78,"column":5}},"locations":[{"start":{"line":76,"column":4},"end":{"line":78,"column":5}}]},"11":{"type":"branch","line":80,"loc":{"start":{"line":80,"column":4},"end":{"line":82,"column":5}},"locations":[{"start":{"line":80,"column":4},"end":{"line":82,"column":5}}]},"12":{"type":"branch","line":84,"loc":{"start":{"line":84,"column":4},"end":{"line":86,"column":5}},"locations":[{"start":{"line":84,"column":4},"end":{"line":86,"column":5}}]},"13":{"type":"branch","line":93,"loc":{"start":{"line":93,"column":4},"end":{"line":99,"column":5}},"locations":[{"start":{"line":93,"column":4},"end":{"line":99,"column":5}}]},"14":{"type":"branch","line":94,"loc":{"start":{"line":94,"column":53},"end":{"line":94,"column":60}},"locations":[{"start":{"line":94,"column":53},"end":{"line":94,"column":60}}]},"15":{"type":"branch","line":103,"loc":{"start":{"line":103,"column":4},"end":{"line":106,"column":5}},"locations":[{"start":{"line":103,"column":4},"end":{"line":106,"column":5}}]},"16":{"type":"branch","line":104,"loc":{"start":{"line":104,"column":36},"end":{"line":104,"column":53}},"locations":[{"start":{"line":104,"column":36},"end":{"line":104,"column":53}}]},"17":{"type":"branch","line":105,"loc":{"start":{"line":105,"column":11},"end":{"line":105,"column":25}},"locations":[{"start":{"line":105,"column":11},"end":{"line":105,"column":25}}]},"18":{"type":"branch","line":109,"loc":{"start":{"line":109,"column":4},"end":{"line":112,"column":5}},"locations":[{"start":{"line":109,"column":4},"end":{"line":112,"column":5}}]}},"b":{"0":[2],"1":[2],"2":[8],"3":[6],"4":[2],"5":[1],"6":[1],"7":[1],"8":[4],"9":[1],"10":[1],"11":[3],"12":[3],"13":[1],"14":[0],"15":[3],"16":[1],"17":[1],"18":[1]},"fnMap":{"0":{"name":"<instance_members_initializer>","decl":{"start":{"line":23,"column":26},"end":{"line":113,"column":1}},"loc":{"start":{"line":23,"column":26},"end":{"line":113,"column":1}},"line":23},"1":{"name":"EnsoFragment","decl":{"start":{"line":37,"column":4},"end":{"line":57,"column":5}},"loc":{"start":{"line":37,"column":4},"end":{"line":57,"column":5}},"line":37},"2":{"name":"get tag","decl":{"start":{"line":60,"column":4},"end":{"line":60,"column":41}},"loc":{"start":{"line":60,"column":4},"end":{"line":60,"column":41}},"line":60},"3":{"name":"get component","decl":{"start":{"line":61,"column":4},"end":{"line":61,"column":47}},"loc":{"start":{"line":61,"column":4},"end":{"line":61,"column":47}},"line":61},"4":{"name":"get isAttached","decl":{"start":{"line":62,"column":4},"end":{"line":62,"column":47}},"loc":{"start":{"line":62,"column":4},"end":{"line":62,"column":47}},"line":62},"5":{"name":"get #parentAttached","decl":{"start":{"line":74,"column":4},"end":{"line":74,"column":61}},"loc":{"start":{"line":74,"column":4},"end":{"line":74,"column":61}},"line":74},"6":{"name":"mount","decl":{"start":{"line":93,"column":4},"end":{"line":99,"column":5}},"loc":{"start":{"line":93,"column":4},"end":{"line":99,"column":5}},"line":93},"7":{"name":"unmount","decl":{"start":{"line":109,"column":4},"end":{"line":112,"column":5}},"loc":{"start":{"line":109,"column":4},"end":{"line":112,"column":5}},"line":109}},"f":{"0":2,"1":2,"2":0,"3":6,"4":0,"5":1,"6":1,"7":1}}
,"/home/sean/Documents/github/ensoJS/src/core/tags.js": {"path":"/home/sean/Documents/github/ensoJS/src/core/tags.js","all":false,"statementMap":{"1":{"start":{"line":2,"column":0},"end":{"line":2,"column":15}},"2":{"start":{"line":3,"column":0},"end":{"line":3,"column":60}},"4":{"start":{"line":5,"column":0},"end":{"line":5,"column":55}},"5":{"start":{"line":6,"column":0},"end":{"line":6,"column":53}},"8":{"start":{"line":9,"column":0},"end":{"line":9,"column":25}},"9":{"start":{"line":10,"column":0},"end":{"line":10,"column":83}},"11":{"start":{"line":12,"column":0},"end":{"line":12,"column":41}},"12":{"start":{"line":13,"column":0},"end":{"line":13,"column":60}},"13":{"start":{"line":14,"column":0},"end":{"line":14,"column":2}},"15":{"start":{"line":16,"column":0},"end":{"line":16,"column":3}},"16":{"start":{"line":17,"column":0},"end":{"line":17,"column":75}},"17":{"start":{"line":18,"column":0},"end":{"line":18,"column":52}},"18":{"start":{"line":19,"column":0},"end":{"line":19,"column":3}},"19":{"start":{"line":20,"column":0},"end":{"line":20,"column":46}},"20":{"start":{"line":21,"column":0},"end":{"line":21,"column":23}},"21":{"start":{"line":22,"column":0},"end":{"line":22,"column":43}},"22":{"start":{"line":23,"column":0},"end":{"line":23,"column":32}},"23":{"start":{"line":24,"column":0},"end":{"line":24,"column":42}},"24":{"start":{"line":25,"column":0},"end":{"line":25,"column":53}},"25":{"start":{"line":26,"column":0},"end":{"line":26,"column":11}},"26":{"start":{"line":27,"column":0},"end":{"line":27,"column":41}},"27":{"start":{"line":28,"column":0},"end":{"line":28,"column":2}},"29":{"start":{"line":30,"column":0},"end":{"line":30,"column":3}},"30":{"start":{"line":31,"column":0},"end":{"line":31,"column":58}},"31":{"start":{"line":32,"column":0},"end":{"line":32,"column":27}},"32":{"start":{"line":33,"column":0},"end":{"line":33,"column":3}},"33":{"start":{"line":34,"column":0},"end":{"line":34,"column":44}},"34":{"start":{"line":35,"column":0},"end":{"line":35,"column":49}},"35":{"start":{"line":36,"column":0},"end":{"line":36,"column":2}},"36":{"start":{"line":37,"column":0},"end":{"line":37,"column":4}},"37":{"start":{"line":38,"column":0},"end":{"line":38,"column":3}},"38":{"start":{"line":39,"column":0},"end":{"line":39,"column":61}},"39":{"start":{"line":40,"column":0},"end":{"line":40,"column":26}},"40":{"start":{"line":41,"column":0},"end":{"line":41,"column":3}},"41":{"start":{"line":42,"column":0},"end":{"line":42,"column":45}},"42":{"start":{"line":43,"column":0},"end":{"line":43,"column":49}},"43":{"start":{"line":44,"column":0},"end":{"line":44,"column":2}}},"s":{"1":1,"2":1,"4":1,"5":1,"8":1,"9":1,"11":1,"12":2,"13":2,"15":1,"16":1,"17":1,"18":1,"19":1,"20":11,"21":11,"22":30,"23":30,"24":30,"25":11,"26":11,"27":11,"29":1,"30":1,"31":1,"32":1,"33":1,"34":1,"35":1,"36":1,"37":1,"38":1,"39":1,"40":1,"41":1,"42":1,"43":1},"branchMap":{"0":{"type":"branch","line":10,"loc":{"start":{"line":10,"column":16},"end":{"line":10,"column":82}},"locations":[{"start":{"line":10,"column":16},"end":{"line":10,"column":82}}]},"1":{"type":"branch","line":10,"loc":{"start":{"line":10,"column":34},"end":{"line":10,"column":48}},"locations":[{"start":{"line":10,"column":34},"end":{"line":10,"column":48}}]},"2":{"type":"branch","line":10,"loc":{"start":{"line":10,"column":49},"end":{"line":10,"column":62}},"locations":[{"start":{"line":10,"column":49},"end":{"line":10,"column":62}}]},"3":{"type":"branch","line":10,"loc":{"start":{"line":10,"column":63},"end":{"line":10,"column":81}},"locations":[{"start":{"line":10,"column":63},"end":{"line":10,"column":81}}]},"4":{"type":"branch","line":12,"loc":{"start":{"line":12,"column":16},"end":{"line":14,"column":2}},"locations":[{"start":{"line":12,"column":16},"end":{"line":14,"column":2}}]},"5":{"type":"branch","line":13,"loc":{"start":{"line":13,"column":19},"end":{"line":13,"column":55}},"locations":[{"start":{"line":13,"column":19},"end":{"line":13,"column":55}}]},"6":{"type":"branch","line":20,"loc":{"start":{"line":20,"column":21},"end":{"line":28,"column":2}},"locations":[{"start":{"line":20,"column":21},"end":{"line":28,"column":2}}]},"7":{"type":"branch","line":27,"loc":{"start":{"line":27,"column":19},"end":{"line":27,"column":26}},"locations":[{"start":{"line":27,"column":19},"end":{"line":27,"column":26}}]},"8":{"type":"branch","line":27,"loc":{"start":{"line":27,"column":28},"end":{"line":27,"column":34}},"locations":[{"start":{"line":27,"column":28},"end":{"line":27,"column":34}}]},"9":{"type":"branch","line":27,"loc":{"start":{"line":27,"column":35},"end":{"line":27,"column":40}},"locations":[{"start":{"line":27,"column":35},"end":{"line":27,"column":40}}]},"10":{"type":"branch","line":22,"loc":{"start":{"line":22,"column":31},"end":{"line":26,"column":5}},"locations":[{"start":{"line":22,"column":31},"end":{"line":26,"column":5}}]},"11":{"type":"branch","line":24,"loc":{"start":{"line":24,"column":28},"end":{"line":24,"column":42}},"locations":[{"start":{"line":24,"column":28},"end":{"line":24,"column":42}}]},"12":{"type":"branch","line":25,"loc":{"start":{"line":25,"column":39},"end":{"line":25,"column":46}},"locations":[{"start":{"line":25,"column":39},"end":{"line":25,"column":46}}]},"13":{"type":"branch","line":25,"loc":{"start":{"line":25,"column":47},"end":{"line":25,"column":51}},"locations":[{"start":{"line":25,"column":47},"end":{"line":25,"column":51}}]},"14":{"type":"branch","line":34,"loc":{"start":{"line":34,"column":19},"end":{"line":36,"column":2}},"locations":[{"start":{"line":34,"column":19},"end":{"line":36,"column":2}}]},"15":{"type":"branch","line":42,"loc":{"start":{"line":42,"column":20},"end":{"line":44,"column":2}},"locations":[{"start":{"line":42,"column":20},"end":{"line":44,"column":2}}]}},"b":{"0":[30],"1":[28],"2":[25],"3":[23],"4":[2],"5":[2],"6":[11],"7":[2],"8":[2],"9":[9],"10":[30],"11":[2],"12":[10],"13":[20],"14":[1],"15":[1]},"fnMap":{"0":{"name":"isValid","decl":{"start":{"line":10,"column":16},"end":{"line":10,"column":82}},"loc":{"start":{"line":10,"column":16},"end":{"line":10,"column":82}},"line":10},"1":{"name":"combine","decl":{"start":{"line":12,"column":16},"end":{"line":14,"column":2}},"loc":{"start":{"line":12,"column":16},"end":{"line":14,"column":2}},"line":12},"2":{"name":"parse","decl":{"start":{"line":20,"column":21},"end":{"line":28,"column":2}},"loc":{"start":{"line":20,"column":21},"end":{"line":28,"column":2}},"line":20},"3":{"name":"css","decl":{"start":{"line":34,"column":19},"end":{"line":36,"column":2}},"loc":{"start":{"line":34,"column":19},"end":{"line":36,"column":2}},"line":34},"4":{"name":"html","decl":{"start":{"line":42,"column":20},"end":{"line":44,"column":2}},"loc":{"start":{"line":42,"column":20},"end":{"line":44,"column":2}},"line":42}},"f":{"0":30,"1":2,"2":11,"3":1,"4":1}}
,"/home/sean/Documents/github/ensoJS/src/core/watcher.js": {"path":"/home/sean/Documents/github/ensoJS/src/core/watcher.js","all":false,"statementMap":{"1":{"start":{"line":2,"column":0},"end":{"line":2,"column":15}},"2":{"start":{"line":3,"column":0},"end":{"line":3,"column":60}},"4":{"start":{"line":5,"column":0},"end":{"line":5,"column":30}},"6":{"start":{"line":7,"column":0},"end":{"line":7,"column":42}},"7":{"start":{"line":8,"column":0},"end":{"line":8,"column":33}},"8":{"start":{"line":9,"column":0},"end":{"line":9,"column":58}},"10":{"start":{"line":11,"column":0},"end":{"line":11,"column":58}},"11":{"start":{"line":12,"column":0},"end":{"line":12,"column":48}},"12":{"start":{"line":13,"column":0},"end":{"line":13,"column":9}},"13":{"start":{"line":14,"column":0},"end":{"line":14,"column":21}},"14":{"start":{"line":15,"column":0},"end":{"line":15,"column":6}},"16":{"start":{"line":17,"column":0},"end":{"line":17,"column":40}},"17":{"start":{"line":18,"column":0},"end":{"line":18,"column":38}},"18":{"start":{"line":19,"column":0},"end":{"line":19,"column":66}},"20":{"start":{"line":21,"column":0},"end":{"line":21,"column":33}},"21":{"start":{"line":22,"column":0},"end":{"line":22,"column":27}},"22":{"start":{"line":23,"column":0},"end":{"line":23,"column":9}},"24":{"start":{"line":25,"column":0},"end":{"line":25,"column":22}},"25":{"start":{"line":26,"column":0},"end":{"line":26,"column":6}},"26":{"start":{"line":27,"column":0},"end":{"line":27,"column":3}},"28":{"start":{"line":29,"column":0},"end":{"line":29,"column":57}},"29":{"start":{"line":30,"column":0},"end":{"line":30,"column":45}},"30":{"start":{"line":31,"column":0},"end":{"line":31,"column":4}},"31":{"start":{"line":32,"column":0},"end":{"line":32,"column":12}},"32":{"start":{"line":33,"column":0},"end":{"line":33,"column":16}},"33":{"start":{"line":34,"column":0},"end":{"line":34,"column":37}},"34":{"start":{"line":35,"column":0},"end":{"line":35,"column":62}},"35":{"start":{"line":36,"column":0},"end":{"line":36,"column":71}},"36":{"start":{"line":37,"column":0},"end":{"line":37,"column":37}},"37":{"start":{"line":38,"column":0},"end":{"line":38,"column":61}},"38":{"start":{"line":39,"column":0},"end":{"line":39,"column":35}},"39":{"start":{"line":40,"column":0},"end":{"line":40,"column":34}},"40":{"start":{"line":41,"column":0},"end":{"line":41,"column":18}},"41":{"start":{"line":42,"column":0},"end":{"line":42,"column":13}},"42":{"start":{"line":43,"column":0},"end":{"line":43,"column":52}},"43":{"start":{"line":44,"column":0},"end":{"line":44,"column":9}},"44":{"start":{"line":45,"column":0},"end":{"line":45,"column":6}},"45":{"start":{"line":46,"column":0},"end":{"line":46,"column":2}},"47":{"start":{"line":48,"column":0},"end":{"line":48,"column":17}},"48":{"start":{"line":49,"column":0},"end":{"line":49,"column":81}},"49":{"start":{"line":50,"column":0},"end":{"line":50,"column":45}},"50":{"start":{"line":51,"column":0},"end":{"line":51,"column":45}},"51":{"start":{"line":52,"column":0},"end":{"line":52,"column":2}},"53":{"start":{"line":54,"column":0},"end":{"line":54,"column":48}},"54":{"start":{"line":55,"column":0},"end":{"line":55,"column":84}},"55":{"start":{"line":56,"column":0},"end":{"line":56,"column":82}},"56":{"start":{"line":57,"column":0},"end":{"line":57,"column":82}},"57":{"start":{"line":58,"column":0},"end":{"line":58,"column":39}},"58":{"start":{"line":59,"column":0},"end":{"line":59,"column":2}},"60":{"start":{"line":61,"column":0},"end":{"line":61,"column":50}},"61":{"start":{"line":62,"column":0},"end":{"line":62,"column":69}},"62":{"start":{"line":63,"column":0},"end":{"line":63,"column":2}},"63":{"start":{"line":64,"column":0},"end":{"line":64,"column":56}},"64":{"start":{"line":65,"column":0},"end":{"line":65,"column":2}},"65":{"start":{"line":66,"column":0},"end":{"line":66,"column":55}},"66":{"start":{"line":67,"column":0},"end":{"line":67,"column":45}},"67":{"start":{"line":68,"column":0},"end":{"line":68,"column":31}},"68":{"start":{"line":69,"column":0},"end":{"line":69,"column":17}},"69":{"start":{"line":70,"column":0},"end":{"line":70,"column":2}}},"s":{"1":1,"2":1,"4":1,"6":1,"7":0,"8":0,"10":0,"11":0,"12":0,"13":0,"14":0,"16":0,"17":0,"18":0,"20":0,"21":0,"22":0,"24":0,"25":0,"26":1,"28":1,"29":0,"30":0,"31":0,"32":0,"33":0,"34":0,"35":0,"36":0,"37":0,"38":0,"39":0,"40":0,"41":0,"42":0,"43":0,"44":0,"45":0,"47":1,"48":1,"49":1,"50":1,"51":1,"53":1,"54":0,"55":0,"56":0,"57":0,"58":0,"60":1,"61":0,"62":0,"63":0,"64":0,"65":0,"66":0,"67":0,"68":0,"69":0},"branchMap":{},"b":{},"fnMap":{"0":{"name":"baseWatcher","decl":{"start":{"line":7,"column":20},"end":{"line":27,"column":2}},"loc":{"start":{"line":7,"column":20},"end":{"line":27,"column":2}},"line":7},"1":{"name":"mutatorWatcher","decl":{"start":{"line":29,"column":23},"end":{"line":46,"column":2}},"loc":{"start":{"line":29,"column":23},"end":{"line":46,"column":2}},"line":29},"2":{"name":"getWatcher","decl":{"start":{"line":54,"column":19},"end":{"line":59,"column":2}},"loc":{"start":{"line":54,"column":19},"end":{"line":59,"column":2}},"line":54},"3":{"name":"watch","decl":{"start":{"line":61,"column":21},"end":{"line":70,"column":2}},"loc":{"start":{"line":61,"column":21},"end":{"line":70,"column":2}},"line":61}},"f":{"0":0,"1":0,"2":0,"3":0}}
,"/home/sean/Documents/github/ensoJS/src/templates/nodedef.js": {"path":"/home/sean/Documents/github/ensoJS/src/templates/nodedef.js","all":false,"statementMap":{"1":{"start":{"line":2,"column":0},"end":{"line":2,"column":15}},"2":{"start":{"line":3,"column":0},"end":{"line":3,"column":60}},"4":{"start":{"line":5,"column":0},"end":{"line":5,"column":42}},"5":{"start":{"line":6,"column":0},"end":{"line":6,"column":60}},"8":{"start":{"line":9,"column":0},"end":{"line":9,"column":28}},"9":{"start":{"line":10,"column":0},"end":{"line":10,"column":40}},"10":{"start":{"line":11,"column":0},"end":{"line":11,"column":33}},"11":{"start":{"line":12,"column":0},"end":{"line":12,"column":2}},"13":{"start":{"line":14,"column":0},"end":{"line":14,"column":22}},"14":{"start":{"line":15,"column":0},"end":{"line":15,"column":8}},"15":{"start":{"line":16,"column":0},"end":{"line":16,"column":9}},"16":{"start":{"line":17,"column":0},"end":{"line":17,"column":10}},"17":{"start":{"line":18,"column":0},"end":{"line":18,"column":30}},"18":{"start":{"line":19,"column":0},"end":{"line":19,"column":83}},"19":{"start":{"line":20,"column":0},"end":{"line":20,"column":46}},"20":{"start":{"line":21,"column":0},"end":{"line":21,"column":49}},"21":{"start":{"line":22,"column":0},"end":{"line":22,"column":44}},"22":{"start":{"line":23,"column":0},"end":{"line":23,"column":40}},"23":{"start":{"line":24,"column":0},"end":{"line":24,"column":51}},"24":{"start":{"line":25,"column":0},"end":{"line":25,"column":4}},"25":{"start":{"line":26,"column":0},"end":{"line":26,"column":32}},"26":{"start":{"line":27,"column":0},"end":{"line":27,"column":22}},"27":{"start":{"line":28,"column":0},"end":{"line":28,"column":24}},"28":{"start":{"line":29,"column":0},"end":{"line":29,"column":26}},"29":{"start":{"line":30,"column":0},"end":{"line":30,"column":5}},"31":{"start":{"line":32,"column":0},"end":{"line":32,"column":33}},"32":{"start":{"line":33,"column":0},"end":{"line":33,"column":39}},"33":{"start":{"line":34,"column":0},"end":{"line":34,"column":37}},"34":{"start":{"line":35,"column":0},"end":{"line":35,"column":35}},"36":{"start":{"line":37,"column":0},"end":{"line":37,"column":17}},"37":{"start":{"line":38,"column":0},"end":{"line":38,"column":35}},"38":{"start":{"line":39,"column":0},"end":{"line":39,"column":19}},"39":{"start":{"line":40,"column":0},"end":{"line":40,"column":25}},"40":{"start":{"line":41,"column":0},"end":{"line":41,"column":27}},"41":{"start":{"line":42,"column":0},"end":{"line":42,"column":5}},"43":{"start":{"line":44,"column":0},"end":{"line":44,"column":13}},"44":{"start":{"line":45,"column":0},"end":{"line":45,"column":26}},"45":{"start":{"line":46,"column":0},"end":{"line":46,"column":42}},"46":{"start":{"line":47,"column":0},"end":{"line":47,"column":27}},"47":{"start":{"line":48,"column":0},"end":{"line":48,"column":5}},"48":{"start":{"line":49,"column":0},"end":{"line":49,"column":41}},"50":{"start":{"line":51,"column":0},"end":{"line":51,"column":17}},"51":{"start":{"line":52,"column":0},"end":{"line":52,"column":39}},"52":{"start":{"line":53,"column":0},"end":{"line":53,"column":50}},"53":{"start":{"line":54,"column":0},"end":{"line":54,"column":27}},"54":{"start":{"line":55,"column":0},"end":{"line":55,"column":5}},"55":{"start":{"line":56,"column":0},"end":{"line":56,"column":44}},"57":{"start":{"line":58,"column":0},"end":{"line":58,"column":14}},"58":{"start":{"line":59,"column":0},"end":{"line":59,"column":46}},"59":{"start":{"line":60,"column":0},"end":{"line":60,"column":61}},"60":{"start":{"line":61,"column":0},"end":{"line":61,"column":27}},"61":{"start":{"line":62,"column":0},"end":{"line":62,"column":5}},"62":{"start":{"line":63,"column":0},"end":{"line":63,"column":43}},"64":{"start":{"line":65,"column":0},"end":{"line":65,"column":16}},"65":{"start":{"line":66,"column":0},"end":{"line":66,"column":18}},"66":{"start":{"line":67,"column":0},"end":{"line":67,"column":35}},"67":{"start":{"line":68,"column":0},"end":{"line":68,"column":44}},"68":{"start":{"line":69,"column":0},"end":{"line":69,"column":40}},"69":{"start":{"line":70,"column":0},"end":{"line":70,"column":36}},"70":{"start":{"line":71,"column":0},"end":{"line":71,"column":11}},"71":{"start":{"line":72,"column":0},"end":{"line":72,"column":60}},"72":{"start":{"line":73,"column":0},"end":{"line":73,"column":5}},"73":{"start":{"line":74,"column":0},"end":{"line":74,"column":47}},"75":{"start":{"line":76,"column":0},"end":{"line":76,"column":14}},"76":{"start":{"line":77,"column":0},"end":{"line":77,"column":26}},"77":{"start":{"line":78,"column":0},"end":{"line":78,"column":34}},"78":{"start":{"line":79,"column":0},"end":{"line":79,"column":5}},"80":{"start":{"line":81,"column":0},"end":{"line":81,"column":19}},"81":{"start":{"line":82,"column":0},"end":{"line":82,"column":29}},"82":{"start":{"line":83,"column":0},"end":{"line":83,"column":5}},"84":{"start":{"line":85,"column":0},"end":{"line":85,"column":24}},"85":{"start":{"line":86,"column":0},"end":{"line":86,"column":27}},"86":{"start":{"line":87,"column":0},"end":{"line":87,"column":65}},"87":{"start":{"line":88,"column":0},"end":{"line":88,"column":5}},"88":{"start":{"line":89,"column":0},"end":{"line":89,"column":14}},"89":{"start":{"line":90,"column":0},"end":{"line":90,"column":47}},"90":{"start":{"line":91,"column":0},"end":{"line":91,"column":5}},"91":{"start":{"line":92,"column":0},"end":{"line":92,"column":14}},"92":{"start":{"line":93,"column":0},"end":{"line":93,"column":51}},"93":{"start":{"line":94,"column":0},"end":{"line":94,"column":5}},"95":{"start":{"line":96,"column":0},"end":{"line":96,"column":32}},"96":{"start":{"line":97,"column":0},"end":{"line":97,"column":42}},"98":{"start":{"line":99,"column":0},"end":{"line":99,"column":42}},"99":{"start":{"line":100,"column":0},"end":{"line":100,"column":49}},"100":{"start":{"line":101,"column":0},"end":{"line":101,"column":9}},"101":{"start":{"line":102,"column":0},"end":{"line":102,"column":40}},"102":{"start":{"line":103,"column":0},"end":{"line":103,"column":5}},"103":{"start":{"line":104,"column":0},"end":{"line":104,"column":15}},"104":{"start":{"line":105,"column":0},"end":{"line":105,"column":42}},"105":{"start":{"line":106,"column":0},"end":{"line":106,"column":39}},"106":{"start":{"line":107,"column":0},"end":{"line":107,"column":5}},"107":{"start":{"line":108,"column":0},"end":{"line":108,"column":17}},"108":{"start":{"line":109,"column":0},"end":{"line":109,"column":51}},"109":{"start":{"line":110,"column":0},"end":{"line":110,"column":5}},"111":{"start":{"line":112,"column":0},"end":{"line":112,"column":23}},"112":{"start":{"line":113,"column":0},"end":{"line":113,"column":36}},"113":{"start":{"line":114,"column":0},"end":{"line":114,"column":37}},"114":{"start":{"line":115,"column":0},"end":{"line":115,"column":26}},"115":{"start":{"line":116,"column":0},"end":{"line":116,"column":32}},"116":{"start":{"line":117,"column":0},"end":{"line":117,"column":24}},"117":{"start":{"line":118,"column":0},"end":{"line":118,"column":5}},"118":{"start":{"line":119,"column":0},"end":{"line":119,"column":1}},"120":{"start":{"line":121,"column":0},"end":{"line":121,"column":25}},"121":{"start":{"line":122,"column":0},"end":{"line":122,"column":21}},"123":{"start":{"line":124,"column":0},"end":{"line":124,"column":41}},"125":{"start":{"line":126,"column":0},"end":{"line":126,"column":18}},"126":{"start":{"line":127,"column":0},"end":{"line":127,"column":41}},"127":{"start":{"line":128,"column":0},"end":{"line":128,"column":47}},"128":{"start":{"line":129,"column":0},"end":{"line":129,"column":9}},"129":{"start":{"line":130,"column":0},"end":{"line":130,"column":5}},"131":{"start":{"line":132,"column":0},"end":{"line":132,"column":13}},"132":{"start":{"line":133,"column":0},"end":{"line":133,"column":56}},"133":{"start":{"line":134,"column":0},"end":{"line":134,"column":20}},"134":{"start":{"line":135,"column":0},"end":{"line":135,"column":5}},"135":{"start":{"line":136,"column":0},"end":{"line":136,"column":21}},"136":{"start":{"line":137,"column":0},"end":{"line":137,"column":56}},"137":{"start":{"line":138,"column":0},"end":{"line":138,"column":48}},"138":{"start":{"line":139,"column":0},"end":{"line":139,"column":33}},"139":{"start":{"line":140,"column":0},"end":{"line":140,"column":5}},"140":{"start":{"line":141,"column":0},"end":{"line":141,"column":21}},"141":{"start":{"line":142,"column":0},"end":{"line":142,"column":56}},"142":{"start":{"line":143,"column":0},"end":{"line":143,"column":48}},"143":{"start":{"line":144,"column":0},"end":{"line":144,"column":33}},"144":{"start":{"line":145,"column":0},"end":{"line":145,"column":5}},"146":{"start":{"line":147,"column":0},"end":{"line":147,"column":18}},"147":{"start":{"line":148,"column":0},"end":{"line":148,"column":36}},"148":{"start":{"line":149,"column":0},"end":{"line":149,"column":49}},"150":{"start":{"line":151,"column":0},"end":{"line":151,"column":38}},"151":{"start":{"line":152,"column":0},"end":{"line":152,"column":90}},"152":{"start":{"line":153,"column":0},"end":{"line":153,"column":45}},"153":{"start":{"line":154,"column":0},"end":{"line":154,"column":10}},"154":{"start":{"line":155,"column":0},"end":{"line":155,"column":5}},"156":{"start":{"line":157,"column":0},"end":{"line":157,"column":22}},"157":{"start":{"line":158,"column":0},"end":{"line":158,"column":54}},"158":{"start":{"line":159,"column":0},"end":{"line":159,"column":27}},"159":{"start":{"line":160,"column":0},"end":{"line":160,"column":22}},"160":{"start":{"line":161,"column":0},"end":{"line":161,"column":19}},"161":{"start":{"line":162,"column":0},"end":{"line":162,"column":5}},"163":{"start":{"line":164,"column":0},"end":{"line":164,"column":25}},"164":{"start":{"line":165,"column":0},"end":{"line":165,"column":34}},"165":{"start":{"line":166,"column":0},"end":{"line":166,"column":5}},"166":{"start":{"line":167,"column":0},"end":{"line":167,"column":1}}},"s":{"1":1,"2":1,"4":1,"5":1,"8":1,"9":53,"10":53,"11":53,"13":1,"14":60,"15":60,"16":60,"17":60,"18":60,"19":60,"20":60,"21":60,"22":60,"23":60,"24":60,"25":60,"26":60,"27":60,"28":60,"29":60,"31":60,"32":60,"33":60,"34":60,"36":60,"37":60,"38":60,"39":5,"40":5,"41":5,"43":60,"44":60,"45":5,"46":5,"47":5,"48":60,"50":60,"51":60,"52":6,"53":6,"54":6,"55":60,"57":60,"58":60,"59":6,"60":6,"61":6,"62":60,"64":60,"65":60,"66":6,"67":6,"68":6,"69":6,"70":6,"71":6,"72":6,"73":60,"75":60,"76":60,"77":20,"78":20,"80":60,"81":38,"82":38,"84":60,"85":60,"86":11,"87":11,"88":60,"89":3,"90":3,"91":60,"92":3,"93":3,"95":60,"96":33,"98":33,"99":28,"100":28,"101":33,"102":33,"103":60,"104":1,"105":1,"106":1,"107":60,"108":3,"109":3,"111":60,"112":3,"113":3,"114":3,"115":3,"116":3,"117":3,"118":60,"120":1,"121":36,"123":36,"125":36,"126":52,"127":42,"128":42,"129":52,"131":36,"132":5,"133":1,"134":5,"135":36,"136":13,"137":11,"138":11,"139":13,"140":36,"141":7,"142":5,"143":5,"144":7,"146":36,"147":19,"148":19,"150":19,"151":19,"152":12,"153":19,"154":19,"156":36,"157":4,"158":4,"159":4,"160":4,"161":4,"163":36,"164":2,"165":2,"166":36},"branchMap":{"0":{"type":"branch","line":9,"loc":{"start":{"line":9,"column":19},"end":{"line":12,"column":2}},"locations":[{"start":{"line":9,"column":19},"end":{"line":12,"column":2}}]},"1":{"type":"branch","line":10,"loc":{"start":{"line":10,"column":39},"end":{"line":11,"column":26}},"locations":[{"start":{"line":10,"column":39},"end":{"line":11,"column":26}}]},"2":{"type":"branch","line":11,"loc":{"start":{"line":11,"column":27},"end":{"line":11,"column":33}},"locations":[{"start":{"line":11,"column":27},"end":{"line":11,"column":33}}]},"3":{"type":"branch","line":14,"loc":{"start":{"line":14,"column":21},"end":{"line":119,"column":1}},"locations":[{"start":{"line":14,"column":21},"end":{"line":119,"column":1}}]},"4":{"type":"branch","line":26,"loc":{"start":{"line":26,"column":4},"end":{"line":30,"column":5}},"locations":[{"start":{"line":26,"column":4},"end":{"line":30,"column":5}}]},"5":{"type":"branch","line":32,"loc":{"start":{"line":32,"column":4},"end":{"line":32,"column":33}},"locations":[{"start":{"line":32,"column":4},"end":{"line":32,"column":33}}]},"6":{"type":"branch","line":34,"loc":{"start":{"line":34,"column":4},"end":{"line":34,"column":37}},"locations":[{"start":{"line":34,"column":4},"end":{"line":34,"column":37}}]},"7":{"type":"branch","line":35,"loc":{"start":{"line":35,"column":4},"end":{"line":35,"column":35}},"locations":[{"start":{"line":35,"column":4},"end":{"line":35,"column":35}}]},"8":{"type":"branch","line":38,"loc":{"start":{"line":38,"column":4},"end":{"line":38,"column":35}},"locations":[{"start":{"line":38,"column":4},"end":{"line":38,"column":35}}]},"9":{"type":"branch","line":39,"loc":{"start":{"line":39,"column":4},"end":{"line":42,"column":5}},"locations":[{"start":{"line":39,"column":4},"end":{"line":42,"column":5}}]},"10":{"type":"branch","line":45,"loc":{"start":{"line":45,"column":4},"end":{"line":48,"column":5}},"locations":[{"start":{"line":45,"column":4},"end":{"line":48,"column":5}}]},"11":{"type":"branch","line":49,"loc":{"start":{"line":49,"column":4},"end":{"line":49,"column":41}},"locations":[{"start":{"line":49,"column":4},"end":{"line":49,"column":41}}]},"12":{"type":"branch","line":52,"loc":{"start":{"line":52,"column":4},"end":{"line":55,"column":5}},"locations":[{"start":{"line":52,"column":4},"end":{"line":55,"column":5}}]},"13":{"type":"branch","line":56,"loc":{"start":{"line":56,"column":4},"end":{"line":56,"column":44}},"locations":[{"start":{"line":56,"column":4},"end":{"line":56,"column":44}}]},"14":{"type":"branch","line":59,"loc":{"start":{"line":59,"column":4},"end":{"line":62,"column":5}},"locations":[{"start":{"line":59,"column":4},"end":{"line":62,"column":5}}]},"15":{"type":"branch","line":63,"loc":{"start":{"line":63,"column":4},"end":{"line":63,"column":43}},"locations":[{"start":{"line":63,"column":4},"end":{"line":63,"column":43}}]},"16":{"type":"branch","line":66,"loc":{"start":{"line":66,"column":4},"end":{"line":73,"column":5}},"locations":[{"start":{"line":66,"column":4},"end":{"line":73,"column":5}}]},"17":{"type":"branch","line":67,"loc":{"start":{"line":67,"column":28},"end":{"line":67,"column":34}},"locations":[{"start":{"line":67,"column":28},"end":{"line":67,"column":34}}]},"18":{"type":"branch","line":68,"loc":{"start":{"line":68,"column":32},"end":{"line":68,"column":42}},"locations":[{"start":{"line":68,"column":32},"end":{"line":68,"column":42}}]},"19":{"type":"branch","line":69,"loc":{"start":{"line":69,"column":30},"end":{"line":69,"column":38}},"locations":[{"start":{"line":69,"column":30},"end":{"line":69,"column":38}}]},"20":{"type":"branch","line":70,"loc":{"start":{"line":70,"column":29},"end":{"line":70,"column":36}},"locations":[{"start":{"line":70,"column":29},"end":{"line":70,"column":36}}]},"21":{"type":"branch","line":74,"loc":{"start":{"line":74,"column":4},"end":{"line":74,"column":47}},"locations":[{"start":{"line":74,"column":4},"end":{"line":74,"column":47}}]},"22":{"type":"branch","line":77,"loc":{"start":{"line":77,"column":4},"end":{"line":79,"column":5}},"locations":[{"start":{"line":77,"column":4},"end":{"line":79,"column":5}}]},"23":{"type":"branch","line":81,"loc":{"start":{"line":81,"column":4},"end":{"line":83,"column":5}},"locations":[{"start":{"line":81,"column":4},"end":{"line":83,"column":5}}]},"24":{"type":"branch","line":86,"loc":{"start":{"line":86,"column":4},"end":{"line":88,"column":5}},"locations":[{"start":{"line":86,"column":4},"end":{"line":88,"column":5}}]},"25":{"type":"branch","line":87,"loc":{"start":{"line":87,"column":48},"end":{"line":87,"column":58}},"locations":[{"start":{"line":87,"column":48},"end":{"line":87,"column":58}}]},"26":{"type":"branch","line":87,"loc":{"start":{"line":87,"column":59},"end":{"line":87,"column":63}},"locations":[{"start":{"line":87,"column":59},"end":{"line":87,"column":63}}]},"27":{"type":"branch","line":89,"loc":{"start":{"line":89,"column":4},"end":{"line":91,"column":5}},"locations":[{"start":{"line":89,"column":4},"end":{"line":91,"column":5}}]},"28":{"type":"branch","line":92,"loc":{"start":{"line":92,"column":4},"end":{"line":94,"column":5}},"locations":[{"start":{"line":92,"column":4},"end":{"line":94,"column":5}}]},"29":{"type":"branch","line":96,"loc":{"start":{"line":96,"column":4},"end":{"line":103,"column":5}},"locations":[{"start":{"line":96,"column":4},"end":{"line":103,"column":5}}]},"30":{"type":"branch","line":99,"loc":{"start":{"line":99,"column":41},"end":{"line":101,"column":9}},"locations":[{"start":{"line":99,"column":41},"end":{"line":101,"column":9}}]},"31":{"type":"branch","line":102,"loc":{"start":{"line":102,"column":20},"end":{"line":102,"column":40}},"locations":[{"start":{"line":102,"column":20},"end":{"line":102,"column":40}}]},"32":{"type":"branch","line":104,"loc":{"start":{"line":104,"column":4},"end":{"line":107,"column":5}},"locations":[{"start":{"line":104,"column":4},"end":{"line":107,"column":5}}]},"33":{"type":"branch","line":108,"loc":{"start":{"line":108,"column":4},"end":{"line":110,"column":5}},"locations":[{"start":{"line":108,"column":4},"end":{"line":110,"column":5}}]},"34":{"type":"branch","line":112,"loc":{"start":{"line":112,"column":4},"end":{"line":118,"column":5}},"locations":[{"start":{"line":112,"column":4},"end":{"line":118,"column":5}}]},"35":{"type":"branch","line":121,"loc":{"start":{"line":121,"column":24},"end":{"line":167,"column":1}},"locations":[{"start":{"line":121,"column":24},"end":{"line":167,"column":1}}]},"36":{"type":"branch","line":124,"loc":{"start":{"line":124,"column":4},"end":{"line":124,"column":41}},"locations":[{"start":{"line":124,"column":4},"end":{"line":124,"column":41}}]},"37":{"type":"branch","line":126,"loc":{"start":{"line":126,"column":4},"end":{"line":130,"column":5}},"locations":[{"start":{"line":126,"column":4},"end":{"line":130,"column":5}}]},"38":{"type":"branch","line":127,"loc":{"start":{"line":127,"column":40},"end":{"line":129,"column":9}},"locations":[{"start":{"line":127,"column":40},"end":{"line":129,"column":9}}]},"39":{"type":"branch","line":132,"loc":{"start":{"line":132,"column":4},"end":{"line":135,"column":5}},"locations":[{"start":{"line":132,"column":4},"end":{"line":135,"column":5}}]},"40":{"type":"branch","line":133,"loc":{"start":{"line":133,"column":31},"end":{"line":133,"column":56}},"locations":[{"start":{"line":133,"column":31},"end":{"line":133,"column":56}}]},"41":{"type":"branch","line":133,"loc":{"start":{"line":133,"column":55},"end":{"line":135,"column":4}},"locations":[{"start":{"line":133,"column":55},"end":{"line":135,"column":4}}]},"42":{"type":"branch","line":136,"loc":{"start":{"line":136,"column":4},"end":{"line":140,"column":5}},"locations":[{"start":{"line":136,"column":4},"end":{"line":140,"column":5}}]},"43":{"type":"branch","line":137,"loc":{"start":{"line":137,"column":44},"end":{"line":137,"column":56}},"locations":[{"start":{"line":137,"column":44},"end":{"line":137,"column":56}}]},"44":{"type":"branch","line":137,"loc":{"start":{"line":137,"column":55},"end":{"line":140,"column":4}},"locations":[{"start":{"line":137,"column":55},"end":{"line":140,"column":4
[...]
,"36":7,"38":6,"39":7,"40":10,"41":7,"42":7,"43":7,"44":7,"45":10,"47":6,"48":6},"branchMap":{"0":{"type":"branch","line":10,"loc":{"start":{"line":10,"column":23},"end":{"line":10,"column":88}},"locations":[{"start":{"line":10,"column":23},"end":{"line":10,"column":88}}]},"1":{"type":"branch","line":11,"loc":{"start":{"line":11,"column":27},"end":{"line":16,"column":2}},"locations":[{"start":{"line":11,"column":27},"end":{"line":16,"column":2}}]},"2":{"type":"branch","line":13,"loc":{"start":{"line":13,"column":50},"end":{"line":15,"column":5}},"locations":[{"start":{"line":13,"column":50},"end":{"line":15,"column":5}}]},"3":{"type":"branch","line":18,"loc":{"start":{"line":18,"column":26},"end":{"line":25,"column":2}},"locations":[{"start":{"line":18,"column":26},"end":{"line":25,"column":2}}]},"4":{"type":"branch","line":20,"loc":{"start":{"line":20,"column":17},"end":{"line":24,"column":5}},"locations":[{"start":{"line":20,"column":17},"end":{"line":24,"column":5}}]},"5":{"type":"branch","line":27,"loc":{"start":{"line":27,"column":22},"end":{"line":29,"column":2}},"locations":[{"start":{"line":27,"column":22},"end":{"line":29,"column":2}}]},"6":{"type":"branch","line":28,"loc":{"start":{"line":28,"column":13},"end":{"line":28,"column":31}},"locations":[{"start":{"line":28,"column":13},"end":{"line":28,"column":31}}]},"7":{"type":"branch","line":28,"loc":{"start":{"line":28,"column":40},"end":{"line":28,"column":48}},"locations":[{"start":{"line":28,"column":40},"end":{"line":28,"column":48}}]},"8":{"type":"branch","line":31,"loc":{"start":{"line":31,"column":33},"end":{"line":34,"column":2}},"locations":[{"start":{"line":31,"column":33},"end":{"line":34,"column":2}}]},"9":{"type":"branch","line":36,"loc":{"start":{"line":36,"column":28},"end":{"line":49,"column":2}},"locations":[{"start":{"line":36,"column":28},"end":{"line":49,"column":2}}]},"10":{"type":"branch","line":37,"loc":{"start":{"line":37,"column":13},"end":{"line":37,"column":25}},"locations":[{"start":{"line":37,"column":13},"end":{"line":37,"column":25}}]},"11":{"type":"branch","line":37,"loc":{"start":{"line":37,"column":27},"end":{"line":37,"column":39}},"locations":[{"start":{"line":37,"column":27},"end":{"line":37,"column":39}}]},"12":{"type":"branch","line":37,"loc":{"start":{"line":37,"column":38},"end":{"line":40,"column":45}},"locations":[{"start":{"line":37,"column":38},"end":{"line":40,"column":45}}]},"13":{"type":"branch","line":40,"loc":{"start":{"line":40,"column":45},"end":{"line":46,"column":5}},"locations":[{"start":{"line":40,"column":45},"end":{"line":46,"column":5}}]},"14":{"type":"branch","line":41,"loc":{"start":{"line":41,"column":42},"end":{"line":45,"column":9}},"locations":[{"start":{"line":41,"column":42},"end":{"line":45,"column":9}}]},"15":{"type":"branch","line":43,"loc":{"start":{"line":43,"column":28},"end":{"line":43,"column":45}},"locations":[{"start":{"line":43,"column":28},"end":{"line":43,"column":45}}]},"16":{"type":"branch","line":46,"loc":{"start":{"line":46,"column":4},"end":{"line":49,"column":2}},"locations":[{"start":{"line":46,"column":4},"end":{"line":49,"column":2}}]}},"b":{"0":[8],"1":[12],"2":[14],"3":[11],"4":[8],"5":[99],"6":[98],"7":[1],"8":[3],"9":[7],"10":[6],"11":[1],"12":[6],"13":[10],"14":[7],"15":[5],"16":[6]},"fnMap":{"0":{"name":"getName","decl":{"start":{"line":10,"column":23},"end":{"line":10,"column":88}},"loc":{"start":{"line":10,"column":23},"end":{"line":10,"column":88}},"line":10},"1":{"name":"getBindings","decl":{"start":{"line":11,"column":27},"end":{"line":16,"column":2}},"loc":{"start":{"line":11,"column":27},"end":{"line":16,"column":2}},"line":11},"2":{"name":"addBinding","decl":{"start":{"line":18,"column":26},"end":{"line":25,"column":2}},"loc":{"start":{"line":18,"column":26},"end":{"line":25,"column":2}},"line":18},"3":{"name":"isAttr","decl":{"start":{"line":27,"column":22},"end":{"line":29,"column":2}},"loc":{"start":{"line":27,"column":22},"end":{"line":29,"column":2}},"line":27},"4":{"name":"createPlaceholder","decl":{"start":{"line":31,"column":33},"end":{"line":34,"column":2}},"loc":{"start":{"line":31,"column":33},"end":{"line":34,"column":2}},"line":31},"5":{"name":"getDirective","decl":{"start":{"line":36,"column":28},"end":{"line":49,"column":2}},"loc":{"start":{"line":36,"column":28},"end":{"line":49,"column":2}},"line":36}},"f":{"0":8,"1":12,"2":11,"3":99,"4":3,"5":7}}
,"/home/sean/Documents/github/ensoJS/src/utils/css.js": {"path":"/home/sean/Documents/github/ensoJS/src/utils/css.js","all":false,"statementMap":{"1":{"start":{"line":2,"column":0},"end":{"line":2,"column":15}},"2":{"start":{"line":3,"column":0},"end":{"line":3,"column":60}},"4":{"start":{"line":5,"column":0},"end":{"line":5,"column":40}},"5":{"start":{"line":6,"column":0},"end":{"line":6,"column":38}},"6":{"start":{"line":7,"column":0},"end":{"line":7,"column":27}},"7":{"start":{"line":8,"column":0},"end":{"line":8,"column":17}},"8":{"start":{"line":9,"column":0},"end":{"line":9,"column":2}},"10":{"start":{"line":11,"column":0},"end":{"line":11,"column":51}},"11":{"start":{"line":12,"column":0},"end":{"line":12,"column":46}},"12":{"start":{"line":13,"column":0},"end":{"line":13,"column":24}},"14":{"start":{"line":15,"column":0},"end":{"line":15,"column":29}},"15":{"start":{"line":16,"column":0},"end":{"line":16,"column":48}},"16":{"start":{"line":17,"column":0},"end":{"line":17,"column":2}}},"s":{"1":1,"2":1,"4":1,"5":5,"6":5,"7":5,"8":5,"10":1,"11":2,"12":2,"14":2,"15":2,"16":2},"branchMap":{"0":{"type":"branch","line":5,"loc":{"start":{"line":5,"column":32},"end":{"line":9,"column":2}},"locations":[{"start":{"line":5,"column":32},"end":{"line":9,"column":2}}]},"1":{"type":"branch","line":11,"loc":{"start":{"line":11,"column":33},"end":{"line":17,"column":2}},"locations":[{"start":{"line":11,"column":33},"end":{"line":17,"column":2}}]},"2":{"type":"branch","line":12,"loc":{"start":{"line":12,"column":45},"end":{"line":13,"column":12}},"locations":[{"start":{"line":12,"column":45},"end":{"line":13,"column":12}}]},"3":{"type":"branch","line":13,"loc":{"start":{"line":13,"column":13},"end":{"line":13,"column":23}},"locations":[{"start":{"line":13,"column":13},"end":{"line":13,"column":23}}]}},"b":{"0":[5],"1":[2],"2":[1],"3":[1]},"fnMap":{"0":{"name":"createStyleSheet","decl":{"start":{"line":5,"column":32},"end":{"line":9,"column":2}},"loc":{"start":{"line":5,"column":32},"end":{"line":9,"column":2}},"line":5},"1":{"name":"attachStyleSheets","decl":{"start":{"line":11,"column":33},"end":{"line":17,"column":2}},"loc":{"start":{"line":11,"column":33},"end":{"line":17,"column":2}},"line":11}},"f":{"0":5,"1":2}}
,"/home/sean/Documents/github/ensoJS/src/utils/dom.js": {"path":"/home/sean/Documents/github/ensoJS/src/utils/dom.js","all":false,"statementMap":{"1":{"start":{"line":2,"column":0},"end":{"line":2,"column":3}},"2":{"start":{"line":3,"column":0},"end":{"line":3,"column":53}},"3":{"start":{"line":4,"column":0},"end":{"line":4,"column":3}},"4":{"start":{"line":5,"column":0},"end":{"line":5,"column":15}},"5":{"start":{"line":6,"column":0},"end":{"line":6,"column":60}},"7":{"start":{"line":8,"column":0},"end":{"line":8,"column":15}},"8":{"start":{"line":9,"column":0},"end":{"line":9,"column":38}},"9":{"start":{"line":10,"column":0},"end":{"line":10,"column":58}},"11":{"start":{"line":12,"column":0},"end":{"line":12,"column":39}},"13":{"start":{"line":14,"column":0},"end":{"line":14,"column":57}},"15":{"start":{"line":16,"column":0},"end":{"line":16,"column":56}},"16":{"start":{"line":17,"column":0},"end":{"line":17,"column":33}},"17":{"start":{"line":18,"column":0},"end":{"line":18,"column":64}},"18":{"start":{"line":19,"column":0},"end":{"line":19,"column":6}},"20":{"start":{"line":21,"column":0},"end":{"line":21,"column":20}},"22":{"start":{"line":23,"column":0},"end":{"line":23,"column":2}},"25":{"start":{"line":26,"column":0},"end":{"line":26,"column":18}},"26":{"start":{"line":27,"column":0},"end":{"line":27,"column":47}},"27":{"start":{"line":28,"column":0},"end":{"line":28,"column":58}},"29":{"start":{"line":30,"column":0},"end":{"line":30,"column":66}},"30":{"start":{"line":31,"column":0},"end":{"line":31,"column":76}},"31":{"start":{"line":32,"column":0},"end":{"line":32,"column":64}},"32":{"start":{"line":33,"column":0},"end":{"line":33,"column":2}}},"s":{"1":1,"2":1,"3":1,"4":1,"5":1,"7":1,"8":1,"9":1,"11":1,"13":9,"15":6,"16":6,"17":9,"18":9,"20":9,"22":9,"25":1,"26":1,"27":1,"29":1,"30":5,"31":5,"32":5},"branchMap":{"0":{"type":"branch","line":9,"loc":{"start":{"line":9,"column":30},"end":{"line":10,"column":57}},"locations":[{"start":{"line":9,"column":30},"end":{"line":10,"column":57}}]},"1":{"type":"branch","line":12,"loc":{"start":{"line":12,"column":30},"end":{"line":23,"column":2}},"locations":[{"start":{"line":12,"column":30},"end":{"line":23,"column":2}}]},"2":{"type":"branch","line":14,"loc":{"start":{"line":14,"column":45},"end":{"line":14,"column":57}},"locations":[{"start":{"line":14,"column":45},"end":{"line":14,"column":57}}]},"3":{"type":"branch","line":14,"loc":{"start":{"line":14,"column":56},"end":{"line":18,"column":35}},"locations":[{"start":{"line":14,"column":56},"end":{"line":18,"column":35}}]},"4":{"type":"branch","line":18,"loc":{"start":{"line":18,"column":35},"end":{"line":18,"column":57}},"locations":[{"start":{"line":18,"column":35},"end":{"line":18,"column":57}}]},"5":{"type":"branch","line":18,"loc":{"start":{"line":18,"column":58},"end":{"line":18,"column":64}},"locations":[{"start":{"line":18,"column":58},"end":{"line":18,"column":64}}]},"6":{"type":"branch","line":27,"loc":{"start":{"line":27,"column":29},"end":{"line":28,"column":57}},"locations":[{"start":{"line":27,"column":29},"end":{"line":28,"column":57}}]},"7":{"type":"branch","line":30,"loc":{"start":{"line":30,"column":28},"end":{"line":33,"column":2}},"locations":[{"start":{"line":30,"column":28},"end":{"line":33,"column":2}}]},"8":{"type":"branch","line":31,"loc":{"start":{"line":31,"column":52},"end":{"line":31,"column":68}},"locations":[{"start":{"line":31,"column":52},"end":{"line":31,"column":68}}]},"9":{"type":"branch","line":31,"loc":{"start":{"line":31,"column":69},"end":{"line":31,"column":75}},"locations":[{"start":{"line":31,"column":69},"end":{"line":31,"column":75}}]}},"b":{"0":[4],"1":[9],"2":[3],"3":[6],"4":[3],"5":[3],"6":[7],"7":[5],"8":[1],"9":[4]},"fnMap":{"0":{"name":"createFragment","decl":{"start":{"line":9,"column":30},"end":{"line":10,"column":57}},"loc":{"start":{"line":9,"column":30},"end":{"line":10,"column":57}},"line":9},"1":{"name":"createTemplate","decl":{"start":{"line":12,"column":30},"end":{"line":23,"column":2}},"loc":{"start":{"line":12,"column":30},"end":{"line":23,"column":2}},"line":12},"2":{"name":"getChildIndex","decl":{"start":{"line":27,"column":29},"end":{"line":28,"column":57}},"loc":{"start":{"line":27,"column":29},"end":{"line":28,"column":57}},"line":27},"3":{"name":"createWalker","decl":{"start":{"line":30,"column":28},"end":{"line":33,"column":2}},"loc":{"start":{"line":30,"column":28},"end":{"line":33,"column":2}},"line":30}},"f":{"0":4,"1":9,"2":7,"3":5}}
,"/home/sean/Documents/github/ensoJS/src/utils/helpers.js": {"path":"/home/sean/Documents/github/ensoJS/src/utils/helpers.js","all":false,"statementMap":{"1":{"start":{"line":2,"column":0},"end":{"line":2,"column":3}},"2":{"start":{"line":3,"column":0},"end":{"line":3,"column":71}},"3":{"start":{"line":4,"column":0},"end":{"line":4,"column":3}},"4":{"start":{"line":5,"column":0},"end":{"line":5,"column":15}},"5":{"start":{"line":6,"column":0},"end":{"line":6,"column":60}},"7":{"start":{"line":8,"column":0},"end":{"line":8,"column":40}},"8":{"start":{"line":9,"column":0},"end":{"line":9,"column":28}},"9":{"start":{"line":10,"column":0},"end":{"line":10,"column":53}},"10":{"start":{"line":11,"column":0},"end":{"line":11,"column":22}},"11":{"start":{"line":12,"column":0},"end":{"line":12,"column":2}},"13":{"start":{"line":14,"column":0},"end":{"line":14,"column":3}},"14":{"start":{"line":15,"column":0},"end":{"line":15,"column":73}},"15":{"start":{"line":16,"column":0},"end":{"line":16,"column":24}},"16":{"start":{"line":17,"column":0},"end":{"line":17,"column":77}},"17":{"start":{"line":18,"column":0},"end":{"line":18,"column":33}},"18":{"start":{"line":19,"column":0},"end":{"line":19,"column":3}},"19":{"start":{"line":20,"column":0},"end":{"line":20,"column":42}},"20":{"start":{"line":21,"column":0},"end":{"line":21,"column":36}},"21":{"start":{"line":22,"column":0},"end":{"line":22,"column":2}},"23":{"start":{"line":24,"column":0},"end":{"line":24,"column":3}},"24":{"start":{"line":25,"column":0},"end":{"line":25,"column":45}},"25":{"start":{"line":26,"column":0},"end":{"line":26,"column":39}},"26":{"start":{"line":27,"column":0},"end":{"line":27,"column":45}},"27":{"start":{"line":28,"column":0},"end":{"line":28,"column":3}},"28":{"start":{"line":29,"column":0},"end":{"line":29,"column":30}},"29":{"start":{"line":30,"column":0},"end":{"line":30,"column":46}},"31":{"start":{"line":32,"column":0},"end":{"line":32,"column":31}},"33":{"start":{"line":34,"column":0},"end":{"line":34,"column":20}},"34":{"start":{"line":35,"column":0},"end":{"line":35,"column":48}},"35":{"start":{"line":36,"column":0},"end":{"line":36,"column":80}},"36":{"start":{"line":37,"column":0},"end":{"line":37,"column":71}},"37":{"start":{"line":38,"column":0},"end":{"line":38,"column":9}},"38":{"start":{"line":39,"column":0},"end":{"line":39,"column":41}},"40":{"start":{"line":41,"column":0},"end":{"line":41,"column":15}},"41":{"start":{"line":42,"column":0},"end":{"line":42,"column":2}}},"s":{"1":1,"2":1,"3":1,"4":1,"5":1,"7":1,"8":1,"9":11,"10":11,"11":11,"13":1,"14":1,"15":1,"16":1,"17":1,"18":1,"19":1,"20":3,"21":3,"23":1,"24":1,"25":1,"26":1,"27":1,"28":1,"29":7,"31":11,"33":11,"34":9,"35":9,"36":9,"37":9,"38":2,"40":7,"41":7},"branchMap":{"0":{"type":"branch","line":9,"loc":{"start":{"line":9,"column":20},"end":{"line":12,"column":2}},"locations":[{"start":{"line":9,"column":20},"end":{"line":12,"column":2}}]},"1":{"type":"branch","line":10,"loc":{"start":{"line":10,"column":32},"end":{"line":10,"column":52}},"locations":[{"start":{"line":10,"column":32},"end":{"line":10,"column":52}}]},"2":{"type":"branch","line":20,"loc":{"start":{"line":20,"column":25},"end":{"line":22,"column":2}},"locations":[{"start":{"line":20,"column":25},"end":{"line":22,"column":2}}]},"3":{"type":"branch","line":21,"loc":{"start":{"line":21,"column":19},"end":{"line":21,"column":25}},"locations":[{"start":{"line":21,"column":19},"end":{"line":21,"column":25}}]},"4":{"type":"branch","line":29,"loc":{"start":{"line":29,"column":22},"end":{"line":42,"column":2}},"locations":[{"start":{"line":29,"column":22},"end":{"line":42,"column":2}}]},"5":{"type":"branch","line":30,"loc":{"start":{"line":30,"column":28},"end":{"line":41,"column":5}},"locations":[{"start":{"line":30,"column":28},"end":{"line":41,"column":5}}]},"6":{"type":"branch","line":34,"loc":{"start":{"line":34,"column":19},"end":{"line":38,"column":9}},"locations":[{"start":{"line":34,"column":19},"end":{"line":38,"column":9}}]},"7":{"type":"branch","line":35,"loc":{"start":{"line":35,"column":47},"end":{"line":36,"column":45}},"locations":[{"start":{"line":35,"column":47},"end":{"line":36,"column":45}}]},"8":{"type":"branch","line":36,"loc":{"start":{"line":36,"column":46},"end":{"line":37,"column":34}},"locations":[{"start":{"line":36,"column":46},"end":{"line":37,"column":34}}]},"9":{"type":"branch","line":38,"loc":{"start":{"line":38,"column":8},"end":{"line":41,"column":4}},"locations":[{"start":{"line":38,"column":8},"end":{"line":41,"column":4}}]}},"b":{"0":[11],"1":[3],"2":[3],"3":[11],"4":[7],"5":[11],"6":[9],"7":[3],"8":[6],"9":[2]},"fnMap":{"0":{"name":"camelToDash","decl":{"start":{"line":9,"column":20},"end":{"line":12,"column":2}},"loc":{"start":{"line":9,"column":20},"end":{"line":12,"column":2}},"line":9},"1":{"name":"classList","decl":{"start":{"line":20,"column":25},"end":{"line":22,"column":2}},"loc":{"start":{"line":20,"column":25},"end":{"line":22,"column":2}},"line":20},"2":{"name":"cssObj","decl":{"start":{"line":29,"column":22},"end":{"line":42,"column":2}},"loc":{"start":{"line":29,"column":22},"end":{"line":42,"column":2}},"line":29}},"f":{"0":11,"1":3,"2":7}}
,"/home/sean/Documents/github/ensoJS/src/utils/uuid.js": {"path":"/home/sean/Documents/github/ensoJS/src/utils/uuid.js","all":false,"statementMap":{"0":{"start":{"line":1,"column":0},"end":{"line":1,"column":3}},"1":{"start":{"line":2,"column":0},"end":{"line":2,"column":60}},"2":{"start":{"line":3,"column":0},"end":{"line":3,"column":3}},"3":{"start":{"line":4,"column":0},"end":{"line":4,"column":62}},"4":{"start":{"line":5,"column":0},"end":{"line":5,"column":3}},"5":{"start":{"line":6,"column":0},"end":{"line":6,"column":15}},"6":{"start":{"line":7,"column":0},"end":{"line":7,"column":60}},"8":{"start":{"line":9,"column":0},"end":{"line":9,"column":84}},"10":{"start":{"line":11,"column":0},"end":{"line":11,"column":3}},"11":{"start":{"line":12,"column":0},"end":{"line":12,"column":57}},"12":{"start":{"line":13,"column":0},"end":{"line":13,"column":70}},"13":{"start":{"line":14,"column":0},"end":{"line":14,"column":41}},"14":{"start":{"line":15,"column":0},"end":{"line":15,"column":3}},"15":{"start":{"line":16,"column":0},"end":{"line":16,"column":37}},"16":{"start":{"line":17,"column":0},"end":{"line":17,"column":53}},"17":{"start":{"line":18,"column":0},"end":{"line":18,"column":31}},"18":{"start":{"line":19,"column":0},"end":{"line":19,"column":63}},"19":{"start":{"line":20,"column":0},"end":{"line":20,"column":14}},"20":{"start":{"line":21,"column":0},"end":{"line":21,"column":2}},"22":{"start":{"line":23,"column":0},"end":{"line":23,"column":3}},"23":{"start":{"line":24,"column":0},"end":{"line":24,"column":73}},"24":{"start":{"line":25,"column":0},"end":{"line":25,"column":78}},"25":{"start":{"line":26,"column":0},"end":{"line":26,"column":38}},"26":{"start":{"line":27,"column":0},"end":{"line":27,"column":47}},"27":{"start":{"line":28,"column":0},"end":{"line":28,"column":75}},"28":{"start":{"line":29,"column":0},"end":{"line":29,"column":85}},"29":{"start":{"line":30,"column":0},"end":{"line":30,"column":3}},"30":{"start":{"line":31,"column":0},"end":{"line":31,"column":58}},"31":{"start":{"line":32,"column":0},"end":{"line":32,"column":30}},"32":{"start":{"line":33,"column":0},"end":{"line":33,"column":20}},"33":{"start":{"line":34,"column":0},"end":{"line":34,"column":50}},"34":{"start":{"line":35,"column":0},"end":{"line":35,"column":2}}},"s":{"0":1,"1":1,"2":1,"3":1,"4":1,"5":1,"6":1,"8":1,"10":1,"11":1,"12":1,"13":1,"14":1,"15":1,"16":28,"17":28,"18":28,"19":28,"20":28,"22":1,"23":1,"24":1,"25":1,"26":1,"27":1,"28":1,"29":1,"30":1,"31":5,"32":5,"33":5,"34":5},"branchMap":{"0":{"type":"branch","line":16,"loc":{"start":{"line":16,"column":20},"end":{"line":21,"column":2}},"locations":[{"start":{"line":16,"column":20},"end":{"line":21,"column":2}}]},"1":{"type":"branch","line":19,"loc":{"start":{"line":19,"column":16},"end":{"line":19,"column":63}},"locations":[{"start":{"line":19,"column":16},"end":{"line":19,"column":63}}]},"2":{"type":"branch","line":31,"loc":{"start":{"line":31,"column":24},"end":{"line":35,"column":2}},"locations":[{"start":{"line":31,"column":24},"end":{"line":35,"column":2}}]},"3":{"type":"branch","line":34,"loc":{"start":{"line":34,"column":11},"end":{"line":34,"column":49}},"locations":[{"start":{"line":34,"column":11},"end":{"line":34,"column":49}}]}},"b":{"0":[28],"1":[153],"2":[5],"3":[5]},"fnMap":{"0":{"name":"uuid","decl":{"start":{"line":16,"column":20},"end":{"line":21,"column":2}},"loc":{"start":{"line":16,"column":20},"end":{"line":21,"column":2}},"line":16},"1":{"name":"scopedId","decl":{"start":{"line":31,"column":24},"end":{"line":35,"column":2}},"loc":{"start":{"line":31,"column":24},"end":{"line":35,"column":2}},"line":31}},"f":{"0":28,"1":5}}
}
